{"level":"done","message":"test passes","timestamp":"2022-03-10T05:13:20.127Z"}
{"level":"done","message":"test passes","timestamp":"2022-03-10T05:13:56.310Z"}
{"level":"done","message":"test passes","timestamp":"2022-03-10T05:14:50.707Z"}
{"level":"done","message":"test passes","timestamp":"2022-03-10T05:15:27.025Z"}
{"level":"done","message":"test passes","timestamp":"2022-03-10T05:15:34.521Z"}
{"level":"done","message":"test passes","timestamp":"2022-03-10T05:16:24.126Z"}
{"level":"done","message":"test passes","timestamp":"2022-03-10T05:16:35.110Z"}
{"level":"done","message":"test passes","timestamp":"2022-03-10T05:17:02.396Z"}
{"level":"done","message":"test passes","timestamp":"2022-03-10T05:19:42.853Z"}
{"level":"done","message":"test passes","timestamp":"2022-03-10T05:20:19.302Z"}
{"level":"done","message":"test passes","timestamp":"2022-03-10T05:21:01.514Z"}
{"level":"done","message":"test passes","timestamp":"2022-03-10T05:22:53.493Z"}
{"level":"done","message":"test passes","timestamp":"2022-03-10T05:23:23.305Z"}
{"level":"done","message":"test passes","timestamp":"2022-03-10T05:23:58.307Z"}
{"level":"done","message":"test passes","timestamp":"2022-03-10T05:24:07.854Z"}
{"level":"done","message":"test passes","timestamp":"2022-03-10T05:24:29.193Z"}
{"level":"done","message":true,"timestamp":"2022-03-10T05:24:29.213Z"}
{"level":"done","message":true,"timestamp":"2022-03-10T05:24:29.215Z"}
{"level":"done","message":"test passes","timestamp":"2022-03-10T05:27:36.539Z"}
{"level":"done","message":"get all and get one passes","timestamp":"2022-03-10T05:27:36.549Z"}
{"level":"done","message":"get all and get one passes","timestamp":"2022-03-10T05:27:36.554Z"}
{"level":"done","message":"test passes","timestamp":"2022-03-10T05:29:07.700Z"}
{"level":"done","message":"get all and get one passes","timestamp":"2022-03-10T05:29:07.717Z"}
{"level":"done","message":"get all and get one passes","timestamp":"2022-03-10T05:29:07.723Z"}
{"level":"done","message":"get all and get one passes","timestamp":"2022-03-10T05:30:58.813Z"}
{"level":"done","message":"test passes","timestamp":"2022-03-10T05:30:58.816Z"}
{"level":"done","message":"get all and get one passes","timestamp":"2022-03-10T05:30:58.842Z"}
{"level":"done","message":"test passes","timestamp":"2022-03-10T05:31:34.096Z"}
{"level":"done","message":"get all and get one passes","timestamp":"2022-03-10T05:31:34.109Z"}
{"level":"done","message":"get all and get one passes","timestamp":"2022-03-10T05:31:34.115Z"}
{"level":"done","message":"test passes","timestamp":"2022-03-10T05:31:49.252Z"}
{"level":"done","message":"get all and get one passes","timestamp":"2022-03-10T05:31:49.262Z"}
{"level":"done","message":"get all and get one passes","timestamp":"2022-03-10T05:31:49.267Z"}
{"level":"done","message":"test passes","timestamp":"2022-03-10T05:33:21.261Z"}
{"level":"done","message":"get all and get one passes","timestamp":"2022-03-10T05:33:21.291Z"}
{"level":"done","message":"get all and get one passes","timestamp":"2022-03-10T05:33:21.296Z"}
{"level":"done","message":"test passes","timestamp":"2022-03-10T05:33:42.747Z"}
{"level":"done","message":"get all and get one passes","timestamp":"2022-03-10T05:33:42.759Z"}
{"level":"done","message":"get all and get one passes","timestamp":"2022-03-10T05:33:42.764Z"}
{"level":"done","message":"test passes","timestamp":"2022-03-10T05:34:01.807Z"}
{"level":"done","message":"get all and get one passes","timestamp":"2022-03-10T05:34:01.841Z"}
{"level":"done","message":"test passes","timestamp":"2022-03-10T05:34:32.499Z"}
{"level":"done","message":"get all and get one passes","timestamp":"2022-03-10T05:34:32.511Z"}
{"level":"done","message":"get all and get one passes","timestamp":"2022-03-10T05:34:32.518Z"}
{"level":"done","message":"test passes","timestamp":"2022-03-10T05:34:57.407Z"}
{"level":"done","message":"get all and get one passes","timestamp":"2022-03-10T05:34:57.418Z"}
{"level":"done","message":"get all and get one passes","timestamp":"2022-03-10T05:34:57.424Z"}
{"level":"done","message":"test passes","timestamp":"2022-03-10T05:35:29.460Z"}
{"level":"done","message":"get all and get one passes","timestamp":"2022-03-10T05:35:29.468Z"}
{"level":"done","message":"get all and get one passes","timestamp":"2022-03-10T05:35:29.474Z"}
{"level":"done","message":"test passes","timestamp":"2022-03-10T05:35:59.853Z"}
{"level":"done","message":"get all and get one passes","timestamp":"2022-03-10T05:35:59.866Z"}
{"level":"done","message":"get all and get one passes","timestamp":"2022-03-10T05:35:59.872Z"}
{"level":"done","message":"delete works","timestamp":"2022-03-10T05:35:59.885Z"}
{"level":"done","message":"test passes","timestamp":"2022-03-10T05:41:50.332Z"}
{"level":"done","message":"TEST: get one and get all","timestamp":"2022-03-10T05:41:50.342Z"}
{"level":"done","message":"TEST: delete passes","timestamp":"2022-03-10T05:41:50.349Z"}
{"level":"done","message":"test clean post object","timestamp":"2022-03-10T05:42:45.735Z"}
{"level":"done","message":"TEST: get one and get all","timestamp":"2022-03-10T05:42:45.782Z"}
{"level":"done","message":"test passes","timestamp":"2022-03-10T05:42:45.783Z"}
{"level":"done","message":"TEST: delete passes","timestamp":"2022-03-10T05:42:45.806Z"}
{"level":"done","message":"test clean post object","timestamp":"2022-03-10T05:43:05.089Z"}
{"level":"done","message":"test passes","timestamp":"2022-03-10T05:43:05.127Z"}
{"level":"done","message":"TEST: get one and get all","timestamp":"2022-03-10T05:43:05.146Z"}
{"level":"done","message":"TEST: delete passes","timestamp":"2022-03-10T05:43:05.155Z"}
{"level":"done","message":"test clean post object","timestamp":"2022-03-10T05:45:37.061Z"}
{"level":"done","message":"test passes","timestamp":"2022-03-10T05:45:37.108Z"}
{"level":"done","message":"TEST: get one and get all","timestamp":"2022-03-10T05:45:37.114Z"}
{"level":"done","message":"TEST: delete passes","timestamp":"2022-03-10T05:45:37.120Z"}
{"level":"done","message":"test clean post object","timestamp":"2022-03-10T05:48:21.798Z"}
{"level":"done","message":"test passes","timestamp":"2022-03-10T05:48:21.853Z"}
{"level":"done","message":"TEST: get one and get all","timestamp":"2022-03-10T05:48:21.860Z"}
{"level":"done","message":"TEST: delete passes","timestamp":"2022-03-10T05:48:21.866Z"}
{"level":"done","message":"test clean post object","timestamp":"2022-03-10T05:49:20.032Z"}
{"level":"done","message":"test passes","timestamp":"2022-03-10T05:49:20.070Z"}
{"level":"done","message":"TEST: get one and get all","timestamp":"2022-03-10T05:49:20.095Z"}
{"level":"done","message":"TEST: delete passes","timestamp":"2022-03-10T05:49:20.108Z"}
{"level":"done","message":"test clean post object","timestamp":"2022-03-10T05:49:40.852Z"}
{"level":"done","message":"test passes","timestamp":"2022-03-10T05:49:40.903Z"}
{"level":"done","message":"TEST: get one and get all","timestamp":"2022-03-10T05:49:40.911Z"}
{"level":"done","message":"TEST: delete passes","timestamp":"2022-03-10T05:49:40.940Z"}
{"level":"done","message":"test clean post object","timestamp":"2022-03-10T05:49:46.010Z"}
{"level":"done","message":"test passes","timestamp":"2022-03-10T05:49:46.055Z"}
{"level":"done","message":"TEST: get one and get all","timestamp":"2022-03-10T05:49:46.061Z"}
{"level":"done","message":"TEST: delete passes","timestamp":"2022-03-10T05:49:46.067Z"}
