{"level":"done","message":"test passes","timestamp":"2022-03-10T05:13:20.127Z"}
{"level":"is","message":false,"timestamp":"2022-03-10T05:13:20.152Z"}
{"level":"is","message":false,"timestamp":"2022-03-10T05:13:20.153Z"}
{"level":"done","message":"test passes","timestamp":"2022-03-10T05:13:56.310Z"}
{"level":"is","message":false,"timestamp":"2022-03-10T05:13:56.346Z"}
{"level":"is","message":false,"timestamp":"2022-03-10T05:13:56.347Z"}
{"level":"done","message":"test passes","timestamp":"2022-03-10T05:14:50.707Z"}
{"level":"is","message":false,"timestamp":"2022-03-10T05:14:50.744Z"}
{"level":"is","message":false,"timestamp":"2022-03-10T05:14:50.745Z"}
{"level":"done","message":"test passes","timestamp":"2022-03-10T05:15:27.025Z"}
{"level":"is","message":false,"timestamp":"2022-03-10T05:15:27.054Z"}
{"level":"is","message":false,"timestamp":"2022-03-10T05:15:27.056Z"}
{"level":"done","message":"test passes","timestamp":"2022-03-10T05:15:34.521Z"}
{"level":"is","message":false,"timestamp":"2022-03-10T05:15:34.551Z"}
{"level":"is","message":false,"timestamp":"2022-03-10T05:15:34.553Z"}
{"level":"done","message":"test passes","timestamp":"2022-03-10T05:16:24.126Z"}
{"level":"done","message":"test passes","timestamp":"2022-03-10T05:16:35.110Z"}
{"level":"is","message":false,"timestamp":"2022-03-10T05:16:35.146Z"}
{"level":"is","message":false,"timestamp":"2022-03-10T05:16:35.149Z"}
{"level":"done","message":"test passes","timestamp":"2022-03-10T05:17:02.396Z"}
{"level":"is","message":false,"timestamp":"2022-03-10T05:17:02.418Z"}
{"level":"is","message":false,"timestamp":"2022-03-10T05:17:02.420Z"}
{"level":"done","message":"test passes","timestamp":"2022-03-10T05:19:42.853Z"}
{"level":"is","message":false,"timestamp":"2022-03-10T05:19:42.891Z"}
{"level":"is","message":false,"timestamp":"2022-03-10T05:19:42.894Z"}
{"level":"done","message":"test passes","timestamp":"2022-03-10T05:20:19.302Z"}
{"level":"is","message":false,"timestamp":"2022-03-10T05:20:19.343Z"}
{"level":"is","message":false,"timestamp":"2022-03-10T05:20:19.344Z"}
{"level":"done","message":"test passes","timestamp":"2022-03-10T05:21:01.514Z"}
{"level":"is","message":false,"timestamp":"2022-03-10T05:21:01.551Z"}
{"level":"is","message":false,"timestamp":"2022-03-10T05:21:01.552Z"}
{"level":"done","message":"test passes","timestamp":"2022-03-10T05:22:53.493Z"}
{"level":"done","message":"test passes","timestamp":"2022-03-10T05:23:23.305Z"}
{"level":"done","message":"test passes","timestamp":"2022-03-10T05:23:58.307Z"}
{"level":"is","timestamp":"2022-03-10T05:23:58.344Z"}
{"level":"done","message":"test passes","timestamp":"2022-03-10T05:24:07.854Z"}
{"level":"done","message":"test passes","timestamp":"2022-03-10T05:24:29.193Z"}
{"level":"done","message":true,"timestamp":"2022-03-10T05:24:29.213Z"}
{"level":"done","message":true,"timestamp":"2022-03-10T05:24:29.215Z"}
{"level":"done","message":"test passes","timestamp":"2022-03-10T05:27:36.539Z"}
{"level":"done","message":"get all and get one passes","timestamp":"2022-03-10T05:27:36.549Z"}
{"level":"done","message":"get all and get one passes","timestamp":"2022-03-10T05:27:36.554Z"}
{"level":"done","message":"test passes","timestamp":"2022-03-10T05:29:07.700Z"}
{"level":"done","message":"get all and get one passes","timestamp":"2022-03-10T05:29:07.717Z"}
{"level":"done","message":"get all and get one passes","timestamp":"2022-03-10T05:29:07.723Z"}
{"level":"done","message":"get all and get one passes","timestamp":"2022-03-10T05:30:58.813Z"}
{"level":"done","message":"test passes","timestamp":"2022-03-10T05:30:58.816Z"}
{"level":"done","message":"get all and get one passes","timestamp":"2022-03-10T05:30:58.842Z"}
{"level":"done","message":"test passes","timestamp":"2022-03-10T05:31:34.096Z"}
{"level":"done","message":"get all and get one passes","timestamp":"2022-03-10T05:31:34.109Z"}
{"level":"done","message":"get all and get one passes","timestamp":"2022-03-10T05:31:34.115Z"}
{"level":"done","message":"test passes","timestamp":"2022-03-10T05:31:49.252Z"}
{"level":"done","message":"get all and get one passes","timestamp":"2022-03-10T05:31:49.262Z"}
{"level":"done","message":"get all and get one passes","timestamp":"2022-03-10T05:31:49.267Z"}
{"level":"done","message":"test passes","timestamp":"2022-03-10T05:33:21.261Z"}
{"level":"done","message":"get all and get one passes","timestamp":"2022-03-10T05:33:21.291Z"}
{"level":"done","message":"get all and get one passes","timestamp":"2022-03-10T05:33:21.296Z"}
{"level":"done","message":"test passes","timestamp":"2022-03-10T05:33:42.747Z"}
{"level":"done","message":"get all and get one passes","timestamp":"2022-03-10T05:33:42.759Z"}
{"level":"done","message":"get all and get one passes","timestamp":"2022-03-10T05:33:42.764Z"}
{"level":"done","message":"test passes","timestamp":"2022-03-10T05:34:01.807Z"}
{"level":"done","message":"get all and get one passes","timestamp":"2022-03-10T05:34:01.841Z"}
{"level":"done","message":"test passes","timestamp":"2022-03-10T05:34:32.499Z"}
{"level":"done","message":"get all and get one passes","timestamp":"2022-03-10T05:34:32.511Z"}
{"level":"done","message":"get all and get one passes","timestamp":"2022-03-10T05:34:32.518Z"}
{"level":"done","message":"test passes","timestamp":"2022-03-10T05:34:57.407Z"}
{"level":"done","message":"get all and get one passes","timestamp":"2022-03-10T05:34:57.418Z"}
{"level":"done","message":"get all and get one passes","timestamp":"2022-03-10T05:34:57.424Z"}
{"level":"done","message":"test passes","timestamp":"2022-03-10T05:35:29.460Z"}
{"level":"done","message":"get all and get one passes","timestamp":"2022-03-10T05:35:29.468Z"}
{"level":"done","message":"get all and get one passes","timestamp":"2022-03-10T05:35:29.474Z"}
{"level":"done","message":"test passes","timestamp":"2022-03-10T05:35:59.853Z"}
{"level":"done","message":"get all and get one passes","timestamp":"2022-03-10T05:35:59.866Z"}
{"level":"done","message":"get all and get one passes","timestamp":"2022-03-10T05:35:59.872Z"}
{"level":"done","message":"delete works","timestamp":"2022-03-10T05:35:59.885Z"}
{"level":"done","message":"test passes","timestamp":"2022-03-10T05:41:50.332Z"}
{"level":"done","message":"TEST: get one and get all","timestamp":"2022-03-10T05:41:50.342Z"}
{"level":"done","message":"TEST: delete passes","timestamp":"2022-03-10T05:41:50.349Z"}
{"level":"is","message":{"importance":1,"status":"to do"},"timestamp":"2022-03-10T05:41:50.541Z"}
{"level":"is","message":{"seconds":20,"status":"doing"},"timestamp":"2022-03-10T05:41:50.543Z"}
{"level":"is","message":{"difficulty":3,"importance":1,"status":"to do"},"timestamp":"2022-03-10T05:41:50.545Z"}
{"level":"is","message":{"difficulty":3,"edit":"2020-12-21T16:00:00.000Z","end":"2020-12-21T16:00:00.000Z","importance":1,"public":true,"seconds":0,"start":"2022-03-10T05:41:50.259Z","status":"to do","user_id":4},"timestamp":"2022-03-10T05:41:50.549Z"}
{"level":"is","message":{"importance":2,"user_id":1},"timestamp":"2022-03-10T05:41:50.551Z"}
{"level":"is","message":{},"timestamp":"2022-03-10T05:41:50.552Z"}
{"level":"is","message":{"difficulty":3,"edit":"2020-12-21T16:00:00.000Z","end":"2020-12-21T16:00:00.000Z","importance":1,"public":true,"seconds":0,"start":"2022-03-10T05:41:50.259Z","status":"to do","user_id":4},"timestamp":"2022-03-10T05:41:50.554Z"}
{"level":"is","message":{"importance":2,"seconds":20,"user_id":1},"timestamp":"2022-03-10T05:41:50.555Z"}
{"level":"is","message":{"importance":2,"seconds":20,"user_id":1},"timestamp":"2022-03-10T05:41:50.557Z"}
{"level":"is","message":{"edit":"2022-03-10T05:41:50.259Z","end":"2022-12-11T16:00:00.000Z","seconds":3,"start":"2022-03-10T05:41:50.259Z"},"timestamp":"2022-03-10T05:41:50.558Z"}
{"level":"is","message":{"edit":"1994-12-11T16:00:00.000Z","end":"2022-12-10T16:00:00.000Z","start":"1994-12-10T16:00:00.000Z"},"timestamp":"2022-03-10T05:41:50.564Z"}
{"level":"is","message":{"difficulty":3,"importance":3,"public":true,"seconds":9,"start":"2021-12-07T16:00:00.000Z","status":"to do","user_id":4},"timestamp":"2022-03-10T05:41:50.566Z"}
{"level":"is","message":{"name":"hello","user_id":4},"timestamp":"2022-03-10T05:41:50.567Z"}
{"level":"is","message":{"difficulty":3,"importance":1,"public":true,"status":"to do"},"timestamp":"2022-03-10T05:41:50.569Z"}
{"level":"is","message":{},"timestamp":"2022-03-10T05:41:50.570Z"}
{"level":"is","message":{},"timestamp":"2022-03-10T05:41:50.571Z"}
{"level":"is","message":{"name":"hi"},"timestamp":"2022-03-10T05:41:50.579Z"}
{"level":"is","message":{"name":"hello","user_id":4},"timestamp":"2022-03-10T05:41:50.582Z"}
{"level":"is","message":{},"timestamp":"2022-03-10T05:41:50.585Z"}
{"level":"is","message":{},"timestamp":"2022-03-10T05:41:50.587Z"}
{"level":"is","message":{"hourglass_id":31,"user_id":1},"timestamp":"2022-03-10T05:41:50.588Z"}
{"level":"is","message":{"hourglass_id":31,"user_id":1},"timestamp":"2022-03-10T05:41:50.589Z"}
{"level":"is","message":{"hourglass_id":31,"user_id":1},"timestamp":"2022-03-10T05:41:50.590Z"}
{"level":"is","message":{"hourglass_id":10,"name":"hi","problem_id":2,"user_id":4},"timestamp":"2022-03-10T05:41:50.591Z"}
{"level":"is","message":{"difficulty":3,"importance":1,"status":"to do"},"timestamp":"2022-03-10T05:41:50.592Z"}
{"level":"is","message":{"difficulty":3,"importance":1,"public":true,"status":"to do"},"timestamp":"2022-03-10T05:41:50.593Z"}
{"level":"is","message":{"edit":"2022-03-10T05:41:50.259Z","end":"2022-12-11T16:00:00.000Z","seconds":3,"start":"2022-03-10T05:41:50.259Z"},"timestamp":"2022-03-10T05:41:50.594Z"}
{"level":"is","message":{"importance":1,"status":"to do"},"timestamp":"2022-03-10T05:41:50.595Z"}
{"level":"is","message":{"difficulty":3,"edit":"2020-12-21T16:00:00.000Z","end":"2020-12-21T16:00:00.000Z","importance":1,"public":true,"seconds":0,"start":"2022-03-10T05:41:50.259Z","status":"to do","user_id":4},"timestamp":"2022-03-10T05:41:50.596Z"}
{"level":"is","message":{"importance":2,"seconds":20,"user_id":1},"timestamp":"2022-03-10T05:41:50.598Z"}
{"level":"is","message":{"seconds":20,"status":"doing"},"timestamp":"2022-03-10T05:41:50.599Z"}
{"level":"is","message":{"difficulty":3,"importance":3,"public":true,"seconds":9,"start":"2021-12-07T16:00:00.000Z","status":"to do","user_id":4},"timestamp":"2022-03-10T05:41:50.601Z"}
{"level":"is","message":{"difficulty":3,"edit":"2020-12-21T16:00:00.000Z","end":"2020-12-21T16:00:00.000Z","importance":1,"public":true,"seconds":0,"start":"2022-03-10T05:41:50.259Z","status":"to do","user_id":4},"timestamp":"2022-03-10T05:41:50.603Z"}
{"level":"is","message":{},"timestamp":"2022-03-10T05:41:50.604Z"}
{"level":"is","message":{"edit":"1994-12-11T16:00:00.000Z","end":"2022-12-10T16:00:00.000Z","start":"1994-12-10T16:00:00.000Z"},"timestamp":"2022-03-10T05:41:50.606Z"}
{"level":"is","message":{},"timestamp":"2022-03-10T05:41:50.607Z"}
{"level":"is","message":{},"timestamp":"2022-03-10T05:41:50.608Z"}
{"level":"is","message":{"importance":2,"seconds":20,"user_id":1},"timestamp":"2022-03-10T05:41:50.609Z"}
{"level":"is","message":{"importance":2,"user_id":1},"timestamp":"2022-03-10T05:41:50.610Z"}
{"level":"is","message":{"name":"hi"},"timestamp":"2022-03-10T05:41:50.611Z"}
{"level":"is","message":{"name":"hello","user_id":4},"timestamp":"2022-03-10T05:41:50.612Z"}
{"level":"is","message":{"name":"hello","user_id":4},"timestamp":"2022-03-10T05:41:50.612Z"}
{"level":"is","message":{"hourglass_id":10,"name":"hi","problem_id":2,"user_id":4},"timestamp":"2022-03-10T05:41:50.613Z"}
{"level":"is","message":{"hourglass_id":31,"user_id":1},"timestamp":"2022-03-10T05:41:50.615Z"}
{"level":"is","message":{},"timestamp":"2022-03-10T05:41:50.629Z"}
{"level":"is","message":{},"timestamp":"2022-03-10T05:41:50.630Z"}
{"level":"is","message":{"hourglass_id":31,"user_id":1},"timestamp":"2022-03-10T05:41:50.632Z"}
{"level":"is","message":{"hourglass_id":31,"user_id":1},"timestamp":"2022-03-10T05:41:50.635Z"}
{"level":"done","message":"test clean post object","timestamp":"2022-03-10T05:42:45.735Z"}
{"level":"done","message":"TEST: get one and get all","timestamp":"2022-03-10T05:42:45.782Z"}
{"level":"done","message":"test passes","timestamp":"2022-03-10T05:42:45.783Z"}
{"level":"done","message":"TEST: delete passes","timestamp":"2022-03-10T05:42:45.806Z"}
{"level":"is","message":{"difficulty":3,"edit":"2020-12-21T16:00:00.000Z","end":"2020-12-21T16:00:00.000Z","importance":1,"public":true,"seconds":0,"start":"2022-03-10T05:42:45.715Z","status":"to do","user_id":4},"timestamp":"2022-03-10T05:42:45.829Z"}
{"level":"is","message":{"seconds":20,"status":"doing"},"timestamp":"2022-03-10T05:42:45.831Z"}
{"level":"is","message":{"importance":1,"status":"to do"},"timestamp":"2022-03-10T05:42:45.832Z"}
{"level":"is","message":{"edit":"1994-12-11T16:00:00.000Z","end":"2022-12-10T16:00:00.000Z","start":"1994-12-10T16:00:00.000Z"},"timestamp":"2022-03-10T05:42:45.837Z"}
{"level":"is","message":{"difficulty":3,"importance":1,"public":true,"status":"to do"},"timestamp":"2022-03-10T05:42:45.838Z"}
{"level":"is","message":{"difficulty":3,"edit":"2020-12-21T16:00:00.000Z","end":"2020-12-21T16:00:00.000Z","importance":1,"public":true,"seconds":0,"start":"2022-03-10T05:42:45.715Z","status":"to do","user_id":4},"timestamp":"2022-03-10T05:42:45.839Z"}
{"level":"is","message":{"difficulty":3,"importance":1,"status":"to do"},"timestamp":"2022-03-10T05:42:45.849Z"}
{"level":"is","message":{"edit":"2022-03-10T05:42:45.715Z","end":"2022-12-11T16:00:00.000Z","seconds":3,"start":"2022-03-10T05:42:45.715Z"},"timestamp":"2022-03-10T05:42:45.850Z"}
{"level":"is","message":{"difficulty":3,"importance":3,"public":true,"seconds":9,"start":"2021-12-07T16:00:00.000Z","status":"to do","user_id":4},"timestamp":"2022-03-10T05:42:45.854Z"}
{"level":"is","message":{"importance":2,"seconds":20,"user_id":1},"timestamp":"2022-03-10T05:42:45.855Z"}
{"level":"is","message":{"name":"hello","user_id":4},"timestamp":"2022-03-10T05:42:45.856Z"}
{"level":"is","message":{},"timestamp":"2022-03-10T05:42:45.858Z"}
{"level":"is","message":{},"timestamp":"2022-03-10T05:42:45.859Z"}
{"level":"is","message":{"name":"hi"},"timestamp":"2022-03-10T05:42:45.860Z"}
{"level":"is","message":{"importance":2,"seconds":20,"user_id":1},"timestamp":"2022-03-10T05:42:45.861Z"}
{"level":"is","message":{"importance":2,"user_id":1},"timestamp":"2022-03-10T05:42:45.862Z"}
{"level":"is","message":{},"timestamp":"2022-03-10T05:42:45.863Z"}
{"level":"is","message":{},"timestamp":"2022-03-10T05:42:45.864Z"}
{"level":"is","message":{"hourglass_id":10,"name":"hi","problem_id":2,"user_id":4},"timestamp":"2022-03-10T05:42:45.865Z"}
{"level":"is","message":{"name":"hello","user_id":4},"timestamp":"2022-03-10T05:42:45.866Z"}
{"level":"is","message":{},"timestamp":"2022-03-10T05:42:45.867Z"}
{"level":"is","message":{"hourglass_id":31,"user_id":1},"timestamp":"2022-03-10T05:42:45.867Z"}
{"level":"is","message":{"hourglass_id":31,"user_id":1},"timestamp":"2022-03-10T05:42:45.868Z"}
{"level":"is","message":{"hourglass_id":31,"user_id":1},"timestamp":"2022-03-10T05:42:45.869Z"}
{"level":"done","message":"test clean post object","timestamp":"2022-03-10T05:43:05.089Z"}
{"level":"done","message":"test passes","timestamp":"2022-03-10T05:43:05.127Z"}
{"level":"done","message":"TEST: get one and get all","timestamp":"2022-03-10T05:43:05.146Z"}
{"level":"done","message":"TEST: delete passes","timestamp":"2022-03-10T05:43:05.155Z"}
{"level":"is","message":{"seconds":20,"status":"doing"},"timestamp":"2022-03-10T05:43:05.160Z"}
{"level":"is","message":{"edit":"2022-03-10T05:43:05.071Z","end":"2022-12-11T16:00:00.000Z","seconds":3,"start":"2022-03-10T05:43:05.071Z"},"timestamp":"2022-03-10T05:43:05.164Z"}
{"level":"is","message":{"difficulty":3,"importance":1,"status":"to do"},"timestamp":"2022-03-10T05:43:05.166Z"}
{"level":"is","message":{"importance":1,"status":"to do"},"timestamp":"2022-03-10T05:43:05.167Z"}
{"level":"is","message":{"difficulty":3,"importance":1,"public":true,"status":"to do"},"timestamp":"2022-03-10T05:43:05.168Z"}
{"level":"is","message":{"difficulty":3,"edit":"2020-12-21T16:00:00.000Z","end":"2020-12-21T16:00:00.000Z","importance":1,"public":true,"seconds":0,"start":"2022-03-10T05:43:05.071Z","status":"to do","user_id":4},"timestamp":"2022-03-10T05:43:05.170Z"}
{"level":"is","message":{"difficulty":3,"edit":"2020-12-21T16:00:00.000Z","end":"2020-12-21T16:00:00.000Z","importance":1,"public":true,"seconds":0,"start":"2022-03-10T05:43:05.071Z","status":"to do","user_id":4},"timestamp":"2022-03-10T05:43:05.171Z"}
{"level":"is","message":{"difficulty":3,"importance":3,"public":true,"seconds":9,"start":"2021-12-07T16:00:00.000Z","status":"to do","user_id":4},"timestamp":"2022-03-10T05:43:05.172Z"}
{"level":"is","message":{"edit":"1994-12-11T16:00:00.000Z","end":"2022-12-10T16:00:00.000Z","start":"1994-12-10T16:00:00.000Z"},"timestamp":"2022-03-10T05:43:05.175Z"}
{"level":"is","message":{"importance":2,"seconds":20,"user_id":1},"timestamp":"2022-03-10T05:43:05.176Z"}
{"level":"done","message":"test clean post object","timestamp":"2022-03-10T05:45:37.061Z"}
{"level":"done","message":"test passes","timestamp":"2022-03-10T05:45:37.108Z"}
{"level":"done","message":"TEST: get one and get all","timestamp":"2022-03-10T05:45:37.114Z"}
{"level":"done","message":"TEST: delete passes","timestamp":"2022-03-10T05:45:37.120Z"}
{"level":"is","message":{"importance":1,"status":"to do"},"timestamp":"2022-03-10T05:45:37.149Z"}
{"level":"is","message":{"seconds":20,"status":"doing"},"timestamp":"2022-03-10T05:45:37.150Z"}
{"level":"is","message":{"difficulty":3,"importance":1,"status":"to do"},"timestamp":"2022-03-10T05:45:37.152Z"}
{"level":"is","message":{"difficulty":3,"edit":"2020-12-21T16:00:00.000Z","end":"2020-12-21T16:00:00.000Z","importance":1,"public":true,"seconds":0,"start":"2022-03-10T05:45:37.043Z","status":"to do","user_id":4},"timestamp":"2022-03-10T05:45:37.156Z"}
{"level":"is","message":{"difficulty":3,"edit":"2020-12-21T16:00:00.000Z","end":"2020-12-21T16:00:00.000Z","importance":1,"public":true,"seconds":0,"start":"2022-03-10T05:45:37.043Z","status":"to do","user_id":4},"timestamp":"2022-03-10T05:45:37.158Z"}
{"level":"is","message":{"edit":"2022-03-10T05:45:37.043Z","end":"2022-12-11T16:00:00.000Z","seconds":3,"start":"2022-03-10T05:45:37.043Z"},"timestamp":"2022-03-10T05:45:37.159Z"}
{"level":"is","message":{"difficulty":3,"importance":3,"public":true,"seconds":9,"start":"2021-12-07T16:00:00.000Z","status":"to do","user_id":4},"timestamp":"2022-03-10T05:45:37.161Z"}
{"level":"is","message":{"difficulty":3,"importance":1,"public":true,"status":"to do"},"timestamp":"2022-03-10T05:45:37.162Z"}
{"level":"is","message":{"importance":2,"seconds":20,"user_id":1},"timestamp":"2022-03-10T05:45:37.163Z"}
{"level":"is","message":{"edit":"1994-12-11T16:00:00.000Z","end":"2022-12-10T16:00:00.000Z","start":"1994-12-10T16:00:00.000Z"},"timestamp":"2022-03-10T05:45:37.167Z"}
{"level":"done","message":"test clean post object","timestamp":"2022-03-10T05:48:21.798Z"}
{"level":"done","message":"test passes","timestamp":"2022-03-10T05:48:21.853Z"}
{"level":"done","message":"TEST: get one and get all","timestamp":"2022-03-10T05:48:21.860Z"}
{"level":"done","message":"TEST: delete passes","timestamp":"2022-03-10T05:48:21.866Z"}
{"level":"is","message":{"edit":"2022-03-10T05:48:21.781Z","end":"2022-12-11T16:00:00.000Z","seconds":3,"start":"2022-03-10T05:48:21.781Z"},"timestamp":"2022-03-10T05:48:21.898Z"}
{"level":"is","message":{"difficulty":3,"importance":1,"status":"to do"},"timestamp":"2022-03-10T05:48:21.899Z"}
{"level":"is","message":{"difficulty":3,"edit":"2020-12-21T16:00:00.000Z","end":"2020-12-21T16:00:00.000Z","importance":1,"public":true,"seconds":0,"start":"2022-03-10T05:48:21.781Z","status":"to do","user_id":4},"timestamp":"2022-03-10T05:48:21.902Z"}
{"level":"is","message":{"difficulty":3,"edit":"2020-12-21T16:00:00.000Z","end":"2020-12-21T16:00:00.000Z","importance":1,"public":true,"seconds":0,"start":"2022-03-10T05:48:21.781Z","status":"to do","user_id":4},"timestamp":"2022-03-10T05:48:21.904Z"}
{"level":"is","message":{"importance":1,"status":"to do"},"timestamp":"2022-03-10T05:48:21.905Z"}
{"level":"is","message":{"seconds":20,"status":"doing"},"timestamp":"2022-03-10T05:48:21.906Z"}
{"level":"is","message":{"edit":"2020-12-14T16:00:00.000Z","end":"2022-12-10T16:00:00.000Z","start":"1994-12-10T16:00:00.000Z"},"timestamp":"2022-03-10T05:48:21.910Z"}
{"level":"is","message":{"difficulty":3,"importance":1,"public":true,"status":"to do"},"timestamp":"2022-03-10T05:48:21.911Z"}
{"level":"is","message":{"importance":2,"seconds":20,"user_id":1},"timestamp":"2022-03-10T05:48:21.913Z"}
{"level":"is","message":{"difficulty":3,"importance":3,"public":true,"seconds":9,"start":"2021-12-07T16:00:00.000Z","status":"to do","user_id":4},"timestamp":"2022-03-10T05:48:21.914Z"}
{"level":"done","message":"test clean post object","timestamp":"2022-03-10T05:49:20.032Z"}
{"level":"done","message":"test passes","timestamp":"2022-03-10T05:49:20.070Z"}
{"level":"done","message":"TEST: get one and get all","timestamp":"2022-03-10T05:49:20.095Z"}
{"level":"done","message":"TEST: delete passes","timestamp":"2022-03-10T05:49:20.108Z"}
{"level":"is","message":{"seconds":20,"status":"doing"},"timestamp":"2022-03-10T05:49:20.110Z"}
{"level":"is","message":{"importance":1,"status":"to do"},"timestamp":"2022-03-10T05:49:20.112Z"}
{"level":"is","message":{"difficulty":3,"edit":"2020-12-21T16:00:00.000Z","end":"2020-12-21T16:00:00.000Z","importance":1,"public":true,"seconds":0,"start":"2022-03-10T05:49:20.012Z","status":"to do","user_id":4},"timestamp":"2022-03-10T05:49:20.116Z"}
{"level":"is","message":{"edit":"2022-03-10T05:49:20.012Z","end":"2022-12-11T16:00:00.000Z","seconds":3,"start":"2022-03-10T05:49:20.012Z"},"timestamp":"2022-03-10T05:49:20.118Z"}
{"level":"is","message":{"difficulty":3,"edit":"2020-12-21T16:00:00.000Z","end":"2020-12-21T16:00:00.000Z","importance":1,"public":true,"seconds":0,"start":"2022-03-10T05:49:20.012Z","status":"to do","user_id":4},"timestamp":"2022-03-10T05:49:20.120Z"}
{"level":"is","message":{"difficulty":3,"importance":1,"status":"to do"},"timestamp":"2022-03-10T05:49:20.121Z"}
{"level":"is","message":{"importance":2,"seconds":20,"user_id":1},"timestamp":"2022-03-10T05:49:20.122Z"}
{"level":"is","message":{"difficulty":3,"importance":1,"public":true,"status":"to do"},"timestamp":"2022-03-10T05:49:20.123Z"}
{"level":"is","message":{"edit":"2020-12-14T16:00:00.000Z","end":"2022-12-10T16:00:00.000Z","start":"1994-12-10T16:00:00.000Z"},"timestamp":"2022-03-10T05:49:20.127Z"}
{"level":"is","message":{"difficulty":3,"importance":3,"public":true,"seconds":9,"start":"2021-12-07T16:00:00.000Z","status":"to do","user_id":4},"timestamp":"2022-03-10T05:49:20.128Z"}
{"level":"done","message":"test clean post object","timestamp":"2022-03-10T05:49:40.852Z"}
{"level":"done","message":"test passes","timestamp":"2022-03-10T05:49:40.903Z"}
{"level":"done","message":"TEST: get one and get all","timestamp":"2022-03-10T05:49:40.911Z"}
{"level":"done","message":"TEST: delete passes","timestamp":"2022-03-10T05:49:40.940Z"}
{"level":"is","message":{"seconds":20,"status":"doing"},"timestamp":"2022-03-10T05:49:40.943Z"}
{"level":"is","message":{"importance":1,"status":"to do"},"timestamp":"2022-03-10T05:49:40.945Z"}
{"level":"is","message":{"difficulty":3,"edit":"2020-12-21T16:00:00.000Z","end":"2020-12-21T16:00:00.000Z","importance":1,"public":true,"seconds":0,"start":"2022-03-10T05:49:40.833Z","status":"to do","user_id":4},"timestamp":"2022-03-10T05:49:40.950Z"}
{"level":"is","message":{"edit":"2022-03-10T05:49:40.833Z","end":"2022-12-11T16:00:00.000Z","seconds":3,"start":"2022-03-10T05:49:40.833Z"},"timestamp":"2022-03-10T05:49:40.952Z"}
{"level":"is","message":{"difficulty":3,"importance":1,"status":"to do"},"timestamp":"2022-03-10T05:49:40.953Z"}
{"level":"is","message":{"difficulty":3,"edit":"2020-12-21T16:00:00.000Z","end":"2020-12-21T16:00:00.000Z","importance":1,"public":true,"seconds":0,"start":"2022-03-10T05:49:40.833Z","status":"to do","user_id":4},"timestamp":"2022-03-10T05:49:40.954Z"}
{"level":"is","message":{"difficulty":3,"importance":1,"public":true,"status":"to do"},"timestamp":"2022-03-10T05:49:40.956Z"}
{"level":"is","message":{"difficulty":3,"importance":3,"public":true,"seconds":9,"start":"2021-12-07T16:00:00.000Z","status":"to do","user_id":4},"timestamp":"2022-03-10T05:49:40.957Z"}
{"level":"is","message":{"importance":2,"seconds":20,"user_id":1},"timestamp":"2022-03-10T05:49:40.958Z"}
{"level":"is","message":{"edit":"2020-12-14T16:00:00.000Z","end":"2022-12-10T16:00:00.000Z","start":"1994-12-10T16:00:00.000Z"},"timestamp":"2022-03-10T05:49:40.962Z"}
{"level":"done","message":"test clean post object","timestamp":"2022-03-10T05:49:46.010Z"}
{"level":"done","message":"test passes","timestamp":"2022-03-10T05:49:46.055Z"}
{"level":"done","message":"TEST: get one and get all","timestamp":"2022-03-10T05:49:46.061Z"}
{"level":"done","message":"TEST: delete passes","timestamp":"2022-03-10T05:49:46.067Z"}
{"level":"is","message":{"seconds":20,"status":"doing"},"timestamp":"2022-03-10T05:49:46.096Z"}
{"level":"is","message":{"importance":1,"status":"to do"},"timestamp":"2022-03-10T05:49:46.098Z"}
{"level":"is","message":{"difficulty":3,"edit":"2020-12-21T16:00:00.000Z","end":"2020-12-21T16:00:00.000Z","importance":1,"public":true,"seconds":0,"start":"2022-03-10T05:49:45.991Z","status":"to do","user_id":4},"timestamp":"2022-03-10T05:49:46.103Z"}
{"level":"is","message":{"difficulty":3,"importance":1,"status":"to do"},"timestamp":"2022-03-10T05:49:46.104Z"}
{"level":"is","message":{"edit":"2020-12-14T16:00:00.000Z","end":"2022-12-10T16:00:00.000Z","start":"1994-12-10T16:00:00.000Z"},"timestamp":"2022-03-10T05:49:46.108Z"}
{"level":"is","message":{"edit":"2022-03-10T05:49:45.991Z","end":"2022-12-11T16:00:00.000Z","seconds":3,"start":"2022-03-10T05:49:45.991Z"},"timestamp":"2022-03-10T05:49:46.110Z"}
{"level":"is","message":{"difficulty":3,"edit":"2020-12-21T16:00:00.000Z","end":"2020-12-21T16:00:00.000Z","importance":1,"public":true,"seconds":0,"start":"2022-03-10T05:49:45.991Z","status":"to do","user_id":4},"timestamp":"2022-03-10T05:49:46.111Z"}
{"level":"is","message":{"difficulty":3,"importance":1,"public":true,"status":"to do"},"timestamp":"2022-03-10T05:49:46.112Z"}
{"level":"is","message":{"difficulty":3,"importance":3,"public":true,"seconds":9,"start":"2021-12-07T16:00:00.000Z","status":"to do","user_id":4},"timestamp":"2022-03-10T05:49:46.113Z"}
{"level":"is","message":{"importance":2,"seconds":20,"user_id":1},"timestamp":"2022-03-10T05:49:46.114Z"}
