{"level":"done","message":"test clean post object","timestamp":"2022-03-14T00:30:03.959Z"}
{"level":"problem","message":"its not running","timestamp":"2022-03-14T00:30:04.154Z"}
{"level":"is","message":"number","timestamp":"2022-03-14T00:30:04.247Z"}
{"level":"is","message":"number","timestamp":"2022-03-14T00:30:04.248Z"}
{"level":"is","message":"string","timestamp":"2022-03-14T00:30:04.248Z"}
{"level":"is","message":"string","timestamp":"2022-03-14T00:30:04.249Z"}
{"level":"is","message":{"seconds":20,"status":"doing"},"timestamp":"2022-03-14T00:30:04.250Z"}
{"level":"is","message":"number","timestamp":"2022-03-14T00:30:04.252Z"}
{"level":"is","message":"number","timestamp":"2022-03-14T00:30:04.253Z"}
{"level":"is","message":"date","timestamp":"2022-03-14T00:30:04.253Z"}
{"level":"is","message":"date","timestamp":"2022-03-14T00:30:04.254Z"}
{"level":"is","message":"date","timestamp":"2022-03-14T00:30:04.254Z"}
{"level":"is","message":"date","timestamp":"2022-03-14T00:30:04.255Z"}
{"level":"is","message":"date","timestamp":"2022-03-14T00:30:04.255Z"}
{"level":"is","message":"date","timestamp":"2022-03-14T00:30:04.255Z"}
{"level":"is","message":{"edit":"2022-03-14T00:30:03.948Z","end":"2022-12-11T16:00:00.000Z","seconds":3,"start":"2022-03-14T00:30:03.948Z"},"timestamp":"2022-03-14T00:30:04.256Z"}
{"level":"is","message":"string","timestamp":"2022-03-14T00:30:04.257Z"}
{"level":"is","message":"string","timestamp":"2022-03-14T00:30:04.258Z"}
{"level":"is","message":"number","timestamp":"2022-03-14T00:30:04.258Z"}
{"level":"is","message":"number","timestamp":"2022-03-14T00:30:04.258Z"}
{"level":"is","message":"number","timestamp":"2022-03-14T00:30:04.259Z"}
{"level":"is","message":"number","timestamp":"2022-03-14T00:30:04.259Z"}
{"level":"is","message":{"difficulty":3,"importance":1,"status":"to do"},"timestamp":"2022-03-14T00:30:04.259Z"}
{"level":"is","message":"number","timestamp":"2022-03-14T00:30:04.260Z"}
{"level":"is","message":"number","timestamp":"2022-03-14T00:30:04.260Z"}
{"level":"is","message":"number","timestamp":"2022-03-14T00:30:04.260Z"}
{"level":"is","message":"number","timestamp":"2022-03-14T00:30:04.261Z"}
{"level":"is","message":"string","timestamp":"2022-03-14T00:30:04.261Z"}
{"level":"is","message":"number","timestamp":"2022-03-14T00:30:04.261Z"}
{"level":"problem","message":"the two types dont match","timestamp":"2022-03-14T00:30:04.261Z"}
{"level":"step","message":"if there are not callbacks","timestamp":"2022-03-14T00:30:04.261Z"}
{"level":"is","message":{"importance":2,"seconds":20,"user_id":1},"timestamp":"2022-03-14T00:30:04.262Z"}
{"level":"is","message":"number","timestamp":"2022-03-14T00:30:04.262Z"}
{"level":"is","message":"number","timestamp":"2022-03-14T00:30:04.263Z"}
{"level":"is","message":"string","timestamp":"2022-03-14T00:30:04.263Z"}
{"level":"is","message":"number","timestamp":"2022-03-14T00:30:04.263Z"}
{"level":"problem","message":"the two types dont match","timestamp":"2022-03-14T00:30:04.263Z"}
{"level":"step","message":"if there are not callbacks","timestamp":"2022-03-14T00:30:04.263Z"}
{"level":"is","message":"string","timestamp":"2022-03-14T00:30:04.264Z"}
{"level":"is","message":"boolean","timestamp":"2022-03-14T00:30:04.264Z"}
{"level":"problem","message":"the two types dont match","timestamp":"2022-03-14T00:30:04.264Z"}
{"level":"step","message":"if there are not callbacks","timestamp":"2022-03-14T00:30:04.264Z"}
{"level":"is","message":"string","timestamp":"2022-03-14T00:30:04.265Z"}
{"level":"is","message":"string","timestamp":"2022-03-14T00:30:04.265Z"}
{"level":"is","message":"string","timestamp":"2022-03-14T00:30:04.265Z"}
{"level":"is","message":"number","timestamp":"2022-03-14T00:30:04.265Z"}
{"level":"problem","message":"the two types dont match","timestamp":"2022-03-14T00:30:04.265Z"}
{"level":"step","message":"if there are not callbacks","timestamp":"2022-03-14T00:30:04.265Z"}
{"level":"is","message":"string","timestamp":"2022-03-14T00:30:04.266Z"}
{"level":"is","message":"number","timestamp":"2022-03-14T00:30:04.266Z"}
{"level":"problem","message":"the two types dont match","timestamp":"2022-03-14T00:30:04.266Z"}
{"level":"step","message":"if there are not callbacks","timestamp":"2022-03-14T00:30:04.266Z"}
{"level":"is","message":"date","timestamp":"2022-03-14T00:30:04.266Z"}
{"level":"is","message":"date","timestamp":"2022-03-14T00:30:04.267Z"}
{"level":"is","message":{"difficulty":3,"importance":3,"public":true,"start":"2021-12-07T16:00:00.000Z","status":"to do","user_id":4},"timestamp":"2022-03-14T00:30:04.267Z"}
{"level":"is","message":"string","timestamp":"2022-03-14T00:30:04.268Z"}
{"level":"is","message":"string","timestamp":"2022-03-14T00:30:04.268Z"}
{"level":"is","message":"string","timestamp":"2022-03-14T00:30:04.268Z"}
{"level":"is","message":"number","timestamp":"2022-03-14T00:30:04.269Z"}
{"level":"problem","message":"the two types dont match","timestamp":"2022-03-14T00:30:04.269Z"}
{"level":"step","message":"if there are not callbacks","timestamp":"2022-03-14T00:30:04.269Z"}
{"level":"is","message":{"importance":1,"status":"to do"},"timestamp":"2022-03-14T00:30:04.269Z"}
{"level":"is","message":"boolean","timestamp":"2022-03-14T00:30:04.270Z"}
{"level":"is","message":"boolean","timestamp":"2022-03-14T00:30:04.270Z"}
{"level":"is","message":"string","timestamp":"2022-03-14T00:30:04.270Z"}
{"level":"is","message":"string","timestamp":"2022-03-14T00:30:04.270Z"}
{"level":"is","message":"number","timestamp":"2022-03-14T00:30:04.270Z"}
{"level":"is","message":"number","timestamp":"2022-03-14T00:30:04.271Z"}
{"level":"is","message":"number","timestamp":"2022-03-14T00:30:04.271Z"}
{"level":"is","message":"number","timestamp":"2022-03-14T00:30:04.271Z"}
{"level":"is","message":{"difficulty":3,"importance":1,"public":true,"status":"to do"},"timestamp":"2022-03-14T00:30:04.271Z"}
{"level":"is","message":"string","timestamp":"2022-03-14T00:30:04.272Z"}
{"level":"is","message":"number","timestamp":"2022-03-14T00:30:04.272Z"}
{"level":"problem","message":"the two types dont match","timestamp":"2022-03-14T00:30:04.272Z"}
{"level":"step","message":"if there are not callbacks","timestamp":"2022-03-14T00:30:04.272Z"}
{"level":"is","message":"string","timestamp":"2022-03-14T00:30:04.272Z"}
{"level":"is","message":"number","timestamp":"2022-03-14T00:30:04.272Z"}
{"level":"problem","message":"the two types dont match","timestamp":"2022-03-14T00:30:04.273Z"}
{"level":"step","message":"if there are not callbacks","timestamp":"2022-03-14T00:30:04.273Z"}
{"level":"is","message":"string","timestamp":"2022-03-14T00:30:04.273Z"}
{"level":"is","message":"boolean","timestamp":"2022-03-14T00:30:04.273Z"}
{"level":"problem","message":"the two types dont match","timestamp":"2022-03-14T00:30:04.273Z"}
{"level":"step","message":"if there are not callbacks","timestamp":"2022-03-14T00:30:04.273Z"}
{"level":"is","message":"string","timestamp":"2022-03-14T00:30:04.274Z"}
{"level":"is","message":"string","timestamp":"2022-03-14T00:30:04.274Z"}
{"level":"is","message":"string","timestamp":"2022-03-14T00:30:04.274Z"}
{"level":"is","message":"number","timestamp":"2022-03-14T00:30:04.274Z"}
{"level":"problem","message":"the two types dont match","timestamp":"2022-03-14T00:30:04.274Z"}
{"level":"step","message":"if there are not callbacks","timestamp":"2022-03-14T00:30:04.274Z"}
{"level":"is","message":"string","timestamp":"2022-03-14T00:30:04.275Z"}
{"level":"is","message":"number","timestamp":"2022-03-14T00:30:04.275Z"}
{"level":"problem","message":"the two types dont match","timestamp":"2022-03-14T00:30:04.275Z"}
{"level":"step","message":"if there are not callbacks","timestamp":"2022-03-14T00:30:04.275Z"}
{"level":"is","message":"date","timestamp":"2022-03-14T00:30:04.275Z"}
{"level":"is","message":"date","timestamp":"2022-03-14T00:30:04.275Z"}
{"level":"is","message":"date","timestamp":"2022-03-14T00:30:04.276Z"}
{"level":"is","message":"date","timestamp":"2022-03-14T00:30:04.276Z"}
{"level":"is","message":"date","timestamp":"2022-03-14T00:30:04.276Z"}
{"level":"is","message":"date","timestamp":"2022-03-14T00:30:04.276Z"}
{"level":"is","message":{"difficulty":3,"edit":"2020-12-21T16:00:00.000Z","end":"2020-12-21T16:00:00.000Z","importance":1,"public":true,"start":"2022-03-14T00:30:03.948Z","status":"to do"},"timestamp":"2022-03-14T00:30:04.277Z"}
{"level":"is","message":"string","timestamp":"2022-03-14T00:30:04.278Z"}
{"level":"is","message":"date","timestamp":"2022-03-14T00:30:04.278Z"}
{"level":"problem","message":"the two types dont match","timestamp":"2022-03-14T00:30:04.278Z"}
{"level":"step","message":"if there are not callbacks","timestamp":"2022-03-14T00:30:04.278Z"}
{"level":"is","message":"date","timestamp":"2022-03-14T00:30:04.278Z"}
{"level":"is","message":"date","timestamp":"2022-03-14T00:30:04.278Z"}
{"level":"is","message":"string","timestamp":"2022-03-14T00:30:04.280Z"}
{"level":"is","message":"date","timestamp":"2022-03-14T00:30:04.280Z"}
{"level":"problem","message":"the two types dont match","timestamp":"2022-03-14T00:30:04.281Z"}
{"level":"step","message":"if there are not callbacks","timestamp":"2022-03-14T00:30:04.281Z"}
{"level":"is","message":{"edit":"2020-12-14T16:00:00.000Z"},"timestamp":"2022-03-14T00:30:04.281Z"}
{"level":"is","message":"string","timestamp":"2022-03-14T00:30:04.282Z"}
{"level":"is","message":"number","timestamp":"2022-03-14T00:30:04.282Z"}
{"level":"problem","message":"the two types dont match","timestamp":"2022-03-14T00:30:04.282Z"}
{"level":"step","message":"if there are not callbacks","timestamp":"2022-03-14T00:30:04.282Z"}
{"level":"is","message":"string","timestamp":"2022-03-14T00:30:04.282Z"}
{"level":"is","message":"number","timestamp":"2022-03-14T00:30:04.283Z"}
{"level":"problem","message":"the two types dont match","timestamp":"2022-03-14T00:30:04.283Z"}
{"level":"step","message":"if there are not callbacks","timestamp":"2022-03-14T00:30:04.283Z"}
{"level":"is","message":"string","timestamp":"2022-03-14T00:30:04.283Z"}
{"level":"is","message":"boolean","timestamp":"2022-03-14T00:30:04.283Z"}
{"level":"problem","message":"the two types dont match","timestamp":"2022-03-14T00:30:04.284Z"}
{"level":"step","message":"if there are not callbacks","timestamp":"2022-03-14T00:30:04.284Z"}
{"level":"is","message":"string","timestamp":"2022-03-14T00:30:04.284Z"}
{"level":"is","message":"string","timestamp":"2022-03-14T00:30:04.284Z"}
{"level":"is","message":"string","timestamp":"2022-03-14T00:30:04.285Z"}
{"level":"is","message":"number","timestamp":"2022-03-14T00:30:04.285Z"}
{"level":"problem","message":"the two types dont match","timestamp":"2022-03-14T00:30:04.285Z"}
{"level":"step","message":"if there are not callbacks","timestamp":"2022-03-14T00:30:04.285Z"}
{"level":"is","message":"string","timestamp":"2022-03-14T00:30:04.286Z"}
{"level":"is","message":"number","timestamp":"2022-03-14T00:30:04.286Z"}
{"level":"problem","message":"the two types dont match","timestamp":"2022-03-14T00:30:04.286Z"}
{"level":"step","message":"if there are not callbacks","timestamp":"2022-03-14T00:30:04.286Z"}
{"level":"is","message":"date","timestamp":"2022-03-14T00:30:04.287Z"}
{"level":"is","message":"date","timestamp":"2022-03-14T00:30:04.287Z"}
{"level":"is","message":"date","timestamp":"2022-03-14T00:30:04.287Z"}
{"level":"is","message":"date","timestamp":"2022-03-14T00:30:04.287Z"}
{"level":"is","message":"date","timestamp":"2022-03-14T00:30:04.288Z"}
{"level":"is","message":"date","timestamp":"2022-03-14T00:30:04.288Z"}
{"level":"is","message":{"difficulty":3,"edit":"2020-12-21T16:00:00.000Z","end":"2020-12-21T16:00:00.000Z","importance":1,"public":true,"start":"2022-03-14T00:30:03.948Z","status":"to do"},"timestamp":"2022-03-14T00:30:04.288Z"}
{"level":"is","message":"date","timestamp":"2022-03-14T00:30:04.289Z"}
{"level":"is","message":"date","timestamp":"2022-03-14T00:30:04.289Z"}
{"level":"is","message":"date","timestamp":"2022-03-14T00:30:04.306Z"}
{"level":"is","message":"date","timestamp":"2022-03-14T00:30:04.306Z"}
{"level":"done","message":"test clean post object","timestamp":"2022-03-14T00:46:02.870Z"}
{"level":"problem","message":"its not running","timestamp":"2022-03-14T00:46:03.029Z"}
{"level":"is","message":"string","timestamp":"2022-03-14T00:46:03.119Z"}
{"level":"is","message":"string","timestamp":"2022-03-14T00:46:03.120Z"}
{"level":"is","message":"number","timestamp":"2022-03-14T00:46:03.121Z"}
{"level":"is","message":"number","timestamp":"2022-03-14T00:46:03.121Z"}
{"level":"is","message":"number","timestamp":"2022-03-14T00:46:03.122Z"}
{"level":"is","message":"number","timestamp":"2022-03-14T00:46:03.122Z"}
{"level":"is","message":{"difficulty":3,"importance":1,"status":"to do"},"timestamp":"2022-03-14T00:46:03.123Z"}
{"level":"is","message":"string","timestamp":"2022-03-14T00:46:03.125Z"}
{"level":"is","message":"string","timestamp":"2022-03-14T00:46:03.126Z"}
{"level":"is","message":"string","timestamp":"2022-03-14T00:46:03.126Z"}
{"level":"is","message":"number","timestamp":"2022-03-14T00:46:03.126Z"}
{"level":"problem","message":"the two types dont match","timestamp":"2022-03-14T00:46:03.127Z"}
{"level":"step","message":"if there are not callbacks","timestamp":"2022-03-14T00:46:03.127Z"}
{"level":"is","message":{"importance":1,"status":"to do"},"timestamp":"2022-03-14T00:46:03.128Z"}
{"level":"is","message":"number","timestamp":"2022-03-14T00:46:03.129Z"}
{"level":"is","message":"number","timestamp":"2022-03-14T00:46:03.129Z"}
{"level":"is","message":"date","timestamp":"2022-03-14T00:46:03.130Z"}
{"level":"is","message":"date","timestamp":"2022-03-14T00:46:03.130Z"}
{"level":"is","message":"date","timestamp":"2022-03-14T00:46:03.131Z"}
{"level":"is","message":"date","timestamp":"2022-03-14T00:46:03.131Z"}
{"level":"is","message":"date","timestamp":"2022-03-14T00:46:03.131Z"}
{"level":"is","message":"date","timestamp":"2022-03-14T00:46:03.131Z"}
{"level":"is","message":{"edit":"2022-03-14T00:46:02.859Z","end":"2022-12-11T16:00:00.000Z","seconds":3,"start":"2022-03-14T00:46:02.859Z"},"timestamp":"2022-03-14T00:46:03.133Z"}
{"level":"is","message":"number","timestamp":"2022-03-14T00:46:03.134Z"}
{"level":"is","message":"number","timestamp":"2022-03-14T00:46:03.134Z"}
{"level":"is","message":"string","timestamp":"2022-03-14T00:46:03.134Z"}
{"level":"is","message":"string","timestamp":"2022-03-14T00:46:03.135Z"}
{"level":"is","message":{"seconds":20,"status":"doing"},"timestamp":"2022-03-14T00:46:03.135Z"}
{"level":"is","message":"string","timestamp":"2022-03-14T00:46:03.136Z"}
{"level":"is","message":"number","timestamp":"2022-03-14T00:46:03.136Z"}
{"level":"problem","message":"the two types dont match","timestamp":"2022-03-14T00:46:03.136Z"}
{"level":"step","message":"if there are not callbacks","timestamp":"2022-03-14T00:46:03.136Z"}
{"level":"is","message":"string","timestamp":"2022-03-14T00:46:03.137Z"}
{"level":"is","message":"number","timestamp":"2022-03-14T00:46:03.137Z"}
{"level":"problem","message":"the two types dont match","timestamp":"2022-03-14T00:46:03.137Z"}
{"level":"step","message":"if there are not callbacks","timestamp":"2022-03-14T00:46:03.137Z"}
{"level":"is","message":"string","timestamp":"2022-03-14T00:46:03.138Z"}
{"level":"is","message":"boolean","timestamp":"2022-03-14T00:46:03.138Z"}
{"level":"problem","message":"the two types dont match","timestamp":"2022-03-14T00:46:03.138Z"}
{"level":"step","message":"if there are not callbacks","timestamp":"2022-03-14T00:46:03.138Z"}
{"level":"is","message":"string","timestamp":"2022-03-14T00:46:03.139Z"}
{"level":"is","message":"string","timestamp":"2022-03-14T00:46:03.139Z"}
{"level":"is","message":"string","timestamp":"2022-03-14T00:46:03.139Z"}
{"level":"is","message":"number","timestamp":"2022-03-14T00:46:03.139Z"}
{"level":"problem","message":"the two types dont match","timestamp":"2022-03-14T00:46:03.139Z"}
{"level":"step","message":"if there are not callbacks","timestamp":"2022-03-14T00:46:03.139Z"}
{"level":"is","message":"string","timestamp":"2022-03-14T00:46:03.140Z"}
{"level":"is","message":"number","timestamp":"2022-03-14T00:46:03.140Z"}
{"level":"problem","message":"the two types dont match","timestamp":"2022-03-14T00:46:03.140Z"}
{"level":"step","message":"if there are not callbacks","timestamp":"2022-03-14T00:46:03.140Z"}
{"level":"is","message":"date","timestamp":"2022-03-14T00:46:03.141Z"}
{"level":"is","message":"date","timestamp":"2022-03-14T00:46:03.141Z"}
{"level":"is","message":"date","timestamp":"2022-03-14T00:46:03.141Z"}
{"level":"is","message":"date","timestamp":"2022-03-14T00:46:03.141Z"}
{"level":"is","message":"date","timestamp":"2022-03-14T00:46:03.142Z"}
{"level":"is","message":"date","timestamp":"2022-03-14T00:46:03.142Z"}
{"level":"is","message":{"difficulty":3,"edit":"2020-12-21T16:00:00.000Z","end":"2020-12-21T16:00:00.000Z","importance":1,"public":true,"start":"2022-03-14T00:46:02.859Z","status":"to do"},"timestamp":"2022-03-14T00:46:03.142Z"}
{"level":"is","message":"string","timestamp":"2022-03-14T00:46:03.143Z"}
{"level":"is","message":"number","timestamp":"2022-03-14T00:46:03.143Z"}
{"level":"problem","message":"the two types dont match","timestamp":"2022-03-14T00:46:03.144Z"}
{"level":"step","message":"if there are not callbacks","timestamp":"2022-03-14T00:46:03.144Z"}
{"level":"is","message":"string","timestamp":"2022-03-14T00:46:03.144Z"}
{"level":"is","message":"number","timestamp":"2022-03-14T00:46:03.144Z"}
{"level":"problem","message":"the two types dont match","timestamp":"2022-03-14T00:46:03.144Z"}
{"level":"step","message":"if there are not callbacks","timestamp":"2022-03-14T00:46:03.144Z"}
{"level":"is","message":"string","timestamp":"2022-03-14T00:46:03.145Z"}
{"level":"is","message":"boolean","timestamp":"2022-03-14T00:46:03.145Z"}
{"level":"problem","message":"the two types dont match","timestamp":"2022-03-14T00:46:03.145Z"}
{"level":"step","message":"if there are not callbacks","timestamp":"2022-03-14T00:46:03.145Z"}
{"level":"is","message":"string","timestamp":"2022-03-14T00:46:03.145Z"}
{"level":"is","message":"string","timestamp":"2022-03-14T00:46:03.146Z"}
{"level":"is","message":"string","timestamp":"2022-03-14T00:46:03.146Z"}
{"level":"is","message":"number","timestamp":"2022-03-14T00:46:03.146Z"}
{"level":"problem","message":"the two types dont match","timestamp":"2022-03-14T00:46:03.146Z"}
{"level":"step","message":"if there are not callbacks","timestamp":"2022-03-14T00:46:03.146Z"}
{"level":"is","message":"string","timestamp":"2022-03-14T00:46:03.146Z"}
{"level":"is","message":"number","timestamp":"2022-03-14T00:46:03.147Z"}
{"level":"problem","message":"the two types dont match","timestamp":"2022-03-14T00:46:03.147Z"}
{"level":"step","message":"if there are not callbacks","timestamp":"2022-03-14T00:46:03.147Z"}
{"level":"is","message":"date","timestamp":"2022-03-14T00:46:03.147Z"}
{"level":"is","message":"date","timestamp":"2022-03-14T00:46:03.147Z"}
{"level":"is","message":"date","timestamp":"2022-03-14T00:46:03.147Z"}
{"level":"is","message":"date","timestamp":"2022-03-14T00:46:03.148Z"}
{"level":"is","message":"date","timestamp":"2022-03-14T00:46:03.148Z"}
{"level":"is","message":"date","timestamp":"2022-03-14T00:46:03.148Z"}
{"level":"is","message":{"difficulty":3,"edit":"2020-12-21T16:00:00.000Z","end":"2020-12-21T16:00:00.000Z","importance":1,"public":true,"start":"2022-03-14T00:46:02.859Z","status":"to do"},"timestamp":"2022-03-14T00:46:03.148Z"}
{"level":"is","message":"string","timestamp":"2022-03-14T00:46:03.149Z"}
{"level":"is","message":"date","timestamp":"2022-03-14T00:46:03.149Z"}
{"level":"problem","message":"the two types dont match","timestamp":"2022-03-14T00:46:03.149Z"}
{"level":"step","message":"if there are not callbacks","timestamp":"2022-03-14T00:46:03.149Z"}
{"level":"is","message":"date","timestamp":"2022-03-14T00:46:03.150Z"}
{"level":"is","message":"date","timestamp":"2022-03-14T00:46:03.150Z"}
{"level":"is","message":"string","timestamp":"2022-03-14T00:46:03.152Z"}
{"level":"is","message":"date","timestamp":"2022-03-14T00:46:03.152Z"}
{"level":"problem","message":"the two types dont match","timestamp":"2022-03-14T00:46:03.152Z"}
{"level":"step","message":"if there are not callbacks","timestamp":"2022-03-14T00:46:03.152Z"}
{"level":"is","message":{"edit":"2020-12-14T16:00:00.000Z"},"timestamp":"2022-03-14T00:46:03.152Z"}
{"level":"is","message":"boolean","timestamp":"2022-03-14T00:46:03.153Z"}
{"level":"is","message":"boolean","timestamp":"2022-03-14T00:46:03.153Z"}
{"level":"is","message":"string","timestamp":"2022-03-14T00:46:03.154Z"}
{"level":"is","message":"string","timestamp":"2022-03-14T00:46:03.154Z"}
{"level":"is","message":"number","timestamp":"2022-03-14T00:46:03.154Z"}
{"level":"is","message":"number","timestamp":"2022-03-14T00:46:03.154Z"}
{"level":"is","message":"number","timestamp":"2022-03-14T00:46:03.154Z"}
{"level":"is","message":"number","timestamp":"2022-03-14T00:46:03.155Z"}
{"level":"is","message":{"difficulty":3,"importance":1,"public":true,"status":"to do"},"timestamp":"2022-03-14T00:46:03.155Z"}
{"level":"is","message":"number","timestamp":"2022-03-14T00:46:03.156Z"}
{"level":"is","message":"number","timestamp":"2022-03-14T00:46:03.156Z"}
{"level":"is","message":"number","timestamp":"2022-03-14T00:46:03.156Z"}
{"level":"is","message":"number","timestamp":"2022-03-14T00:46:03.156Z"}
{"level":"is","message":"string","timestamp":"2022-03-14T00:46:03.156Z"}
{"level":"is","message":"number","timestamp":"2022-03-14T00:46:03.156Z"}
{"level":"problem","message":"the two types dont match","timestamp":"2022-03-14T00:46:03.156Z"}
{"level":"step","message":"if there are not callbacks","timestamp":"2022-03-14T00:46:03.157Z"}
{"level":"is","message":{"importance":2,"seconds":20,"user_id":1},"timestamp":"2022-03-14T00:46:03.157Z"}
{"level":"is","message":"number","timestamp":"2022-03-14T00:46:03.157Z"}
{"level":"is","message":"number","timestamp":"2022-03-14T00:46:03.158Z"}
{"level":"is","message":"string","timestamp":"2022-03-14T00:46:03.158Z"}
{"level":"is","message":"number","timestamp":"2022-03-14T00:46:03.158Z"}
{"level":"problem","message":"the two types dont match","timestamp":"2022-03-14T00:46:03.158Z"}
{"level":"step","message":"if there are not callbacks","timestamp":"2022-03-14T00:46:03.158Z"}
{"level":"is","message":"string","timestamp":"2022-03-14T00:46:03.158Z"}
{"level":"is","message":"boolean","timestamp":"2022-03-14T00:46:03.159Z"}
{"level":"problem","message":"the two types dont match","timestamp":"2022-03-14T00:46:03.159Z"}
{"level":"step","message":"if there are not callbacks","timestamp":"2022-03-14T00:46:03.159Z"}
{"level":"is","message":"string","timestamp":"2022-03-14T00:46:03.159Z"}
{"level":"is","message":"string","timestamp":"2022-03-14T00:46:03.159Z"}
{"level":"is","message":"string","timestamp":"2022-03-14T00:46:03.159Z"}
{"level":"is","message":"number","timestamp":"2022-03-14T00:46:03.160Z"}
{"level":"problem","message":"the two types dont match","timestamp":"2022-03-14T00:46:03.160Z"}
{"level":"step","message":"if there are not callbacks","timestamp":"2022-03-14T00:46:03.160Z"}
{"level":"is","message":"string","timestamp":"2022-03-14T00:46:03.160Z"}
{"level":"is","message":"number","timestamp":"2022-03-14T00:46:03.160Z"}
{"level":"problem","message":"the two types dont match","timestamp":"2022-03-14T00:46:03.160Z"}
{"level":"step","message":"if there are not callbacks","timestamp":"2022-03-14T00:46:03.160Z"}
{"level":"is","message":"date","timestamp":"2022-03-14T00:46:03.161Z"}
{"level":"is","message":"date","timestamp":"2022-03-14T00:46:03.161Z"}
{"level":"is","message":{"difficulty":3,"importance":3,"public":true,"start":"2021-12-07T16:00:00.000Z","status":"to do","user_id":4},"timestamp":"2022-03-14T00:46:03.161Z"}
{"level":"is","message":"date","timestamp":"2022-03-14T00:46:03.162Z"}
{"level":"is","message":"date","timestamp":"2022-03-14T00:46:03.162Z"}
{"level":"is","message":"date","timestamp":"2022-03-14T00:46:03.180Z"}
{"level":"is","message":"date","timestamp":"2022-03-14T00:46:03.181Z"}
{"level":"is","message":{"created":"2022-03-14T00:46:03.163Z","id":408,"start":"2011-02-01T16:00:00.000Z"},"timestamp":"2022-03-14T00:46:03.222Z"}
{"level":"done","message":"test clean post object","timestamp":"2022-03-14T01:08:46.510Z"}
{"level":"problem","message":"its not running","timestamp":"2022-03-14T01:08:46.665Z"}
{"level":"is","message":"boolean","timestamp":"2022-03-14T01:08:46.776Z"}
{"level":"is","message":"boolean","timestamp":"2022-03-14T01:08:46.776Z"}
{"level":"is","message":"string","timestamp":"2022-03-14T01:08:46.777Z"}
{"level":"is","message":"string","timestamp":"2022-03-14T01:08:46.777Z"}
{"level":"is","message":"number","timestamp":"2022-03-14T01:08:46.778Z"}
{"level":"is","message":"number","timestamp":"2022-03-14T01:08:46.778Z"}
{"level":"is","message":"number","timestamp":"2022-03-14T01:08:46.779Z"}
{"level":"is","message":"number","timestamp":"2022-03-14T01:08:46.779Z"}
{"level":"is","message":{"difficulty":3,"importance":1,"public":true,"status":"to do"},"timestamp":"2022-03-14T01:08:46.780Z"}
{"level":"is","message":"string","timestamp":"2022-03-14T01:08:46.782Z"}
{"level":"is","message":"string","timestamp":"2022-03-14T01:08:46.782Z"}
{"level":"is","message":"number","timestamp":"2022-03-14T01:08:46.783Z"}
{"level":"is","message":"number","timestamp":"2022-03-14T01:08:46.783Z"}
{"level":"is","message":"number","timestamp":"2022-03-14T01:08:46.783Z"}
{"level":"is","message":"number","timestamp":"2022-03-14T01:08:46.784Z"}
{"level":"is","message":{"difficulty":3,"importance":1,"status":"to do"},"timestamp":"2022-03-14T01:08:46.784Z"}
{"level":"is","message":"string","timestamp":"2022-03-14T01:08:46.786Z"}
{"level":"is","message":"number","timestamp":"2022-03-14T01:08:46.786Z"}
{"level":"problem","message":"the two types dont match","timestamp":"2022-03-14T01:08:46.786Z"}
{"level":"step","message":"if there are not callbacks","timestamp":"2022-03-14T01:08:46.787Z"}
{"level":"is","message":"string","timestamp":"2022-03-14T01:08:46.787Z"}
{"level":"is","message":"number","timestamp":"2022-03-14T01:08:46.787Z"}
{"level":"problem","message":"the two types dont match","timestamp":"2022-03-14T01:08:46.788Z"}
{"level":"step","message":"if there are not callbacks","timestamp":"2022-03-14T01:08:46.788Z"}
{"level":"is","message":"string","timestamp":"2022-03-14T01:08:46.788Z"}
{"level":"is","message":"boolean","timestamp":"2022-03-14T01:08:46.789Z"}
{"level":"problem","message":"the two types dont match","timestamp":"2022-03-14T01:08:46.789Z"}
{"level":"step","message":"if there are not callbacks","timestamp":"2022-03-14T01:08:46.789Z"}
{"level":"is","message":"string","timestamp":"2022-03-14T01:08:46.789Z"}
{"level":"is","message":"string","timestamp":"2022-03-14T01:08:46.790Z"}
{"level":"is","message":"string","timestamp":"2022-03-14T01:08:46.790Z"}
{"level":"is","message":"number","timestamp":"2022-03-14T01:08:46.790Z"}
{"level":"problem","message":"the two types dont match","timestamp":"2022-03-14T01:08:46.790Z"}
{"level":"step","message":"if there are not callbacks","timestamp":"2022-03-14T01:08:46.790Z"}
{"level":"is","message":"string","timestamp":"2022-03-14T01:08:46.791Z"}
{"level":"is","message":"number","timestamp":"2022-03-14T01:08:46.791Z"}
{"level":"problem","message":"the two types dont match","timestamp":"2022-03-14T01:08:46.791Z"}
{"level":"step","message":"if there are not callbacks","timestamp":"2022-03-14T01:08:46.791Z"}
{"level":"is","message":"date","timestamp":"2022-03-14T01:08:46.792Z"}
{"level":"is","message":"date","timestamp":"2022-03-14T01:08:46.792Z"}
{"level":"is","message":"date","timestamp":"2022-03-14T01:08:46.793Z"}
{"level":"is","message":"date","timestamp":"2022-03-14T01:08:46.793Z"}
{"level":"is","message":"date","timestamp":"2022-03-14T01:08:46.794Z"}
{"level":"is","message":"date","timestamp":"2022-03-14T01:08:46.794Z"}
{"level":"is","message":{"difficulty":3,"edit":"2020-12-21T16:00:00.000Z","end":"2020-12-21T16:00:00.000Z","importance":1,"public":true,"start":"2022-03-14T01:08:46.501Z","status":"to do"},"timestamp":"2022-03-14T01:08:46.795Z"}
{"level":"is","message":"number","timestamp":"2022-03-14T01:08:46.796Z"}
{"level":"is","message":"number","timestamp":"2022-03-14T01:08:46.796Z"}
{"level":"is","message":"date","timestamp":"2022-03-14T01:08:46.796Z"}
{"level":"is","message":"date","timestamp":"2022-03-14T01:08:46.797Z"}
{"level":"is","message":"date","timestamp":"2022-03-14T01:08:46.797Z"}
{"level":"is","message":"date","timestamp":"2022-03-14T01:08:46.797Z"}
{"level":"is","message":"date","timestamp":"2022-03-14T01:08:46.797Z"}
{"level":"is","message":"date","timestamp":"2022-03-14T01:08:46.798Z"}
{"level":"is","message":{"edit":"2022-03-14T01:08:46.501Z","end":"2022-12-11T16:00:00.000Z","seconds":3,"start":"2022-03-14T01:08:46.501Z"},"timestamp":"2022-03-14T01:08:46.798Z"}
{"level":"is","message":"number","timestamp":"2022-03-14T01:08:46.799Z"}
{"level":"is","message":"number","timestamp":"2022-03-14T01:08:46.800Z"}
{"level":"is","message":"number","timestamp":"2022-03-14T01:08:46.800Z"}
{"level":"is","message":"number","timestamp":"2022-03-14T01:08:46.800Z"}
{"level":"is","message":"string","timestamp":"2022-03-14T01:08:46.800Z"}
{"level":"is","message":"number","timestamp":"2022-03-14T01:08:46.801Z"}
{"level":"problem","message":"the two types dont match","timestamp":"2022-03-14T01:08:46.801Z"}
{"level":"step","message":"if there are not callbacks","timestamp":"2022-03-14T01:08:46.801Z"}
{"level":"is","message":{"importance":2,"seconds":20,"user_id":1},"timestamp":"2022-03-14T01:08:46.802Z"}
{"level":"is","message":"string","timestamp":"2022-03-14T01:08:46.802Z"}
{"level":"is","message":"string","timestamp":"2022-03-14T01:08:46.802Z"}
{"level":"is","message":"string","timestamp":"2022-03-14T01:08:46.803Z"}
{"level":"is","message":"number","timestamp":"2022-03-14T01:08:46.803Z"}
{"level":"problem","message":"the two types dont match","timestamp":"2022-03-14T01:08:46.803Z"}
{"level":"step","message":"if there are not callbacks","timestamp":"2022-03-14T01:08:46.803Z"}
{"level":"is","message":{"importance":1,"status":"to do"},"timestamp":"2022-03-14T01:08:46.804Z"}
{"level":"is","message":"string","timestamp":"2022-03-14T01:08:46.805Z"}
{"level":"is","message":"number","timestamp":"2022-03-14T01:08:46.805Z"}
{"level":"problem","message":"the two types dont match","timestamp":"2022-03-14T01:08:46.805Z"}
{"level":"step","message":"if there are not callbacks","timestamp":"2022-03-14T01:08:46.805Z"}
{"level":"is","message":"string","timestamp":"2022-03-14T01:08:46.805Z"}
{"level":"is","message":"number","timestamp":"2022-03-14T01:08:46.806Z"}
{"level":"problem","message":"the two types dont match","timestamp":"2022-03-14T01:08:46.806Z"}
{"level":"step","message":"if there are not callbacks","timestamp":"2022-03-14T01:08:46.806Z"}
{"level":"is","message":"string","timestamp":"2022-03-14T01:08:46.806Z"}
{"level":"is","message":"boolean","timestamp":"2022-03-14T01:08:46.806Z"}
{"level":"problem","message":"the two types dont match","timestamp":"2022-03-14T01:08:46.807Z"}
{"level":"step","message":"if there are not callbacks","timestamp":"2022-03-14T01:08:46.807Z"}
{"level":"is","message":"string","timestamp":"2022-03-14T01:08:46.807Z"}
{"level":"is","message":"string","timestamp":"2022-03-14T01:08:46.807Z"}
{"level":"is","message":"string","timestamp":"2022-03-14T01:08:46.808Z"}
{"level":"is","message":"number","timestamp":"2022-03-14T01:08:46.808Z"}
{"level":"problem","message":"the two types dont match","timestamp":"2022-03-14T01:08:46.808Z"}
{"level":"step","message":"if there are not callbacks","timestamp":"2022-03-14T01:08:46.808Z"}
{"level":"is","message":"string","timestamp":"2022-03-14T01:08:46.808Z"}
{"level":"is","message":"number","timestamp":"2022-03-14T01:08:46.809Z"}
{"level":"problem","message":"the two types dont match","timestamp":"2022-03-14T01:08:46.809Z"}
{"level":"step","message":"if there are not callbacks","timestamp":"2022-03-14T01:08:46.809Z"}
{"level":"is","message":"date","timestamp":"2022-03-14T01:08:46.809Z"}
{"level":"is","message":"date","timestamp":"2022-03-14T01:08:46.809Z"}
{"level":"is","message":"date","timestamp":"2022-03-14T01:08:46.810Z"}
{"level":"is","message":"date","timestamp":"2022-03-14T01:08:46.810Z"}
{"level":"is","message":"date","timestamp":"2022-03-14T01:08:46.810Z"}
{"level":"is","message":"date","timestamp":"2022-03-14T01:08:46.810Z"}
{"level":"is","message":{"difficulty":3,"edit":"2020-12-21T16:00:00.000Z","end":"2020-12-21T16:00:00.000Z","importance":1,"public":true,"start":"2022-03-14T01:08:46.501Z","status":"to do"},"timestamp":"2022-03-14T01:08:46.811Z"}
{"level":"is","message":"number","timestamp":"2022-03-14T01:08:46.812Z"}
{"level":"is","message":"number","timestamp":"2022-03-14T01:08:46.812Z"}
{"level":"is","message":"string","timestamp":"2022-03-14T01:08:46.812Z"}
{"level":"is","message":"string","timestamp":"2022-03-14T01:08:46.812Z"}
{"level":"is","message":{"seconds":20,"status":"doing"},"timestamp":"2022-03-14T01:08:46.812Z"}
{"level":"is","message":"string","timestamp":"2022-03-14T01:08:46.813Z"}
{"level":"is","message":"date","timestamp":"2022-03-14T01:08:46.814Z"}
{"level":"problem","message":"the two types dont match","timestamp":"2022-03-14T01:08:46.814Z"}
{"level":"step","message":"if there are not callbacks","timestamp":"2022-03-14T01:08:46.814Z"}
{"level":"is","message":"date","timestamp":"2022-03-14T01:08:46.814Z"}
{"level":"is","message":"date","timestamp":"2022-03-14T01:08:46.814Z"}
{"level":"is","message":"string","timestamp":"2022-03-14T01:08:46.815Z"}
{"level":"is","message":"date","timestamp":"2022-03-14T01:08:46.816Z"}
{"level":"problem","message":"the two types dont match","timestamp":"2022-03-14T01:08:46.816Z"}
{"level":"step","message":"if there are not callbacks","timestamp":"2022-03-14T01:08:46.816Z"}
{"level":"is","message":{"edit":"2020-12-14T16:00:00.000Z"},"timestamp":"2022-03-14T01:08:46.816Z"}
{"level":"is","message":"number","timestamp":"2022-03-14T01:08:46.817Z"}
{"level":"is","message":"number","timestamp":"2022-03-14T01:08:46.817Z"}
{"level":"is","message":"string","timestamp":"2022-03-14T01:08:46.817Z"}
{"level":"is","message":"number","timestamp":"2022-03-14T01:08:46.817Z"}
{"level":"problem","message":"the two types dont match","timestamp":"2022-03-14T01:08:46.817Z"}
{"level":"step","message":"if there are not callbacks","timestamp":"2022-03-14T01:08:46.818Z"}
{"level":"is","message":"string","timestamp":"2022-03-14T01:08:46.818Z"}
{"level":"is","message":"boolean","timestamp":"2022-03-14T01:08:46.818Z"}
{"level":"problem","message":"the two types dont match","timestamp":"2022-03-14T01:08:46.818Z"}
{"level":"step","message":"if there are not callbacks","timestamp":"2022-03-14T01:08:46.818Z"}
{"level":"is","message":"string","timestamp":"2022-03-14T01:08:46.818Z"}
{"level":"is","message":"string","timestamp":"2022-03-14T01:08:46.819Z"}
{"level":"is","message":"string","timestamp":"2022-03-14T01:08:46.819Z"}
{"level":"is","message":"number","timestamp":"2022-03-14T01:08:46.819Z"}
{"level":"problem","message":"the two types dont match","timestamp":"2022-03-14T01:08:46.819Z"}
{"level":"step","message":"if there are not callbacks","timestamp":"2022-03-14T01:08:46.819Z"}
{"level":"is","message":"string","timestamp":"2022-03-14T01:08:46.820Z"}
{"level":"is","message":"number","timestamp":"2022-03-14T01:08:46.820Z"}
{"level":"problem","message":"the two types dont match","timestamp":"2022-03-14T01:08:46.820Z"}
{"level":"step","message":"if there are not callbacks","timestamp":"2022-03-14T01:08:46.820Z"}
{"level":"is","message":"date","timestamp":"2022-03-14T01:08:46.820Z"}
{"level":"is","message":"date","timestamp":"2022-03-14T01:08:46.820Z"}
{"level":"is","message":{"difficulty":3,"importance":3,"public":true,"start":"2021-12-07T16:00:00.000Z","status":"to do","user_id":4},"timestamp":"2022-03-14T01:08:46.821Z"}
{"level":"done","message":"test clean post object","timestamp":"2022-03-14T01:09:36.286Z"}
{"level":"problem","message":"its not running","timestamp":"2022-03-14T01:09:36.428Z"}
{"level":"is","message":"number","timestamp":"2022-03-14T01:09:36.505Z"}
{"level":"is","message":"number","timestamp":"2022-03-14T01:09:36.505Z"}
{"level":"is","message":"string","timestamp":"2022-03-14T01:09:36.506Z"}
{"level":"is","message":"string","timestamp":"2022-03-14T01:09:36.506Z"}
{"level":"is","message":{"seconds":20,"status":"doing"},"timestamp":"2022-03-14T01:09:36.507Z"}
{"level":"is","message":"string","timestamp":"2022-03-14T01:09:36.509Z"}
{"level":"is","message":"string","timestamp":"2022-03-14T01:09:36.509Z"}
{"level":"is","message":"number","timestamp":"2022-03-14T01:09:36.510Z"}
{"level":"is","message":"number","timestamp":"2022-03-14T01:09:36.510Z"}
{"level":"is","message":"number","timestamp":"2022-03-14T01:09:36.510Z"}
{"level":"is","message":"number","timestamp":"2022-03-14T01:09:36.511Z"}
{"level":"is","message":{"difficulty":3,"importance":1,"status":"to do"},"timestamp":"2022-03-14T01:09:36.511Z"}
{"level":"is","message":"string","timestamp":"2022-03-14T01:09:36.512Z"}
{"level":"is","message":"string","timestamp":"2022-03-14T01:09:36.513Z"}
{"level":"is","message":"string","timestamp":"2022-03-14T01:09:36.513Z"}
{"level":"is","message":"number","timestamp":"2022-03-14T01:09:36.513Z"}
{"level":"problem","message":"the two types dont match","timestamp":"2022-03-14T01:09:36.513Z"}
{"level":"step","message":"if there are not callbacks","timestamp":"2022-03-14T01:09:36.514Z"}
{"level":"is","message":{"importance":1,"status":"to do"},"timestamp":"2022-03-14T01:09:36.514Z"}
{"level":"is","message":"string","timestamp":"2022-03-14T01:09:36.515Z"}
{"level":"is","message":"number","timestamp":"2022-03-14T01:09:36.515Z"}
{"level":"problem","message":"the two types dont match","timestamp":"2022-03-14T01:09:36.515Z"}
{"level":"step","message":"if there are not callbacks","timestamp":"2022-03-14T01:09:36.516Z"}
{"level":"is","message":"string","timestamp":"2022-03-14T01:09:36.516Z"}
{"level":"is","message":"number","timestamp":"2022-03-14T01:09:36.516Z"}
{"level":"problem","message":"the two types dont match","timestamp":"2022-03-14T01:09:36.516Z"}
{"level":"step","message":"if there are not callbacks","timestamp":"2022-03-14T01:09:36.516Z"}
{"level":"is","message":"string","timestamp":"2022-03-14T01:09:36.517Z"}
{"level":"is","message":"boolean","timestamp":"2022-03-14T01:09:36.517Z"}
{"level":"problem","message":"the two types dont match","timestamp":"2022-03-14T01:09:36.517Z"}
{"level":"step","message":"if there are not callbacks","timestamp":"2022-03-14T01:09:36.517Z"}
{"level":"is","message":"string","timestamp":"2022-03-14T01:09:36.517Z"}
{"level":"is","message":"string","timestamp":"2022-03-14T01:09:36.517Z"}
{"level":"is","message":"string","timestamp":"2022-03-14T01:09:36.518Z"}
{"level":"is","message":"number","timestamp":"2022-03-14T01:09:36.518Z"}
{"level":"problem","message":"the two types dont match","timestamp":"2022-03-14T01:09:36.518Z"}
{"level":"step","message":"if there are not callbacks","timestamp":"2022-03-14T01:09:36.518Z"}
{"level":"is","message":"string","timestamp":"2022-03-14T01:09:36.518Z"}
{"level":"is","message":"number","timestamp":"2022-03-14T01:09:36.518Z"}
{"level":"problem","message":"the two types dont match","timestamp":"2022-03-14T01:09:36.518Z"}
{"level":"step","message":"if there are not callbacks","timestamp":"2022-03-14T01:09:36.519Z"}
{"level":"is","message":"date","timestamp":"2022-03-14T01:09:36.519Z"}
{"level":"is","message":"date","timestamp":"2022-03-14T01:09:36.519Z"}
{"level":"is","message":"date","timestamp":"2022-03-14T01:09:36.520Z"}
{"level":"is","message":"date","timestamp":"2022-03-14T01:09:36.520Z"}
{"level":"is","message":"date","timestamp":"2022-03-14T01:09:36.521Z"}
{"level":"is","message":"date","timestamp":"2022-03-14T01:09:36.521Z"}
{"level":"is","message":{"difficulty":3,"edit":"2020-12-21T16:00:00.000Z","end":"2020-12-21T16:00:00.000Z","importance":1,"public":true,"start":"2022-03-14T01:09:36.276Z","status":"to do"},"timestamp":"2022-03-14T01:09:36.522Z"}
{"level":"is","message":"number","timestamp":"2022-03-14T01:09:36.524Z"}
{"level":"is","message":"number","timestamp":"2022-03-14T01:09:36.524Z"}
{"level":"is","message":"date","timestamp":"2022-03-14T01:09:36.524Z"}
{"level":"is","message":"date","timestamp":"2022-03-14T01:09:36.525Z"}
{"level":"is","message":"date","timestamp":"2022-03-14T01:09:36.525Z"}
{"level":"is","message":"date","timestamp":"2022-03-14T01:09:36.525Z"}
{"level":"is","message":"date","timestamp":"2022-03-14T01:09:36.526Z"}
{"level":"is","message":"date","timestamp":"2022-03-14T01:09:36.526Z"}
{"level":"is","message":{"edit":"2022-03-14T01:09:36.276Z","end":"2022-12-11T16:00:00.000Z","seconds":3,"start":"2022-03-14T01:09:36.276Z"},"timestamp":"2022-03-14T01:09:36.526Z"}
{"level":"is","message":"string","timestamp":"2022-03-14T01:09:36.527Z"}
{"level":"is","message":"number","timestamp":"2022-03-14T01:09:36.527Z"}
{"level":"problem","message":"the two types dont match","timestamp":"2022-03-14T01:09:36.527Z"}
{"level":"step","message":"if there are not callbacks","timestamp":"2022-03-14T01:09:36.528Z"}
{"level":"is","message":"string","timestamp":"2022-03-14T01:09:36.528Z"}
{"level":"is","message":"number","timestamp":"2022-03-14T01:09:36.528Z"}
{"level":"problem","message":"the two types dont match","timestamp":"2022-03-14T01:09:36.528Z"}
{"level":"step","message":"if there are not callbacks","timestamp":"2022-03-14T01:09:36.528Z"}
{"level":"is","message":"string","timestamp":"2022-03-14T01:09:36.528Z"}
{"level":"is","message":"boolean","timestamp":"2022-03-14T01:09:36.529Z"}
{"level":"problem","message":"the two types dont match","timestamp":"2022-03-14T01:09:36.529Z"}
{"level":"step","message":"if there are not callbacks","timestamp":"2022-03-14T01:09:36.529Z"}
{"level":"is","message":"string","timestamp":"2022-03-14T01:09:36.529Z"}
{"level":"is","message":"string","timestamp":"2022-03-14T01:09:36.529Z"}
{"level":"is","message":"string","timestamp":"2022-03-14T01:09:36.529Z"}
{"level":"is","message":"number","timestamp":"2022-03-14T01:09:36.529Z"}
{"level":"problem","message":"the two types dont match","timestamp":"2022-03-14T01:09:36.530Z"}
{"level":"step","message":"if there are not callbacks","timestamp":"2022-03-14T01:09:36.530Z"}
{"level":"is","message":"string","timestamp":"2022-03-14T01:09:36.530Z"}
{"level":"is","message":"number","timestamp":"2022-03-14T01:09:36.530Z"}
{"level":"problem","message":"the two types dont match","timestamp":"2022-03-14T01:09:36.530Z"}
{"level":"step","message":"if there are not callbacks","timestamp":"2022-03-14T01:09:36.530Z"}
{"level":"is","message":"date","timestamp":"2022-03-14T01:09:36.531Z"}
{"level":"is","message":"date","timestamp":"2022-03-14T01:09:36.531Z"}
{"level":"is","message":"date","timestamp":"2022-03-14T01:09:36.531Z"}
{"level":"is","message":"date","timestamp":"2022-03-14T01:09:36.531Z"}
{"level":"is","message":"date","timestamp":"2022-03-14T01:09:36.531Z"}
{"level":"is","message":"date","timestamp":"2022-03-14T01:09:36.532Z"}
{"level":"is","message":{"difficulty":3,"edit":"2020-12-21T16:00:00.000Z","end":"2020-12-21T16:00:00.000Z","importance":1,"public":true,"start":"2022-03-14T01:09:36.276Z","status":"to do"},"timestamp":"2022-03-14T01:09:36.532Z"}
{"level":"is","message":"string","timestamp":"2022-03-14T01:09:36.533Z"}
{"level":"is","message":"date","timestamp":"2022-03-14T01:09:36.533Z"}
{"level":"problem","message":"the two types dont match","timestamp":"2022-03-14T01:09:36.533Z"}
{"level":"step","message":"if there are not callbacks","timestamp":"2022-03-14T01:09:36.533Z"}
{"level":"is","message":"date","timestamp":"2022-03-14T01:09:36.533Z"}
{"level":"is","message":"date","timestamp":"2022-03-14T01:09:36.533Z"}
{"level":"is","message":"string","timestamp":"2022-03-14T01:09:36.535Z"}
{"level":"is","message":"date","timestamp":"2022-03-14T01:09:36.535Z"}
{"level":"problem","message":"the two types dont match","timestamp":"2022-03-14T01:09:36.535Z"}
{"level":"step","message":"if there are not callbacks","timestamp":"2022-03-14T01:09:36.535Z"}
{"level":"is","message":{"edit":"2020-12-14T16:00:00.000Z"},"timestamp":"2022-03-14T01:09:36.536Z"}
{"level":"is","message":"boolean","timestamp":"2022-03-14T01:09:36.536Z"}
{"level":"is","message":"boolean","timestamp":"2022-03-14T01:09:36.537Z"}
{"level":"is","message":"string","timestamp":"2022-03-14T01:09:36.537Z"}
{"level":"is","message":"string","timestamp":"2022-03-14T01:09:36.537Z"}
{"level":"is","message":"number","timestamp":"2022-03-14T01:09:36.537Z"}
{"level":"is","message":"number","timestamp":"2022-03-14T01:09:36.537Z"}
{"level":"is","message":"number","timestamp":"2022-03-14T01:09:36.537Z"}
{"level":"is","message":"number","timestamp":"2022-03-14T01:09:36.538Z"}
{"level":"is","message":{"difficulty":3,"importance":1,"public":true,"status":"to do"},"timestamp":"2022-03-14T01:09:36.538Z"}
{"level":"is","message":"number","timestamp":"2022-03-14T01:09:36.538Z"}
{"level":"is","message":"number","timestamp":"2022-03-14T01:09:36.539Z"}
{"level":"is","message":"number","timestamp":"2022-03-14T01:09:36.539Z"}
{"level":"is","message":"number","timestamp":"2022-03-14T01:09:36.539Z"}
{"level":"is","message":"string","timestamp":"2022-03-14T01:09:36.539Z"}
{"level":"is","message":"number","timestamp":"2022-03-14T01:09:36.539Z"}
{"level":"problem","message":"the two types dont match","timestamp":"2022-03-14T01:09:36.540Z"}
{"level":"step","message":"if there are not callbacks","timestamp":"2022-03-14T01:09:36.540Z"}
{"level":"is","message":{"importance":2,"seconds":20,"user_id":1},"timestamp":"2022-03-14T01:09:36.540Z"}
{"level":"is","message":"number","timestamp":"2022-03-14T01:09:36.541Z"}
{"level":"is","message":"number","timestamp":"2022-03-14T01:09:36.541Z"}
{"level":"is","message":"string","timestamp":"2022-03-14T01:09:36.541Z"}
{"level":"is","message":"number","timestamp":"2022-03-14T01:09:36.541Z"}
{"level":"problem","message":"the two types dont match","timestamp":"2022-03-14T01:09:36.542Z"}
{"level":"step","message":"if there are not callbacks","timestamp":"2022-03-14T01:09:36.542Z"}
{"level":"is","message":"string","timestamp":"2022-03-14T01:09:36.542Z"}
{"level":"is","message":"boolean","timestamp":"2022-03-14T01:09:36.542Z"}
{"level":"problem","message":"the two types dont match","timestamp":"2022-03-14T01:09:36.542Z"}
{"level":"step","message":"if there are not callbacks","timestamp":"2022-03-14T01:09:36.542Z"}
{"level":"is","message":"string","timestamp":"2022-03-14T01:09:36.543Z"}
{"level":"is","message":"string","timestamp":"2022-03-14T01:09:36.543Z"}
{"level":"is","message":"string","timestamp":"2022-03-14T01:09:36.543Z"}
{"level":"is","message":"number","timestamp":"2022-03-14T01:09:36.543Z"}
{"level":"problem","message":"the two types dont match","timestamp":"2022-03-14T01:09:36.543Z"}
{"level":"step","message":"if there are not callbacks","timestamp":"2022-03-14T01:09:36.543Z"}
{"level":"is","message":"string","timestamp":"2022-03-14T01:09:36.544Z"}
{"level":"is","message":"number","timestamp":"2022-03-14T01:09:36.544Z"}
{"level":"problem","message":"the two types dont match","timestamp":"2022-03-14T01:09:36.544Z"}
{"level":"step","message":"if there are not callbacks","timestamp":"2022-03-14T01:09:36.544Z"}
{"level":"is","message":"date","timestamp":"2022-03-14T01:09:36.544Z"}
{"level":"is","message":"date","timestamp":"2022-03-14T01:09:36.545Z"}
{"level":"is","message":{"difficulty":3,"importance":3,"public":true,"start":"2021-12-07T16:00:00.000Z","status":"to do","user_id":4},"timestamp":"2022-03-14T01:09:36.545Z"}
{"level":"done","message":"test clean post object","timestamp":"2022-03-14T01:10:05.598Z"}
{"level":"problem","message":"its not running","timestamp":"2022-03-14T01:10:05.737Z"}
{"level":"is","message":"number","timestamp":"2022-03-14T01:10:05.832Z"}
{"level":"is","message":"number","timestamp":"2022-03-14T01:10:05.833Z"}
{"level":"is","message":"string","timestamp":"2022-03-14T01:10:05.834Z"}
{"level":"is","message":"string","timestamp":"2022-03-14T01:10:05.834Z"}
{"level":"is","message":{"seconds":20,"status":"doing"},"timestamp":"2022-03-14T01:10:05.835Z"}
{"level":"is","message":"string","timestamp":"2022-03-14T01:10:05.836Z"}
{"level":"is","message":"string","timestamp":"2022-03-14T01:10:05.837Z"}
{"level":"is","message":"number","timestamp":"2022-03-14T01:10:05.838Z"}
{"level":"is","message":"number","timestamp":"2022-03-14T01:10:05.838Z"}
{"level":"is","message":"number","timestamp":"2022-03-14T01:10:05.838Z"}
{"level":"is","message":"number","timestamp":"2022-03-14T01:10:05.839Z"}
{"level":"is","message":{"difficulty":3,"importance":1,"status":"to do"},"timestamp":"2022-03-14T01:10:05.839Z"}
{"level":"is","message":"string","timestamp":"2022-03-14T01:10:05.841Z"}
{"level":"is","message":"string","timestamp":"2022-03-14T01:10:05.842Z"}
{"level":"is","message":"string","timestamp":"2022-03-14T01:10:05.842Z"}
{"level":"is","message":"number","timestamp":"2022-03-14T01:10:05.842Z"}
{"level":"problem","message":"the two types dont match","timestamp":"2022-03-14T01:10:05.842Z"}
{"level":"step","message":"if there are not callbacks","timestamp":"2022-03-14T01:10:05.843Z"}
{"level":"is","message":{"importance":1,"status":"to do"},"timestamp":"2022-03-14T01:10:05.843Z"}
{"level":"is","message":"string","timestamp":"2022-03-14T01:10:05.844Z"}
{"level":"is","message":"number","timestamp":"2022-03-14T01:10:05.845Z"}
{"level":"problem","message":"the two types dont match","timestamp":"2022-03-14T01:10:05.845Z"}
{"level":"step","message":"if there are not callbacks","timestamp":"2022-03-14T01:10:05.845Z"}
{"level":"is","message":"string","timestamp":"2022-03-14T01:10:05.846Z"}
{"level":"is","message":"number","timestamp":"2022-03-14T01:10:05.846Z"}
{"level":"problem","message":"the two types dont match","timestamp":"2022-03-14T01:10:05.846Z"}
{"level":"step","message":"if there are not callbacks","timestamp":"2022-03-14T01:10:05.846Z"}
{"level":"is","message":"string","timestamp":"2022-03-14T01:10:05.847Z"}
{"level":"is","message":"boolean","timestamp":"2022-03-14T01:10:05.847Z"}
{"level":"problem","message":"the two types dont match","timestamp":"2022-03-14T01:10:05.847Z"}
{"level":"step","message":"if there are not callbacks","timestamp":"2022-03-14T01:10:05.847Z"}
{"level":"is","message":"string","timestamp":"2022-03-14T01:10:05.848Z"}
{"level":"is","message":"string","timestamp":"2022-03-14T01:10:05.848Z"}
{"level":"is","message":"string","timestamp":"2022-03-14T01:10:05.848Z"}
{"level":"is","message":"number","timestamp":"2022-03-14T01:10:05.848Z"}
{"level":"problem","message":"the two types dont match","timestamp":"2022-03-14T01:10:05.848Z"}
{"level":"step","message":"if there are not callbacks","timestamp":"2022-03-14T01:10:05.849Z"}
{"level":"is","message":"string","timestamp":"2022-03-14T01:10:05.849Z"}
{"level":"is","message":"number","timestamp":"2022-03-14T01:10:05.849Z"}
{"level":"problem","message":"the two types dont match","timestamp":"2022-03-14T01:10:05.849Z"}
{"level":"step","message":"if there are not callbacks","timestamp":"2022-03-14T01:10:05.849Z"}
{"level":"is","message":"date","timestamp":"2022-03-14T01:10:05.850Z"}
{"level":"is","message":"date","timestamp":"2022-03-14T01:10:05.850Z"}
{"level":"is","message":"date","timestamp":"2022-03-14T01:10:05.851Z"}
{"level":"is","message":"date","timestamp":"2022-03-14T01:10:05.851Z"}
{"level":"is","message":"date","timestamp":"2022-03-14T01:10:05.852Z"}
{"level":"is","message":"date","timestamp":"2022-03-14T01:10:05.852Z"}
{"level":"is","message":{"difficulty":3,"edit":"2020-12-21T16:00:00.000Z","end":"2020-12-21T16:00:00.000Z","importance":1,"public":true,"start":"2022-03-14T01:10:05.590Z","status":"to do"},"timestamp":"2022-03-14T01:10:05.853Z"}
{"level":"is","message":"number","timestamp":"2022-03-14T01:10:05.854Z"}
{"level":"is","message":"number","timestamp":"2022-03-14T01:10:05.854Z"}
{"level":"is","message":"date","timestamp":"2022-03-14T01:10:05.855Z"}
{"level":"is","message":"date","timestamp":"2022-03-14T01:10:05.855Z"}
{"level":"is","message":"date","timestamp":"2022-03-14T01:10:05.856Z"}
{"level":"is","message":"date","timestamp":"2022-03-14T01:10:05.856Z"}
{"level":"is","message":"date","timestamp":"2022-03-14T01:10:05.856Z"}
{"level":"is","message":"date","timestamp":"2022-03-14T01:10:05.856Z"}
{"level":"is","message":{"edit":"2022-03-14T01:10:05.590Z","end":"2022-12-11T16:00:00.000Z","seconds":3,"start":"2022-03-14T01:10:05.590Z"},"timestamp":"2022-03-14T01:10:05.857Z"}
{"level":"is","message":"string","timestamp":"2022-03-14T01:10:05.858Z"}
{"level":"is","message":"number","timestamp":"2022-03-14T01:10:05.858Z"}
{"level":"problem","message":"the two types dont match","timestamp":"2022-03-14T01:10:05.858Z"}
{"level":"step","message":"if there are not callbacks","timestamp":"2022-03-14T01:10:05.859Z"}
{"level":"is","message":"string","timestamp":"2022-03-14T01:10:05.859Z"}
{"level":"is","message":"number","timestamp":"2022-03-14T01:10:05.859Z"}
{"level":"problem","message":"the two types dont match","timestamp":"2022-03-14T01:10:05.859Z"}
{"level":"step","message":"if there are not callbacks","timestamp":"2022-03-14T01:10:05.859Z"}
{"level":"is","message":"string","timestamp":"2022-03-14T01:10:05.860Z"}
{"level":"is","message":"boolean","timestamp":"2022-03-14T01:10:05.860Z"}
{"level":"problem","message":"the two types dont match","timestamp":"2022-03-14T01:10:05.860Z"}
{"level":"step","message":"if there are not callbacks","timestamp":"2022-03-14T01:10:05.860Z"}
{"level":"is","message":"string","timestamp":"2022-03-14T01:10:05.861Z"}
{"level":"is","message":"string","timestamp":"2022-03-14T01:10:05.861Z"}
{"level":"is","message":"string","timestamp":"2022-03-14T01:10:05.861Z"}
{"level":"is","message":"number","timestamp":"2022-03-14T01:10:05.861Z"}
{"level":"problem","message":"the two types dont match","timestamp":"2022-03-14T01:10:05.862Z"}
{"level":"step","message":"if there are not callbacks","timestamp":"2022-03-14T01:10:05.862Z"}
{"level":"is","message":"string","timestamp":"2022-03-14T01:10:05.862Z"}
{"level":"is","message":"number","timestamp":"2022-03-14T01:10:05.862Z"}
{"level":"problem","message":"the two types dont match","timestamp":"2022-03-14T01:10:05.862Z"}
{"level":"step","message":"if there are not callbacks","timestamp":"2022-03-14T01:10:05.863Z"}
{"level":"is","message":"date","timestamp":"2022-03-14T01:10:05.863Z"}
{"level":"is","message":"date","timestamp":"2022-03-14T01:10:05.863Z"}
{"level":"is","message":"date","timestamp":"2022-03-14T01:10:05.863Z"}
{"level":"is","message":"date","timestamp":"2022-03-14T01:10:05.864Z"}
{"level":"is","message":"date","timestamp":"2022-03-14T01:10:05.864Z"}
{"level":"is","message":"date","timestamp":"2022-03-14T01:10:05.864Z"}
{"level":"is","message":{"difficulty":3,"edit":"2020-12-21T16:00:00.000Z","end":"2020-12-21T16:00:00.000Z","importance":1,"public":true,"start":"2022-03-14T01:10:05.590Z","status":"to do"},"timestamp":"2022-03-14T01:10:05.865Z"}
{"level":"is","message":"boolean","timestamp":"2022-03-14T01:10:05.865Z"}
{"level":"is","message":"boolean","timestamp":"2022-03-14T01:10:05.865Z"}
{"level":"is","message":"string","timestamp":"2022-03-14T01:10:05.866Z"}
{"level":"is","message":"string","timestamp":"2022-03-14T01:10:05.866Z"}
{"level":"is","message":"number","timestamp":"2022-03-14T01:10:05.866Z"}
{"level":"is","message":"number","timestamp":"2022-03-14T01:10:05.866Z"}
{"level":"is","message":"number","timestamp":"2022-03-14T01:10:05.866Z"}
{"level":"is","message":"number","timestamp":"2022-03-14T01:10:05.867Z"}
{"level":"is","message":{"difficulty":3,"importance":1,"public":true,"status":"to do"},"timestamp":"2022-03-14T01:10:05.867Z"}
{"level":"is","message":"string","timestamp":"2022-03-14T01:10:05.868Z"}
{"level":"is","message":"date","timestamp":"2022-03-14T01:10:05.868Z"}
{"level":"problem","message":"the two types dont match","timestamp":"2022-03-14T01:10:05.868Z"}
{"level":"step","message":"if there are not callbacks","timestamp":"2022-03-14T01:10:05.868Z"}
{"level":"is","message":"date","timestamp":"2022-03-14T01:10:05.868Z"}
{"level":"is","message":"date","timestamp":"2022-03-14T01:10:05.868Z"}
{"level":"is","message":"string","timestamp":"2022-03-14T01:10:05.870Z"}
{"level":"is","message":"date","timestamp":"2022-03-14T01:10:05.870Z"}
{"level":"problem","message":"the two types dont match","timestamp":"2022-03-14T01:10:05.870Z"}
{"level":"step","message":"if there are not callbacks","timestamp":"2022-03-14T01:10:05.870Z"}
{"level":"is","message":{"edit":"2020-12-14T16:00:00.000Z"},"timestamp":"2022-03-14T01:10:05.870Z"}
{"level":"is","message":"number","timestamp":"2022-03-14T01:10:05.871Z"}
{"level":"is","message":"number","timestamp":"2022-03-14T01:10:05.871Z"}
{"level":"is","message":"string","timestamp":"2022-03-14T01:10:05.871Z"}
{"level":"is","message":"number","timestamp":"2022-03-14T01:10:05.872Z"}
{"level":"problem","message":"the two types dont match","timestamp":"2022-03-14T01:10:05.872Z"}
{"level":"step","message":"if there are not callbacks","timestamp":"2022-03-14T01:10:05.872Z"}
{"level":"is","message":"string","timestamp":"2022-03-14T01:10:05.872Z"}
{"level":"is","message":"boolean","timestamp":"2022-03-14T01:10:05.872Z"}
{"level":"problem","message":"the two types dont match","timestamp":"2022-03-14T01:10:05.872Z"}
{"level":"step","message":"if there are not callbacks","timestamp":"2022-03-14T01:10:05.872Z"}
{"level":"is","message":"string","timestamp":"2022-03-14T01:10:05.873Z"}
{"level":"is","message":"string","timestamp":"2022-03-14T01:10:05.873Z"}
{"level":"is","message":"string","timestamp":"2022-03-14T01:10:05.873Z"}
{"level":"is","message":"number","timestamp":"2022-03-14T01:10:05.873Z"}
{"level":"problem","message":"the two types dont match","timestamp":"2022-03-14T01:10:05.873Z"}
{"level":"step","message":"if there are not callbacks","timestamp":"2022-03-14T01:10:05.873Z"}
{"level":"is","message":"string","timestamp":"2022-03-14T01:10:05.874Z"}
{"level":"is","message":"number","timestamp":"2022-03-14T01:10:05.874Z"}
{"level":"problem","message":"the two types dont match","timestamp":"2022-03-14T01:10:05.874Z"}
{"level":"step","message":"if there are not callbacks","timestamp":"2022-03-14T01:10:05.874Z"}
{"level":"is","message":"date","timestamp":"2022-03-14T01:10:05.874Z"}
{"level":"is","message":"date","timestamp":"2022-03-14T01:10:05.874Z"}
{"level":"is","message":{"difficulty":3,"importance":3,"public":true,"start":"2021-12-07T16:00:00.000Z","status":"to do","user_id":4},"timestamp":"2022-03-14T01:10:05.875Z"}
{"level":"is","message":"number","timestamp":"2022-03-14T01:10:05.876Z"}
{"level":"is","message":"number","timestamp":"2022-03-14T01:10:05.876Z"}
{"level":"is","message":"number","timestamp":"2022-03-14T01:10:05.876Z"}
{"level":"is","message":"number","timestamp":"2022-03-14T01:10:05.876Z"}
{"level":"is","message":"string","timestamp":"2022-03-14T01:10:05.876Z"}
{"level":"is","message":"number","timestamp":"2022-03-14T01:10:05.876Z"}
{"level":"problem","message":"the two types dont match","timestamp":"2022-03-14T01:10:05.876Z"}
{"level":"step","message":"if there are not callbacks","timestamp":"2022-03-14T01:10:05.877Z"}
{"level":"is","message":{"importance":2,"seconds":20,"user_id":1},"timestamp":"2022-03-14T01:10:05.877Z"}
{"level":"done","message":"test clean post object","timestamp":"2022-03-14T01:10:27.039Z"}
{"level":"problem","message":"its not running","timestamp":"2022-03-14T01:10:27.175Z"}
{"level":"is","message":"string","timestamp":"2022-03-14T01:10:27.252Z"}
{"level":"is","message":"number","timestamp":"2022-03-14T01:10:27.253Z"}
{"level":"problem","message":"the two types dont match","timestamp":"2022-03-14T01:10:27.253Z"}
{"level":"step","message":"if there are not callbacks","timestamp":"2022-03-14T01:10:27.253Z"}
{"level":"is","message":"string","timestamp":"2022-03-14T01:10:27.255Z"}
{"level":"is","message":"number","timestamp":"2022-03-14T01:10:27.255Z"}
{"level":"problem","message":"the two types dont match","timestamp":"2022-03-14T01:10:27.255Z"}
{"level":"step","message":"if there are not callbacks","timestamp":"2022-03-14T01:10:27.256Z"}
{"level":"is","message":"string","timestamp":"2022-03-14T01:10:27.256Z"}
{"level":"is","message":"boolean","timestamp":"2022-03-14T01:10:27.257Z"}
{"level":"problem","message":"the two types dont match","timestamp":"2022-03-14T01:10:27.257Z"}
{"level":"step","message":"if there are not callbacks","timestamp":"2022-03-14T01:10:27.257Z"}
{"level":"is","message":"string","timestamp":"2022-03-14T01:10:27.257Z"}
{"level":"is","message":"string","timestamp":"2022-03-14T01:10:27.258Z"}
{"level":"is","message":"string","timestamp":"2022-03-14T01:10:27.258Z"}
{"level":"is","message":"number","timestamp":"2022-03-14T01:10:27.258Z"}
{"level":"problem","message":"the two types dont match","timestamp":"2022-03-14T01:10:27.258Z"}
{"level":"step","message":"if there are not callbacks","timestamp":"2022-03-14T01:10:27.258Z"}
{"level":"is","message":"string","timestamp":"2022-03-14T01:10:27.259Z"}
{"level":"is","message":"number","timestamp":"2022-03-14T01:10:27.259Z"}
{"level":"problem","message":"the two types dont match","timestamp":"2022-03-14T01:10:27.259Z"}
{"level":"step","message":"if there are not callbacks","timestamp":"2022-03-14T01:10:27.259Z"}
{"level":"is","message":"date","timestamp":"2022-03-14T01:10:27.259Z"}
{"level":"is","message":"date","timestamp":"2022-03-14T01:10:27.259Z"}
{"level":"is","message":"date","timestamp":"2022-03-14T01:10:27.260Z"}
{"level":"is","message":"date","timestamp":"2022-03-14T01:10:27.260Z"}
{"level":"is","message":"date","timestamp":"2022-03-14T01:10:27.261Z"}
{"level":"is","message":"date","timestamp":"2022-03-14T01:10:27.261Z"}
{"level":"is","message":{"difficulty":3,"edit":"2020-12-21T16:00:00.000Z","end":"2020-12-21T16:00:00.000Z","importance":1,"public":true,"start":"2022-03-14T01:10:27.031Z","status":"to do"},"timestamp":"2022-03-14T01:10:27.262Z"}
{"level":"is","message":"number","timestamp":"2022-03-14T01:10:27.263Z"}
{"level":"is","message":"number","timestamp":"2022-03-14T01:10:27.263Z"}
{"level":"is","message":"date","timestamp":"2022-03-14T01:10:27.263Z"}
{"level":"is","message":"date","timestamp":"2022-03-14T01:10:27.263Z"}
{"level":"is","message":"date","timestamp":"2022-03-14T01:10:27.264Z"}
{"level":"is","message":"date","timestamp":"2022-03-14T01:10:27.264Z"}
{"level":"is","message":"date","timestamp":"2022-03-14T01:10:27.264Z"}
{"level":"is","message":"date","timestamp":"2022-03-14T01:10:27.264Z"}
{"level":"is","message":{"edit":"2022-03-14T01:10:27.031Z","end":"2022-12-11T16:00:00.000Z","seconds":3,"start":"2022-03-14T01:10:27.031Z"},"timestamp":"2022-03-14T01:10:27.265Z"}
{"level":"is","message":"number","timestamp":"2022-03-14T01:10:27.266Z"}
{"level":"is","message":"number","timestamp":"2022-03-14T01:10:27.266Z"}
{"level":"is","message":"string","timestamp":"2022-03-14T01:10:27.266Z"}
{"level":"is","message":"string","timestamp":"2022-03-14T01:10:27.267Z"}
{"level":"is","message":{"seconds":20,"status":"doing"},"timestamp":"2022-03-14T01:10:27.267Z"}
{"level":"is","message":"string","timestamp":"2022-03-14T01:10:27.267Z"}
{"level":"is","message":"string","timestamp":"2022-03-14T01:10:27.268Z"}
{"level":"is","message":"string","timestamp":"2022-03-14T01:10:27.268Z"}
{"level":"is","message":"number","timestamp":"2022-03-14T01:10:27.268Z"}
{"level":"problem","message":"the two types dont match","timestamp":"2022-03-14T01:10:27.268Z"}
{"level":"step","message":"if there are not callbacks","timestamp":"2022-03-14T01:10:27.268Z"}
{"level":"is","message":{"importance":1,"status":"to do"},"timestamp":"2022-03-14T01:10:27.269Z"}
{"level":"is","message":"boolean","timestamp":"2022-03-14T01:10:27.270Z"}
{"level":"is","message":"boolean","timestamp":"2022-03-14T01:10:27.270Z"}
{"level":"is","message":"string","timestamp":"2022-03-14T01:10:27.270Z"}
{"level":"is","message":"string","timestamp":"2022-03-14T01:10:27.270Z"}
{"level":"is","message":"number","timestamp":"2022-03-14T01:10:27.271Z"}
{"level":"is","message":"number","timestamp":"2022-03-14T01:10:27.271Z"}
{"level":"is","message":"number","timestamp":"2022-03-14T01:10:27.272Z"}
{"level":"is","message":"number","timestamp":"2022-03-14T01:10:27.272Z"}
{"level":"is","message":{"difficulty":3,"importance":1,"public":true,"status":"to do"},"timestamp":"2022-03-14T01:10:27.272Z"}
{"level":"is","message":"string","timestamp":"2022-03-14T01:10:27.274Z"}
{"level":"is","message":"number","timestamp":"2022-03-14T01:10:27.274Z"}
{"level":"problem","message":"the two types dont match","timestamp":"2022-03-14T01:10:27.274Z"}
{"level":"step","message":"if there are not callbacks","timestamp":"2022-03-14T01:10:27.274Z"}
{"level":"is","message":"string","timestamp":"2022-03-14T01:10:27.275Z"}
{"level":"is","message":"number","timestamp":"2022-03-14T01:10:27.275Z"}
{"level":"problem","message":"the two types dont match","timestamp":"2022-03-14T01:10:27.275Z"}
{"level":"step","message":"if there are not callbacks","timestamp":"2022-03-14T01:10:27.275Z"}
{"level":"is","message":"string","timestamp":"2022-03-14T01:10:27.275Z"}
{"level":"is","message":"boolean","timestamp":"2022-03-14T01:10:27.275Z"}
{"level":"problem","message":"the two types dont match","timestamp":"2022-03-14T01:10:27.275Z"}
{"level":"step","message":"if there are not callbacks","timestamp":"2022-03-14T01:10:27.276Z"}
{"level":"is","message":"string","timestamp":"2022-03-14T01:10:27.276Z"}
{"level":"is","message":"string","timestamp":"2022-03-14T01:10:27.276Z"}
{"level":"is","message":"string","timestamp":"2022-03-14T01:10:27.276Z"}
{"level":"is","message":"number","timestamp":"2022-03-14T01:10:27.276Z"}
{"level":"problem","message":"the two types dont match","timestamp":"2022-03-14T01:10:27.276Z"}
{"level":"step","message":"if there are not callbacks","timestamp":"2022-03-14T01:10:27.277Z"}
{"level":"is","message":"string","timestamp":"2022-03-14T01:10:27.277Z"}
{"level":"is","message":"number","timestamp":"2022-03-14T01:10:27.277Z"}
{"level":"problem","message":"the two types dont match","timestamp":"2022-03-14T01:10:27.277Z"}
{"level":"step","message":"if there are not callbacks","timestamp":"2022-03-14T01:10:27.277Z"}
{"level":"is","message":"date","timestamp":"2022-03-14T01:10:27.277Z"}
{"level":"is","message":"date","timestamp":"2022-03-14T01:10:27.278Z"}
{"level":"is","message":"date","timestamp":"2022-03-14T01:10:27.278Z"}
{"level":"is","message":"date","timestamp":"2022-03-14T01:10:27.278Z"}
{"level":"is","message":"date","timestamp":"2022-03-14T01:10:27.278Z"}
{"level":"is","message":"date","timestamp":"2022-03-14T01:10:27.278Z"}
{"level":"is","message":{"difficulty":3,"edit":"2020-12-21T16:00:00.000Z","end":"2020-12-21T16:00:00.000Z","importance":1,"public":true,"start":"2022-03-14T01:10:27.031Z","status":"to do"},"timestamp":"2022-03-14T01:10:27.279Z"}
{"level":"is","message":"string","timestamp":"2022-03-14T01:10:27.279Z"}
{"level":"is","message":"string","timestamp":"2022-03-14T01:10:27.279Z"}
{"level":"is","message":"number","timestamp":"2022-03-14T01:10:27.280Z"}
{"level":"is","message":"number","timestamp":"2022-03-14T01:10:27.280Z"}
{"level":"is","message":"number","timestamp":"2022-03-14T01:10:27.280Z"}
{"level":"is","message":"number","timestamp":"2022-03-14T01:10:27.280Z"}
{"level":"is","message":{"difficulty":3,"importance":1,"status":"to do"},"timestamp":"2022-03-14T01:10:27.280Z"}
{"level":"is","message":"string","timestamp":"2022-03-14T01:10:27.281Z"}
{"level":"is","message":"date","timestamp":"2022-03-14T01:10:27.281Z"}
{"level":"problem","message":"the two types dont match","timestamp":"2022-03-14T01:10:27.281Z"}
{"level":"step","message":"if there are not callbacks","timestamp":"2022-03-14T01:10:27.281Z"}
{"level":"is","message":"date","timestamp":"2022-03-14T01:10:27.281Z"}
{"level":"is","message":"date","timestamp":"2022-03-14T01:10:27.282Z"}
{"level":"is","message":"string","timestamp":"2022-03-14T01:10:27.283Z"}
{"level":"is","message":"date","timestamp":"2022-03-14T01:10:27.283Z"}
{"level":"problem","message":"the two types dont match","timestamp":"2022-03-14T01:10:27.283Z"}
{"level":"step","message":"if there are not callbacks","timestamp":"2022-03-14T01:10:27.283Z"}
{"level":"is","message":{"edit":"2020-12-14T16:00:00.000Z"},"timestamp":"2022-03-14T01:10:27.283Z"}
{"level":"is","message":"number","timestamp":"2022-03-14T01:10:27.284Z"}
{"level":"is","message":"number","timestamp":"2022-03-14T01:10:27.284Z"}
{"level":"is","message":"string","timestamp":"2022-03-14T01:10:27.285Z"}
{"level":"is","message":"number","timestamp":"2022-03-14T01:10:27.285Z"}
{"level":"problem","message":"the two types dont match","timestamp":"2022-03-14T01:10:27.285Z"}
{"level":"step","message":"if there are not callbacks","timestamp":"2022-03-14T01:10:27.285Z"}
{"level":"is","message":"string","timestamp":"2022-03-14T01:10:27.285Z"}
{"level":"is","message":"boolean","timestamp":"2022-03-14T01:10:27.285Z"}
{"level":"problem","message":"the two types dont match","timestamp":"2022-03-14T01:10:27.285Z"}
{"level":"step","message":"if there are not callbacks","timestamp":"2022-03-14T01:10:27.286Z"}
{"level":"is","message":"string","timestamp":"2022-03-14T01:10:27.286Z"}
{"level":"is","message":"string","timestamp":"2022-03-14T01:10:27.286Z"}
{"level":"is","message":"string","timestamp":"2022-03-14T01:10:27.286Z"}
{"level":"is","message":"number","timestamp":"2022-03-14T01:10:27.286Z"}
{"level":"problem","message":"the two types dont match","timestamp":"2022-03-14T01:10:27.286Z"}
{"level":"step","message":"if there are not callbacks","timestamp":"2022-03-14T01:10:27.287Z"}
{"level":"is","message":"string","timestamp":"2022-03-14T01:10:27.287Z"}
{"level":"is","message":"number","timestamp":"2022-03-14T01:10:27.287Z"}
{"level":"problem","message":"the two types dont match","timestamp":"2022-03-14T01:10:27.287Z"}
{"level":"step","message":"if there are not callbacks","timestamp":"2022-03-14T01:10:27.287Z"}
{"level":"is","message":"date","timestamp":"2022-03-14T01:10:27.287Z"}
{"level":"is","message":"date","timestamp":"2022-03-14T01:10:27.288Z"}
{"level":"is","message":{"difficulty":3,"importance":3,"public":true,"start":"2021-12-07T16:00:00.000Z","status":"to do","user_id":4},"timestamp":"2022-03-14T01:10:27.288Z"}
{"level":"is","message":"number","timestamp":"2022-03-14T01:10:27.289Z"}
{"level":"is","message":"number","timestamp":"2022-03-14T01:10:27.289Z"}
{"level":"is","message":"number","timestamp":"2022-03-14T01:10:27.289Z"}
{"level":"is","message":"number","timestamp":"2022-03-14T01:10:27.289Z"}
{"level":"is","message":"string","timestamp":"2022-03-14T01:10:27.289Z"}
{"level":"is","message":"number","timestamp":"2022-03-14T01:10:27.290Z"}
{"level":"problem","message":"the two types dont match","timestamp":"2022-03-14T01:10:27.290Z"}
{"level":"step","message":"if there are not callbacks","timestamp":"2022-03-14T01:10:27.290Z"}
{"level":"is","message":{"importance":2,"seconds":20,"user_id":1},"timestamp":"2022-03-14T01:10:27.290Z"}
{"level":"done","message":"test clean post object","timestamp":"2022-03-14T01:10:40.482Z"}
{"level":"problem","message":"its not running","timestamp":"2022-03-14T01:10:40.628Z"}
{"level":"is","message":"string","timestamp":"2022-03-14T01:10:40.701Z"}
{"level":"is","message":"number","timestamp":"2022-03-14T01:10:40.701Z"}
{"level":"problem","message":"the two types dont match","timestamp":"2022-03-14T01:10:40.701Z"}
{"level":"step","message":"if there are not callbacks","timestamp":"2022-03-14T01:10:40.702Z"}
{"level":"is","message":"string","timestamp":"2022-03-14T01:10:40.703Z"}
{"level":"is","message":"number","timestamp":"2022-03-14T01:10:40.704Z"}
{"level":"problem","message":"the two types dont match","timestamp":"2022-03-14T01:10:40.704Z"}
{"level":"step","message":"if there are not callbacks","timestamp":"2022-03-14T01:10:40.705Z"}
{"level":"is","message":"string","timestamp":"2022-03-14T01:10:40.705Z"}
{"level":"is","message":"boolean","timestamp":"2022-03-14T01:10:40.706Z"}
{"level":"problem","message":"the two types dont match","timestamp":"2022-03-14T01:10:40.706Z"}
{"level":"step","message":"if there are not callbacks","timestamp":"2022-03-14T01:10:40.706Z"}
{"level":"is","message":"string","timestamp":"2022-03-14T01:10:40.707Z"}
{"level":"is","message":"string","timestamp":"2022-03-14T01:10:40.707Z"}
{"level":"is","message":"string","timestamp":"2022-03-14T01:10:40.707Z"}
{"level":"is","message":"number","timestamp":"2022-03-14T01:10:40.707Z"}
{"level":"problem","message":"the two types dont match","timestamp":"2022-03-14T01:10:40.707Z"}
{"level":"step","message":"if there are not callbacks","timestamp":"2022-03-14T01:10:40.708Z"}
{"level":"is","message":"string","timestamp":"2022-03-14T01:10:40.708Z"}
{"level":"is","message":"number","timestamp":"2022-03-14T01:10:40.708Z"}
{"level":"problem","message":"the two types dont match","timestamp":"2022-03-14T01:10:40.708Z"}
{"level":"step","message":"if there are not callbacks","timestamp":"2022-03-14T01:10:40.709Z"}
{"level":"is","message":"date","timestamp":"2022-03-14T01:10:40.709Z"}
{"level":"is","message":"date","timestamp":"2022-03-14T01:10:40.709Z"}
{"level":"is","message":"date","timestamp":"2022-03-14T01:10:40.709Z"}
{"level":"is","message":"date","timestamp":"2022-03-14T01:10:40.710Z"}
{"level":"is","message":"date","timestamp":"2022-03-14T01:10:40.711Z"}
{"level":"is","message":"date","timestamp":"2022-03-14T01:10:40.711Z"}
{"level":"is","message":{"difficulty":3,"edit":"2020-12-21T16:00:00.000Z","end":"2020-12-21T16:00:00.000Z","importance":1,"public":true,"start":"2022-03-14T01:10:40.473Z","status":"to do"},"timestamp":"2022-03-14T01:10:40.711Z"}
{"level":"is","message":"number","timestamp":"2022-03-14T01:10:40.713Z"}
{"level":"is","message":"number","timestamp":"2022-03-14T01:10:40.713Z"}
{"level":"is","message":"string","timestamp":"2022-03-14T01:10:40.713Z"}
{"level":"is","message":"string","timestamp":"2022-03-14T01:10:40.713Z"}
{"level":"is","message":{"seconds":20,"status":"doing"},"timestamp":"2022-03-14T01:10:40.714Z"}
{"level":"is","message":"number","timestamp":"2022-03-14T01:10:40.715Z"}
{"level":"is","message":"number","timestamp":"2022-03-14T01:10:40.716Z"}
{"level":"is","message":"number","timestamp":"2022-03-14T01:10:40.716Z"}
{"level":"is","message":"number","timestamp":"2022-03-14T01:10:40.716Z"}
{"level":"is","message":"string","timestamp":"2022-03-14T01:10:40.716Z"}
{"level":"is","message":"number","timestamp":"2022-03-14T01:10:40.716Z"}
{"level":"problem","message":"the two types dont match","timestamp":"2022-03-14T01:10:40.717Z"}
{"level":"step","message":"if there are not callbacks","timestamp":"2022-03-14T01:10:40.717Z"}
{"level":"is","message":{"importance":2,"seconds":20,"user_id":1},"timestamp":"2022-03-14T01:10:40.717Z"}
{"level":"is","message":"boolean","timestamp":"2022-03-14T01:10:40.718Z"}
{"level":"is","message":"boolean","timestamp":"2022-03-14T01:10:40.718Z"}
{"level":"is","message":"string","timestamp":"2022-03-14T01:10:40.719Z"}
{"level":"is","message":"string","timestamp":"2022-03-14T01:10:40.719Z"}
{"level":"is","message":"number","timestamp":"2022-03-14T01:10:40.719Z"}
{"level":"is","message":"number","timestamp":"2022-03-14T01:10:40.719Z"}
{"level":"is","message":"number","timestamp":"2022-03-14T01:10:40.719Z"}
{"level":"is","message":"number","timestamp":"2022-03-14T01:10:40.719Z"}
{"level":"is","message":{"difficulty":3,"importance":1,"public":true,"status":"to do"},"timestamp":"2022-03-14T01:10:40.720Z"}
{"level":"is","message":"string","timestamp":"2022-03-14T01:10:40.721Z"}
{"level":"is","message":"number","timestamp":"2022-03-14T01:10:40.721Z"}
{"level":"problem","message":"the two types dont match","timestamp":"2022-03-14T01:10:40.721Z"}
{"level":"step","message":"if there are not callbacks","timestamp":"2022-03-14T01:10:40.721Z"}
{"level":"is","message":"string","timestamp":"2022-03-14T01:10:40.722Z"}
{"level":"is","message":"number","timestamp":"2022-03-14T01:10:40.722Z"}
{"level":"problem","message":"the two types dont match","timestamp":"2022-03-14T01:10:40.722Z"}
{"level":"step","message":"if there are not callbacks","timestamp":"2022-03-14T01:10:40.722Z"}
{"level":"is","message":"string","timestamp":"2022-03-14T01:10:40.723Z"}
{"level":"is","message":"boolean","timestamp":"2022-03-14T01:10:40.723Z"}
{"level":"problem","message":"the two types dont match","timestamp":"2022-03-14T01:10:40.723Z"}
{"level":"step","message":"if there are not callbacks","timestamp":"2022-03-14T01:10:40.723Z"}
{"level":"is","message":"string","timestamp":"2022-03-14T01:10:40.724Z"}
{"level":"is","message":"string","timestamp":"2022-03-14T01:10:40.724Z"}
{"level":"is","message":"string","timestamp":"2022-03-14T01:10:40.724Z"}
{"level":"is","message":"number","timestamp":"2022-03-14T01:10:40.724Z"}
{"level":"problem","message":"the two types dont match","timestamp":"2022-03-14T01:10:40.724Z"}
{"level":"step","message":"if there are not callbacks","timestamp":"2022-03-14T01:10:40.724Z"}
{"level":"is","message":"string","timestamp":"2022-03-14T01:10:40.725Z"}
{"level":"is","message":"number","timestamp":"2022-03-14T01:10:40.725Z"}
{"level":"problem","message":"the two types dont match","timestamp":"2022-03-14T01:10:40.725Z"}
{"level":"step","message":"if there are not callbacks","timestamp":"2022-03-14T01:10:40.725Z"}
{"level":"is","message":"date","timestamp":"2022-03-14T01:10:40.726Z"}
{"level":"is","message":"date","timestamp":"2022-03-14T01:10:40.726Z"}
{"level":"is","message":"date","timestamp":"2022-03-14T01:10:40.726Z"}
{"level":"is","message":"date","timestamp":"2022-03-14T01:10:40.726Z"}
{"level":"is","message":"date","timestamp":"2022-03-14T01:10:40.726Z"}
{"level":"is","message":"date","timestamp":"2022-03-14T01:10:40.727Z"}
{"level":"is","message":{"difficulty":3,"edit":"2020-12-21T16:00:00.000Z","end":"2020-12-21T16:00:00.000Z","importance":1,"public":true,"start":"2022-03-14T01:10:40.473Z","status":"to do"},"timestamp":"2022-03-14T01:10:40.727Z"}
{"level":"is","message":"string","timestamp":"2022-03-14T01:10:40.728Z"}
{"level":"is","message":"string","timestamp":"2022-03-14T01:10:40.728Z"}
{"level":"is","message":"number","timestamp":"2022-03-14T01:10:40.728Z"}
{"level":"is","message":"number","timestamp":"2022-03-14T01:10:40.729Z"}
{"level":"is","message":"number","timestamp":"2022-03-14T01:10:40.729Z"}
{"level":"is","message":"number","timestamp":"2022-03-14T01:10:40.729Z"}
{"level":"is","message":{"difficulty":3,"importance":1,"status":"to do"},"timestamp":"2022-03-14T01:10:40.729Z"}
{"level":"is","message":"string","timestamp":"2022-03-14T01:10:40.730Z"}
{"level":"is","message":"string","timestamp":"2022-03-14T01:10:40.730Z"}
{"level":"is","message":"string","timestamp":"2022-03-14T01:10:40.730Z"}
{"level":"is","message":"number","timestamp":"2022-03-14T01:10:40.731Z"}
{"level":"problem","message":"the two types dont match","timestamp":"2022-03-14T01:10:40.731Z"}
{"level":"step","message":"if there are not callbacks","timestamp":"2022-03-14T01:10:40.731Z"}
{"level":"is","message":{"importance":1,"status":"to do"},"timestamp":"2022-03-14T01:10:40.731Z"}
{"level":"is","message":"number","timestamp":"2022-03-14T01:10:40.732Z"}
{"level":"is","message":"number","timestamp":"2022-03-14T01:10:40.732Z"}
{"level":"is","message":"string","timestamp":"2022-03-14T01:10:40.732Z"}
{"level":"is","message":"number","timestamp":"2022-03-14T01:10:40.732Z"}
{"level":"problem","message":"the two types dont match","timestamp":"2022-03-14T01:10:40.733Z"}
{"level":"step","message":"if there are not callbacks","timestamp":"2022-03-14T01:10:40.733Z"}
{"level":"is","message":"string","timestamp":"2022-03-14T01:10:40.733Z"}
{"level":"is","message":"boolean","timestamp":"2022-03-14T01:10:40.733Z"}
{"level":"problem","message":"the two types dont match","timestamp":"2022-03-14T01:10:40.733Z"}
{"level":"step","message":"if there are not callbacks","timestamp":"2022-03-14T01:10:40.733Z"}
{"level":"is","message":"string","timestamp":"2022-03-14T01:10:40.734Z"}
{"level":"is","message":"string","timestamp":"2022-03-14T01:10:40.734Z"}
{"level":"is","message":"string","timestamp":"2022-03-14T01:10:40.734Z"}
{"level":"is","message":"number","timestamp":"2022-03-14T01:10:40.734Z"}
{"level":"problem","message":"the two types dont match","timestamp":"2022-03-14T01:10:40.734Z"}
{"level":"step","message":"if there are not callbacks","timestamp":"2022-03-14T01:10:40.734Z"}
{"level":"is","message":"string","timestamp":"2022-03-14T01:10:40.735Z"}
{"level":"is","message":"number","timestamp":"2022-03-14T01:10:40.735Z"}
{"level":"problem","message":"the two types dont match","timestamp":"2022-03-14T01:10:40.735Z"}
{"level":"step","message":"if there are not callbacks","timestamp":"2022-03-14T01:10:40.735Z"}
{"level":"is","message":"date","timestamp":"2022-03-14T01:10:40.735Z"}
{"level":"is","message":"date","timestamp":"2022-03-14T01:10:40.736Z"}
{"level":"is","message":{"difficulty":3,"importance":3,"public":true,"start":"2021-12-07T16:00:00.000Z","status":"to do","user_id":4},"timestamp":"2022-03-14T01:10:40.736Z"}
{"level":"is","message":"number","timestamp":"2022-03-14T01:10:40.737Z"}
{"level":"is","message":"number","timestamp":"2022-03-14T01:10:40.737Z"}
{"level":"is","message":"date","timestamp":"2022-03-14T01:10:40.737Z"}
{"level":"is","message":"date","timestamp":"2022-03-14T01:10:40.737Z"}
{"level":"is","message":"date","timestamp":"2022-03-14T01:10:40.738Z"}
{"level":"is","message":"date","timestamp":"2022-03-14T01:10:40.738Z"}
{"level":"is","message":"date","timestamp":"2022-03-14T01:10:40.738Z"}
{"level":"is","message":"date","timestamp":"2022-03-14T01:10:40.738Z"}
{"level":"is","message":{"edit":"2022-03-14T01:10:40.473Z","end":"2022-12-11T16:00:00.000Z","seconds":3,"start":"2022-03-14T01:10:40.473Z"},"timestamp":"2022-03-14T01:10:40.738Z"}
{"level":"is","message":"string","timestamp":"2022-03-14T01:10:40.740Z"}
{"level":"is","message":"date","timestamp":"2022-03-14T01:10:40.740Z"}
{"level":"problem","message":"the two types dont match","timestamp":"2022-03-14T01:10:40.740Z"}
{"level":"step","message":"if there are not callbacks","timestamp":"2022-03-14T01:10:40.740Z"}
{"level":"is","message":"date","timestamp":"2022-03-14T01:10:40.740Z"}
{"level":"is","message":"date","timestamp":"2022-03-14T01:10:40.740Z"}
{"level":"is","message":"string","timestamp":"2022-03-14T01:10:40.742Z"}
{"level":"is","message":"date","timestamp":"2022-03-14T01:10:40.742Z"}
{"level":"problem","message":"the two types dont match","timestamp":"2022-03-14T01:10:40.742Z"}
{"level":"step","message":"if there are not callbacks","timestamp":"2022-03-14T01:10:40.743Z"}
{"level":"is","message":{"edit":"2020-12-14T16:00:00.000Z"},"timestamp":"2022-03-14T01:10:40.743Z"}
{"level":"problem","message":"its not running","timestamp":"2022-03-14T01:10:58.374Z"}
{"level":"problem","message":"its not running","timestamp":"2022-03-14T01:12:38.408Z"}
