{"level":"problem","message":"problem","timestamp":"2022-03-11T04:30:39.094Z"}
{"level":"is","message":"what actually is happening","timestamp":"2022-03-11T04:30:39.097Z"}
{"level":"is","message":"hi","timestamp":"2022-03-11T04:30:39.097Z"}
{"level":"how","message":"how can we get there?","timestamp":"2022-03-11T04:30:39.098Z"}
{"level":"step","message":"step, try","timestamp":"2022-03-11T04:30:39.098Z"}
{"level":"motherlode","message":"motherlode, solved it by...","timestamp":"2022-03-11T04:30:39.098Z"}
{"level":"problem","message":"feel self conscious with what cyrus thinks of me","timestamp":"2022-03-11T04:30:39.100Z"}
{"level":"is","message":"we need a lot of reassurance","timestamp":"2022-03-11T04:30:39.101Z"}
{"level":"motherlode","message":"check out the ifttt api","timestamp":"2022-03-11T04:30:39.102Z"}
{"level":"step","message":"identify what is most valuable to you, and create tools that help you get to that level, it is, really quite similar to self-actualization. how do we become the absolute best?","timestamp":"2022-03-11T04:30:39.102Z"}
{"level":"step","message":"spend more time coding, but also track your start and end times, learn what is most effective and efficient for you.","timestamp":"2022-03-11T04:30:39.103Z"}
{"level":"problem","message":"before deciding to do something, identify what the problem is, and see if there is a quicker way to resolve or fix something, to understand other people, ultimately, is to understand ourselves.","timestamp":"2022-03-11T04:30:39.103Z"}
{"level":"problem","message":"we rarely understand our significant others","timestamp":"2022-03-11T04:30:39.103Z"}
{"level":"is","message":"we can think more about what softwares are available as a service, and then aim to create tools that will help us easily maintain that service","timestamp":"2022-03-11T04:30:39.104Z"}
{"level":"step","message":"identify tools that people pay for in order to use a specific service","timestamp":"2022-03-11T04:30:39.104Z"}
{"level":"problem","message":"you should really start deploying tomorrow so you can create cool things, i like the script that you made today, that was really great","timestamp":"2022-03-11T04:30:39.104Z"}
{"level":"problem","message":"problem","timestamp":"2022-03-11T04:31:52.062Z"}
{"level":"is","message":"what actually is happening","timestamp":"2022-03-11T04:31:52.065Z"}
{"level":"is","message":"hi","timestamp":"2022-03-11T04:31:52.065Z"}
{"level":"how","message":"how can we get there?","timestamp":"2022-03-11T04:31:52.065Z"}
{"level":"step","message":"step, try","timestamp":"2022-03-11T04:31:52.066Z"}
{"level":"motherlode","message":"motherlode, solved it by...","timestamp":"2022-03-11T04:31:52.066Z"}
{"level":"problem","message":"feel self conscious with what cyrus thinks of me","timestamp":"2022-03-11T04:31:52.067Z"}
{"level":"is","message":"we need a lot of reassurance","timestamp":"2022-03-11T04:31:52.067Z"}
{"level":"motherlode","message":"check out the ifttt api","timestamp":"2022-03-11T04:31:52.068Z"}
{"level":"step","message":"identify what is most valuable to you, and create tools that help you get to that level, it is, really quite similar to self-actualization. how do we become the absolute best?","timestamp":"2022-03-11T04:31:52.068Z"}
{"level":"step","message":"spend more time coding, but also track your start and end times, learn what is most effective and efficient for you.","timestamp":"2022-03-11T04:31:52.068Z"}
{"level":"problem","message":"before deciding to do something, identify what the problem is, and see if there is a quicker way to resolve or fix something, to understand other people, ultimately, is to understand ourselves.","timestamp":"2022-03-11T04:31:52.068Z"}
{"level":"problem","message":"we rarely understand our significant others","timestamp":"2022-03-11T04:31:52.068Z"}
{"level":"is","message":"we can think more about what softwares are available as a service, and then aim to create tools that will help us easily maintain that service","timestamp":"2022-03-11T04:31:52.069Z"}
{"level":"step","message":"identify tools that people pay for in order to use a specific service","timestamp":"2022-03-11T04:31:52.069Z"}
{"level":"problem","message":"you should really start deploying tomorrow so you can create cool things, i like the script that you made today, that was really great","timestamp":"2022-03-11T04:31:52.069Z"}
{"level":"problem","message":"problem","timestamp":"2022-03-11T04:33:04.067Z"}
{"level":"is","message":"what actually is happening","timestamp":"2022-03-11T04:33:04.069Z"}
{"level":"is","message":"hi","timestamp":"2022-03-11T04:33:04.069Z"}
{"level":"how","message":"how can we get there?","timestamp":"2022-03-11T04:33:04.070Z"}
{"level":"step","message":"step, try","timestamp":"2022-03-11T04:33:04.070Z"}
{"level":"motherlode","message":"motherlode, solved it by...","timestamp":"2022-03-11T04:33:04.070Z"}
{"level":"problem","message":"feel self conscious with what cyrus thinks of me","timestamp":"2022-03-11T04:33:04.071Z"}
{"level":"is","message":"we need a lot of reassurance","timestamp":"2022-03-11T04:33:04.071Z"}
{"level":"motherlode","message":"check out the ifttt api","timestamp":"2022-03-11T04:33:04.071Z"}
{"level":"step","message":"identify what is most valuable to you, and create tools that help you get to that level, it is, really quite similar to self-actualization. how do we become the absolute best?","timestamp":"2022-03-11T04:33:04.071Z"}
{"level":"step","message":"spend more time coding, but also track your start and end times, learn what is most effective and efficient for you.","timestamp":"2022-03-11T04:33:04.071Z"}
{"level":"problem","message":"before deciding to do something, identify what the problem is, and see if there is a quicker way to resolve or fix something, to understand other people, ultimately, is to understand ourselves.","timestamp":"2022-03-11T04:33:04.071Z"}
{"level":"problem","message":"we rarely understand our significant others","timestamp":"2022-03-11T04:33:04.072Z"}
{"level":"is","message":"we can think more about what softwares are available as a service, and then aim to create tools that will help us easily maintain that service","timestamp":"2022-03-11T04:33:04.072Z"}
{"level":"step","message":"identify tools that people pay for in order to use a specific service","timestamp":"2022-03-11T04:33:04.072Z"}
{"level":"problem","message":"you should really start deploying tomorrow so you can create cool things, i like the script that you made today, that was really great","timestamp":"2022-03-11T04:33:04.072Z"}
{"level":"problem","message":"problem","timestamp":"2022-03-11T04:34:16.426Z"}
{"level":"is","message":"what actually is happening","timestamp":"2022-03-11T04:34:16.430Z"}
{"level":"is","message":"hi","timestamp":"2022-03-11T04:34:16.431Z"}
{"level":"how","message":"how can we get there?","timestamp":"2022-03-11T04:34:16.431Z"}
{"level":"step","message":"step, try","timestamp":"2022-03-11T04:34:16.432Z"}
{"level":"motherlode","message":"motherlode, solved it by...","timestamp":"2022-03-11T04:34:16.432Z"}
{"level":"problem","message":"feel self conscious with what cyrus thinks of me","timestamp":"2022-03-11T04:34:16.433Z"}
{"level":"is","message":"we need a lot of reassurance","timestamp":"2022-03-11T04:34:16.434Z"}
{"level":"motherlode","message":"check out the ifttt api","timestamp":"2022-03-11T04:34:16.434Z"}
{"level":"step","message":"identify what is most valuable to you, and create tools that help you get to that level, it is, really quite similar to self-actualization. how do we become the absolute best?","timestamp":"2022-03-11T04:34:16.434Z"}
{"level":"step","message":"spend more time coding, but also track your start and end times, learn what is most effective and efficient for you.","timestamp":"2022-03-11T04:34:16.435Z"}
{"level":"problem","message":"before deciding to do something, identify what the problem is, and see if there is a quicker way to resolve or fix something, to understand other people, ultimately, is to understand ourselves.","timestamp":"2022-03-11T04:34:16.435Z"}
{"level":"problem","message":"we rarely understand our significant others","timestamp":"2022-03-11T04:34:16.435Z"}
{"level":"is","message":"we can think more about what softwares are available as a service, and then aim to create tools that will help us easily maintain that service","timestamp":"2022-03-11T04:34:16.436Z"}
{"level":"step","message":"identify tools that people pay for in order to use a specific service","timestamp":"2022-03-11T04:34:16.437Z"}
{"level":"problem","message":"you should really start deploying tomorrow so you can create cool things, i like the script that you made today, that was really great","timestamp":"2022-03-11T04:34:16.437Z"}
{"level":"problem","message":"problem","timestamp":"2022-03-11T04:34:40.772Z"}
{"level":"is","message":"what actually is happening","timestamp":"2022-03-11T04:34:40.776Z"}
{"level":"is","message":"hi","timestamp":"2022-03-11T04:34:40.776Z"}
{"level":"how","message":"how can we get there?","timestamp":"2022-03-11T04:34:40.777Z"}
{"level":"step","message":"step, try","timestamp":"2022-03-11T04:34:40.777Z"}
{"level":"motherlode","message":"motherlode, solved it by...","timestamp":"2022-03-11T04:34:40.777Z"}
{"level":"problem","message":"feel self conscious with what cyrus thinks of me","timestamp":"2022-03-11T04:34:40.778Z"}
{"level":"is","message":"we need a lot of reassurance","timestamp":"2022-03-11T04:34:40.779Z"}
{"level":"motherlode","message":"check out the ifttt api","timestamp":"2022-03-11T04:34:40.779Z"}
{"level":"step","message":"identify what is most valuable to you, and create tools that help you get to that level, it is, really quite similar to self-actualization. how do we become the absolute best?","timestamp":"2022-03-11T04:34:40.779Z"}
{"level":"step","message":"spend more time coding, but also track your start and end times, learn what is most effective and efficient for you.","timestamp":"2022-03-11T04:34:40.780Z"}
{"level":"problem","message":"before deciding to do something, identify what the problem is, and see if there is a quicker way to resolve or fix something, to understand other people, ultimately, is to understand ourselves.","timestamp":"2022-03-11T04:34:40.780Z"}
{"level":"problem","message":"we rarely understand our significant others","timestamp":"2022-03-11T04:34:40.780Z"}
{"level":"is","message":"we can think more about what softwares are available as a service, and then aim to create tools that will help us easily maintain that service","timestamp":"2022-03-11T04:34:40.781Z"}
{"level":"step","message":"identify tools that people pay for in order to use a specific service","timestamp":"2022-03-11T04:34:40.781Z"}
{"level":"problem","message":"you should really start deploying tomorrow so you can create cool things, i like the script that you made today, that was really great","timestamp":"2022-03-11T04:34:40.781Z"}
{"level":"problem","message":"problem","timestamp":"2022-03-11T04:34:53.990Z"}
{"level":"is","message":"what actually is happening","timestamp":"2022-03-11T04:34:53.993Z"}
{"level":"is","message":"hi","timestamp":"2022-03-11T04:34:53.994Z"}
{"level":"how","message":"how can we get there?","timestamp":"2022-03-11T04:34:53.995Z"}
{"level":"step","message":"step, try","timestamp":"2022-03-11T04:34:53.995Z"}
{"level":"motherlode","message":"motherlode, solved it by...","timestamp":"2022-03-11T04:34:53.996Z"}
{"level":"problem","message":"feel self conscious with what cyrus thinks of me","timestamp":"2022-03-11T04:34:53.997Z"}
{"level":"is","message":"we need a lot of reassurance","timestamp":"2022-03-11T04:34:53.998Z"}
{"level":"motherlode","message":"check out the ifttt api","timestamp":"2022-03-11T04:34:53.998Z"}
{"level":"step","message":"identify what is most valuable to you, and create tools that help you get to that level, it is, really quite similar to self-actualization. how do we become the absolute best?","timestamp":"2022-03-11T04:34:53.998Z"}
{"level":"step","message":"spend more time coding, but also track your start and end times, learn what is most effective and efficient for you.","timestamp":"2022-03-11T04:34:53.999Z"}
{"level":"problem","message":"before deciding to do something, identify what the problem is, and see if there is a quicker way to resolve or fix something, to understand other people, ultimately, is to understand ourselves.","timestamp":"2022-03-11T04:34:53.999Z"}
{"level":"problem","message":"we rarely understand our significant others","timestamp":"2022-03-11T04:34:53.999Z"}
{"level":"is","message":"we can think more about what softwares are available as a service, and then aim to create tools that will help us easily maintain that service","timestamp":"2022-03-11T04:34:54.000Z"}
{"level":"step","message":"identify tools that people pay for in order to use a specific service","timestamp":"2022-03-11T04:34:54.000Z"}
{"level":"problem","message":"you should really start deploying tomorrow so you can create cool things, i like the script that you made today, that was really great","timestamp":"2022-03-11T04:34:54.000Z"}
{"level":"problem","message":"problem","timestamp":"2022-03-11T04:35:19.207Z"}
{"level":"is","message":"what actually is happening","timestamp":"2022-03-11T04:35:19.210Z"}
{"level":"is","message":"hi","timestamp":"2022-03-11T04:35:19.211Z"}
{"level":"how","message":"how can we get there?","timestamp":"2022-03-11T04:35:19.211Z"}
{"level":"step","message":"step, try","timestamp":"2022-03-11T04:35:19.211Z"}
{"level":"motherlode","message":"motherlode, solved it by...","timestamp":"2022-03-11T04:35:19.211Z"}
{"level":"problem","message":"feel self conscious with what cyrus thinks of me","timestamp":"2022-03-11T04:35:19.212Z"}
{"level":"is","message":"we need a lot of reassurance","timestamp":"2022-03-11T04:35:19.213Z"}
{"level":"motherlode","message":"check out the ifttt api","timestamp":"2022-03-11T04:35:19.213Z"}
{"level":"step","message":"identify what is most valuable to you, and create tools that help you get to that level, it is, really quite similar to self-actualization. how do we become the absolute best?","timestamp":"2022-03-11T04:35:19.213Z"}
{"level":"step","message":"spend more time coding, but also track your start and end times, learn what is most effective and efficient for you.","timestamp":"2022-03-11T04:35:19.213Z"}
{"level":"problem","message":"before deciding to do something, identify what the problem is, and see if there is a quicker way to resolve or fix something, to understand other people, ultimately, is to understand ourselves.","timestamp":"2022-03-11T04:35:19.214Z"}
{"level":"problem","message":"we rarely understand our significant others","timestamp":"2022-03-11T04:35:19.214Z"}
{"level":"is","message":"we can think more about what softwares are available as a service, and then aim to create tools that will help us easily maintain that service","timestamp":"2022-03-11T04:35:19.214Z"}
{"level":"step","message":"identify tools that people pay for in order to use a specific service","timestamp":"2022-03-11T04:35:19.214Z"}
{"level":"problem","message":"you should really start deploying tomorrow so you can create cool things, i like the script that you made today, that was really great","timestamp":"2022-03-11T04:35:19.214Z"}
{"level":"problem","message":"problem","timestamp":"2022-03-11T04:35:28.239Z"}
{"level":"is","message":"what actually is happening","timestamp":"2022-03-11T04:35:28.242Z"}
{"level":"is","message":"hi","timestamp":"2022-03-11T04:35:28.242Z"}
{"level":"how","message":"how can we get there?","timestamp":"2022-03-11T04:35:28.243Z"}
{"level":"step","message":"step, try","timestamp":"2022-03-11T04:35:28.243Z"}
{"level":"motherlode","message":"motherlode, solved it by...","timestamp":"2022-03-11T04:35:28.243Z"}
{"level":"problem","message":"feel self conscious with what cyrus thinks of me","timestamp":"2022-03-11T04:35:28.244Z"}
{"level":"is","message":"we need a lot of reassurance","timestamp":"2022-03-11T04:35:28.245Z"}
{"level":"motherlode","message":"check out the ifttt api","timestamp":"2022-03-11T04:35:28.245Z"}
{"level":"step","message":"identify what is most valuable to you, and create tools that help you get to that level, it is, really quite similar to self-actualization. how do we become the absolute best?","timestamp":"2022-03-11T04:35:28.245Z"}
{"level":"step","message":"spend more time coding, but also track your start and end times, learn what is most effective and efficient for you.","timestamp":"2022-03-11T04:35:28.245Z"}
{"level":"problem","message":"before deciding to do something, identify what the problem is, and see if there is a quicker way to resolve or fix something, to understand other people, ultimately, is to understand ourselves.","timestamp":"2022-03-11T04:35:28.246Z"}
{"level":"problem","message":"we rarely understand our significant others","timestamp":"2022-03-11T04:35:28.246Z"}
{"level":"is","message":"we can think more about what softwares are available as a service, and then aim to create tools that will help us easily maintain that service","timestamp":"2022-03-11T04:35:28.246Z"}
{"level":"step","message":"identify tools that people pay for in order to use a specific service","timestamp":"2022-03-11T04:35:28.246Z"}
{"level":"problem","message":"you should really start deploying tomorrow so you can create cool things, i like the script that you made today, that was really great","timestamp":"2022-03-11T04:35:28.247Z"}
