{"level":"done","message":"test clean post object","timestamp":"2022-03-11T19:47:09.485Z"}
{"level":"problem","message":"its not running","timestamp":"2022-03-11T19:47:09.715Z"}
{"level":"is","message":"string","timestamp":"2022-03-11T19:47:09.846Z"}
{"level":"is","message":"string","timestamp":"2022-03-11T19:47:09.846Z"}
{"level":"is","message":"string","timestamp":"2022-03-11T19:47:09.847Z"}
{"level":"is","message":"number","timestamp":"2022-03-11T19:47:09.847Z"}
{"level":"problem","message":"the two types dont match","timestamp":"2022-03-11T19:47:09.848Z"}
{"level":"step","message":"if there are not callbacks","timestamp":"2022-03-11T19:47:09.848Z"}
{"level":"is","message":{"importance":1,"status":"to do"},"timestamp":"2022-03-11T19:47:09.850Z"}
{"level":"is","message":"number","timestamp":"2022-03-11T19:47:09.852Z"}
{"level":"is","message":"number","timestamp":"2022-03-11T19:47:09.853Z"}
{"level":"is","message":"string","timestamp":"2022-03-11T19:47:09.853Z"}
{"level":"is","message":"string","timestamp":"2022-03-11T19:47:09.854Z"}
{"level":"is","message":{"seconds":20,"status":"doing"},"timestamp":"2022-03-11T19:47:09.854Z"}
{"level":"is","message":"string","timestamp":"2022-03-11T19:47:09.856Z"}
{"level":"is","message":"number","timestamp":"2022-03-11T19:47:09.857Z"}
{"level":"problem","message":"the two types dont match","timestamp":"2022-03-11T19:47:09.857Z"}
{"level":"step","message":"if there are not callbacks","timestamp":"2022-03-11T19:47:09.857Z"}
{"level":"is","message":"string","timestamp":"2022-03-11T19:47:09.858Z"}
{"level":"is","message":"number","timestamp":"2022-03-11T19:47:09.858Z"}
{"level":"problem","message":"the two types dont match","timestamp":"2022-03-11T19:47:09.858Z"}
{"level":"step","message":"if there are not callbacks","timestamp":"2022-03-11T19:47:09.859Z"}
{"level":"is","message":"string","timestamp":"2022-03-11T19:47:09.859Z"}
{"level":"is","message":"boolean","timestamp":"2022-03-11T19:47:09.859Z"}
{"level":"problem","message":"the two types dont match","timestamp":"2022-03-11T19:47:09.860Z"}
{"level":"step","message":"if there are not callbacks","timestamp":"2022-03-11T19:47:09.860Z"}
{"level":"is","message":"string","timestamp":"2022-03-11T19:47:09.860Z"}
{"level":"is","message":"string","timestamp":"2022-03-11T19:47:09.861Z"}
{"level":"is","message":"string","timestamp":"2022-03-11T19:47:09.861Z"}
{"level":"is","message":"number","timestamp":"2022-03-11T19:47:09.861Z"}
{"level":"problem","message":"the two types dont match","timestamp":"2022-03-11T19:47:09.861Z"}
{"level":"step","message":"if there are not callbacks","timestamp":"2022-03-11T19:47:09.861Z"}
{"level":"is","message":"string","timestamp":"2022-03-11T19:47:09.862Z"}
{"level":"is","message":"number","timestamp":"2022-03-11T19:47:09.862Z"}
{"level":"problem","message":"the two types dont match","timestamp":"2022-03-11T19:47:09.863Z"}
{"level":"step","message":"if there are not callbacks","timestamp":"2022-03-11T19:47:09.863Z"}
{"level":"is","message":"date","timestamp":"2022-03-11T19:47:09.863Z"}
{"level":"is","message":"date","timestamp":"2022-03-11T19:47:09.864Z"}
{"level":"is","message":"date","timestamp":"2022-03-11T19:47:09.864Z"}
{"level":"is","message":"date","timestamp":"2022-03-11T19:47:09.864Z"}
{"level":"is","message":"date","timestamp":"2022-03-11T19:47:09.866Z"}
{"level":"is","message":"date","timestamp":"2022-03-11T19:47:09.866Z"}
{"level":"is","message":{"difficulty":3,"edit":"2020-12-21T16:00:00.000Z","end":"2020-12-21T16:00:00.000Z","importance":1,"public":true,"start":"2022-03-11T19:47:09.472Z","status":"to do"},"timestamp":"2022-03-11T19:47:09.867Z"}
{"level":"is","message":"string","timestamp":"2022-03-11T19:47:09.868Z"}
{"level":"is","message":"string","timestamp":"2022-03-11T19:47:09.868Z"}
{"level":"is","message":"number","timestamp":"2022-03-11T19:47:09.868Z"}
{"level":"is","message":"number","timestamp":"2022-03-11T19:47:09.869Z"}
{"level":"is","message":"number","timestamp":"2022-03-11T19:47:09.869Z"}
{"level":"is","message":"number","timestamp":"2022-03-11T19:47:09.869Z"}
{"level":"is","message":{"difficulty":3,"importance":1,"status":"to do"},"timestamp":"2022-03-11T19:47:09.870Z"}
{"level":"is","message":"number","timestamp":"2022-03-11T19:47:09.871Z"}
{"level":"is","message":"number","timestamp":"2022-03-11T19:47:09.871Z"}
{"level":"is","message":"number","timestamp":"2022-03-11T19:47:09.872Z"}
{"level":"is","message":"number","timestamp":"2022-03-11T19:47:09.872Z"}
{"level":"is","message":"string","timestamp":"2022-03-11T19:47:09.872Z"}
{"level":"is","message":"number","timestamp":"2022-03-11T19:47:09.873Z"}
{"level":"problem","message":"the two types dont match","timestamp":"2022-03-11T19:47:09.873Z"}
{"level":"step","message":"if there are not callbacks","timestamp":"2022-03-11T19:47:09.873Z"}
{"level":"is","message":{"importance":2,"seconds":20,"user_id":1},"timestamp":"2022-03-11T19:47:09.874Z"}
{"level":"is","message":"number","timestamp":"2022-03-11T19:47:09.875Z"}
{"level":"is","message":"number","timestamp":"2022-03-11T19:47:09.875Z"}
{"level":"is","message":"date","timestamp":"2022-03-11T19:47:09.875Z"}
{"level":"is","message":"date","timestamp":"2022-03-11T19:47:09.875Z"}
{"level":"is","message":"date","timestamp":"2022-03-11T19:47:09.876Z"}
{"level":"is","message":"date","timestamp":"2022-03-11T19:47:09.876Z"}
{"level":"is","message":"date","timestamp":"2022-03-11T19:47:09.876Z"}
{"level":"is","message":"date","timestamp":"2022-03-11T19:47:09.877Z"}
{"level":"is","message":{"edit":"2022-03-11T19:47:09.472Z","end":"2022-12-11T16:00:00.000Z","seconds":3,"start":"2022-03-11T19:47:09.472Z"},"timestamp":"2022-03-11T19:47:09.877Z"}
{"level":"is","message":"string","timestamp":"2022-03-11T19:47:09.878Z"}
{"level":"is","message":"date","timestamp":"2022-03-11T19:47:09.878Z"}
{"level":"problem","message":"the two types dont match","timestamp":"2022-03-11T19:47:09.879Z"}
{"level":"step","message":"if there are not callbacks","timestamp":"2022-03-11T19:47:09.879Z"}
{"level":"is","message":"date","timestamp":"2022-03-11T19:47:09.879Z"}
{"level":"is","message":"date","timestamp":"2022-03-11T19:47:09.879Z"}
{"level":"is","message":"string","timestamp":"2022-03-11T19:47:09.882Z"}
{"level":"is","message":"date","timestamp":"2022-03-11T19:47:09.882Z"}
{"level":"problem","message":"the two types dont match","timestamp":"2022-03-11T19:47:09.883Z"}
{"level":"step","message":"if there are not callbacks","timestamp":"2022-03-11T19:47:09.883Z"}
{"level":"is","message":{"edit":"2020-12-14T16:00:00.000Z"},"timestamp":"2022-03-11T19:47:09.883Z"}
{"level":"is","message":"boolean","timestamp":"2022-03-11T19:47:09.884Z"}
{"level":"is","message":"boolean","timestamp":"2022-03-11T19:47:09.884Z"}
{"level":"is","message":"string","timestamp":"2022-03-11T19:47:09.885Z"}
{"level":"is","message":"string","timestamp":"2022-03-11T19:47:09.885Z"}
{"level":"is","message":"number","timestamp":"2022-03-11T19:47:09.885Z"}
{"level":"is","message":"number","timestamp":"2022-03-11T19:47:09.886Z"}
{"level":"is","message":"number","timestamp":"2022-03-11T19:47:09.886Z"}
{"level":"is","message":"number","timestamp":"2022-03-11T19:47:09.886Z"}
{"level":"is","message":{"difficulty":3,"importance":1,"public":true,"status":"to do"},"timestamp":"2022-03-11T19:47:09.887Z"}
{"level":"is","message":"string","timestamp":"2022-03-11T19:47:09.887Z"}
{"level":"is","message":"number","timestamp":"2022-03-11T19:47:09.888Z"}
{"level":"problem","message":"the two types dont match","timestamp":"2022-03-11T19:47:09.888Z"}
{"level":"step","message":"if there are not callbacks","timestamp":"2022-03-11T19:47:09.888Z"}
{"level":"is","message":"string","timestamp":"2022-03-11T19:47:09.888Z"}
{"level":"is","message":"number","timestamp":"2022-03-11T19:47:09.889Z"}
{"level":"problem","message":"the two types dont match","timestamp":"2022-03-11T19:47:09.889Z"}
{"level":"step","message":"if there are not callbacks","timestamp":"2022-03-11T19:47:09.889Z"}
{"level":"is","message":"string","timestamp":"2022-03-11T19:47:09.889Z"}
{"level":"is","message":"boolean","timestamp":"2022-03-11T19:47:09.890Z"}
{"level":"problem","message":"the two types dont match","timestamp":"2022-03-11T19:47:09.890Z"}
{"level":"step","message":"if there are not callbacks","timestamp":"2022-03-11T19:47:09.890Z"}
{"level":"is","message":"string","timestamp":"2022-03-11T19:47:09.890Z"}
{"level":"is","message":"string","timestamp":"2022-03-11T19:47:09.891Z"}
{"level":"is","message":"string","timestamp":"2022-03-11T19:47:09.891Z"}
{"level":"is","message":"number","timestamp":"2022-03-11T19:47:09.891Z"}
{"level":"problem","message":"the two types dont match","timestamp":"2022-03-11T19:47:09.891Z"}
{"level":"step","message":"if there are not callbacks","timestamp":"2022-03-11T19:47:09.891Z"}
{"level":"is","message":"string","timestamp":"2022-03-11T19:47:09.892Z"}
{"level":"is","message":"number","timestamp":"2022-03-11T19:47:09.892Z"}
{"level":"problem","message":"the two types dont match","timestamp":"2022-03-11T19:47:09.892Z"}
{"level":"step","message":"if there are not callbacks","timestamp":"2022-03-11T19:47:09.892Z"}
{"level":"is","message":"date","timestamp":"2022-03-11T19:47:09.893Z"}
{"level":"is","message":"date","timestamp":"2022-03-11T19:47:09.893Z"}
{"level":"is","message":"date","timestamp":"2022-03-11T19:47:09.894Z"}
{"level":"is","message":"date","timestamp":"2022-03-11T19:47:09.894Z"}
{"level":"is","message":"date","timestamp":"2022-03-11T19:47:09.894Z"}
{"level":"is","message":"date","timestamp":"2022-03-11T19:47:09.894Z"}
{"level":"is","message":{"difficulty":3,"edit":"2020-12-21T16:00:00.000Z","end":"2020-12-21T16:00:00.000Z","importance":1,"public":true,"start":"2022-03-11T19:47:09.472Z","status":"to do"},"timestamp":"2022-03-11T19:47:09.895Z"}
{"level":"is","message":"number","timestamp":"2022-03-11T19:47:09.896Z"}
{"level":"is","message":"number","timestamp":"2022-03-11T19:47:09.897Z"}
{"level":"is","message":"string","timestamp":"2022-03-11T19:47:09.897Z"}
{"level":"is","message":"number","timestamp":"2022-03-11T19:47:09.897Z"}
{"level":"problem","message":"the two types dont match","timestamp":"2022-03-11T19:47:09.897Z"}
{"level":"step","message":"if there are not callbacks","timestamp":"2022-03-11T19:47:09.898Z"}
{"level":"is","message":"string","timestamp":"2022-03-11T19:47:09.898Z"}
{"level":"is","message":"boolean","timestamp":"2022-03-11T19:47:09.899Z"}
{"level":"problem","message":"the two types dont match","timestamp":"2022-03-11T19:47:09.899Z"}
{"level":"step","message":"if there are not callbacks","timestamp":"2022-03-11T19:47:09.899Z"}
{"level":"is","message":"string","timestamp":"2022-03-11T19:47:09.900Z"}
{"level":"is","message":"string","timestamp":"2022-03-11T19:47:09.900Z"}
{"level":"is","message":"string","timestamp":"2022-03-11T19:47:09.900Z"}
{"level":"is","message":"number","timestamp":"2022-03-11T19:47:09.901Z"}
{"level":"problem","message":"the two types dont match","timestamp":"2022-03-11T19:47:09.901Z"}
{"level":"step","message":"if there are not callbacks","timestamp":"2022-03-11T19:47:09.901Z"}
{"level":"is","message":"string","timestamp":"2022-03-11T19:47:09.901Z"}
{"level":"is","message":"number","timestamp":"2022-03-11T19:47:09.902Z"}
{"level":"problem","message":"the two types dont match","timestamp":"2022-03-11T19:47:09.902Z"}
{"level":"step","message":"if there are not callbacks","timestamp":"2022-03-11T19:47:09.902Z"}
{"level":"is","message":"date","timestamp":"2022-03-11T19:47:09.902Z"}
{"level":"is","message":"date","timestamp":"2022-03-11T19:47:09.903Z"}
{"level":"is","message":{"difficulty":3,"importance":3,"public":true,"start":"2021-12-07T16:00:00.000Z","status":"to do","user_id":4},"timestamp":"2022-03-11T19:47:09.903Z"}
{"level":"is","message":"date","timestamp":"2022-03-11T19:47:09.904Z"}
{"level":"is","message":"date","timestamp":"2022-03-11T19:47:09.904Z"}
{"level":"is","message":"date","timestamp":"2022-03-11T19:47:09.934Z"}
{"level":"is","message":"date","timestamp":"2022-03-11T19:47:09.935Z"}
{"level":"done","message":"test clean post object","timestamp":"2022-03-11T19:48:41.003Z"}
{"level":"problem","message":"its not running","timestamp":"2022-03-11T19:48:41.235Z"}
{"level":"is","message":"number","timestamp":"2022-03-11T19:48:41.364Z"}
{"level":"is","message":"number","timestamp":"2022-03-11T19:48:41.364Z"}
{"level":"is","message":"string","timestamp":"2022-03-11T19:48:41.365Z"}
{"level":"is","message":"string","timestamp":"2022-03-11T19:48:41.366Z"}
{"level":"is","message":{"seconds":20,"status":"doing"},"timestamp":"2022-03-11T19:48:41.367Z"}
{"level":"is","message":"string","timestamp":"2022-03-11T19:48:41.370Z"}
{"level":"is","message":"string","timestamp":"2022-03-11T19:48:41.370Z"}
{"level":"is","message":"number","timestamp":"2022-03-11T19:48:41.371Z"}
{"level":"is","message":"number","timestamp":"2022-03-11T19:48:41.371Z"}
{"level":"is","message":"number","timestamp":"2022-03-11T19:48:41.372Z"}
{"level":"is","message":"number","timestamp":"2022-03-11T19:48:41.372Z"}
{"level":"is","message":{"difficulty":3,"importance":1,"status":"to do"},"timestamp":"2022-03-11T19:48:41.373Z"}
{"level":"is","message":"number","timestamp":"2022-03-11T19:48:41.375Z"}
{"level":"is","message":"number","timestamp":"2022-03-11T19:48:41.375Z"}
{"level":"is","message":"date","timestamp":"2022-03-11T19:48:41.376Z"}
{"level":"is","message":"date","timestamp":"2022-03-11T19:48:41.376Z"}
{"level":"is","message":"date","timestamp":"2022-03-11T19:48:41.377Z"}
{"level":"is","message":"date","timestamp":"2022-03-11T19:48:41.377Z"}
{"level":"is","message":"date","timestamp":"2022-03-11T19:48:41.378Z"}
{"level":"is","message":"date","timestamp":"2022-03-11T19:48:41.378Z"}
{"level":"is","message":{"edit":"2022-03-11T19:48:40.989Z","end":"2022-12-11T16:00:00.000Z","seconds":3,"start":"2022-03-11T19:48:40.989Z"},"timestamp":"2022-03-11T19:48:41.380Z"}
{"level":"is","message":"string","timestamp":"2022-03-11T19:48:41.381Z"}
{"level":"is","message":"string","timestamp":"2022-03-11T19:48:41.381Z"}
{"level":"is","message":"string","timestamp":"2022-03-11T19:48:41.382Z"}
{"level":"is","message":"number","timestamp":"2022-03-11T19:48:41.382Z"}
{"level":"problem","message":"the two types dont match","timestamp":"2022-03-11T19:48:41.382Z"}
{"level":"step","message":"if there are not callbacks","timestamp":"2022-03-11T19:48:41.382Z"}
{"level":"is","message":{"importance":1,"status":"to do"},"timestamp":"2022-03-11T19:48:41.383Z"}
{"level":"is","message":"date","timestamp":"2022-03-11T19:48:41.384Z"}
{"level":"is","message":"date","timestamp":"2022-03-11T19:48:41.384Z"}
{"level":"is","message":"string","timestamp":"2022-03-11T19:48:41.388Z"}
{"level":"is","message":"date","timestamp":"2022-03-11T19:48:41.388Z"}
{"level":"problem","message":"the two types dont match","timestamp":"2022-03-11T19:48:41.388Z"}
{"level":"step","message":"if there are not callbacks","timestamp":"2022-03-11T19:48:41.388Z"}
{"level":"is","message":"date","timestamp":"2022-03-11T19:48:41.389Z"}
{"level":"is","message":"date","timestamp":"2022-03-11T19:48:41.389Z"}
{"level":"is","message":"string","timestamp":"2022-03-11T19:48:41.392Z"}
{"level":"is","message":"date","timestamp":"2022-03-11T19:48:41.392Z"}
{"level":"problem","message":"the two types dont match","timestamp":"2022-03-11T19:48:41.392Z"}
{"level":"step","message":"if there are not callbacks","timestamp":"2022-03-11T19:48:41.392Z"}
{"level":"is","message":{"edit":"2020-12-14T16:00:00.000Z"},"timestamp":"2022-03-11T19:48:41.393Z"}
{"level":"is","message":"string","timestamp":"2022-03-11T19:48:41.394Z"}
{"level":"is","message":"number","timestamp":"2022-03-11T19:48:41.394Z"}
{"level":"problem","message":"the two types dont match","timestamp":"2022-03-11T19:48:41.394Z"}
{"level":"step","message":"if there are not callbacks","timestamp":"2022-03-11T19:48:41.395Z"}
{"level":"is","message":"string","timestamp":"2022-03-11T19:48:41.395Z"}
{"level":"is","message":"number","timestamp":"2022-03-11T19:48:41.395Z"}
{"level":"problem","message":"the two types dont match","timestamp":"2022-03-11T19:48:41.395Z"}
{"level":"step","message":"if there are not callbacks","timestamp":"2022-03-11T19:48:41.396Z"}
{"level":"is","message":"string","timestamp":"2022-03-11T19:48:41.396Z"}
{"level":"is","message":"boolean","timestamp":"2022-03-11T19:48:41.396Z"}
{"level":"problem","message":"the two types dont match","timestamp":"2022-03-11T19:48:41.397Z"}
{"level":"step","message":"if there are not callbacks","timestamp":"2022-03-11T19:48:41.397Z"}
{"level":"is","message":"string","timestamp":"2022-03-11T19:48:41.397Z"}
{"level":"is","message":"string","timestamp":"2022-03-11T19:48:41.398Z"}
{"level":"is","message":"string","timestamp":"2022-03-11T19:48:41.398Z"}
{"level":"is","message":"number","timestamp":"2022-03-11T19:48:41.398Z"}
{"level":"problem","message":"the two types dont match","timestamp":"2022-03-11T19:48:41.399Z"}
{"level":"step","message":"if there are not callbacks","timestamp":"2022-03-11T19:48:41.399Z"}
{"level":"is","message":"string","timestamp":"2022-03-11T19:48:41.399Z"}
{"level":"is","message":"number","timestamp":"2022-03-11T19:48:41.400Z"}
{"level":"problem","message":"the two types dont match","timestamp":"2022-03-11T19:48:41.400Z"}
{"level":"step","message":"if there are not callbacks","timestamp":"2022-03-11T19:48:41.400Z"}
{"level":"is","message":"date","timestamp":"2022-03-11T19:48:41.400Z"}
{"level":"is","message":"date","timestamp":"2022-03-11T19:48:41.401Z"}
{"level":"is","message":"date","timestamp":"2022-03-11T19:48:41.401Z"}
{"level":"is","message":"date","timestamp":"2022-03-11T19:48:41.401Z"}
{"level":"is","message":"date","timestamp":"2022-03-11T19:48:41.402Z"}
{"level":"is","message":"date","timestamp":"2022-03-11T19:48:41.402Z"}
{"level":"is","message":{"difficulty":3,"edit":"2020-12-21T16:00:00.000Z","end":"2020-12-21T16:00:00.000Z","importance":1,"public":true,"start":"2022-03-11T19:48:40.989Z","status":"to do"},"timestamp":"2022-03-11T19:48:41.403Z"}
{"level":"is","message":"boolean","timestamp":"2022-03-11T19:48:41.404Z"}
{"level":"is","message":"boolean","timestamp":"2022-03-11T19:48:41.404Z"}
{"level":"is","message":"string","timestamp":"2022-03-11T19:48:41.404Z"}
{"level":"is","message":"string","timestamp":"2022-03-11T19:48:41.404Z"}
{"level":"is","message":"number","timestamp":"2022-03-11T19:48:41.405Z"}
{"level":"is","message":"number","timestamp":"2022-03-11T19:48:41.405Z"}
{"level":"is","message":"number","timestamp":"2022-03-11T19:48:41.405Z"}
{"level":"is","message":"number","timestamp":"2022-03-11T19:48:41.405Z"}
{"level":"is","message":{"difficulty":3,"importance":1,"public":true,"status":"to do"},"timestamp":"2022-03-11T19:48:41.406Z"}
{"level":"is","message":"number","timestamp":"2022-03-11T19:48:41.407Z"}
{"level":"is","message":"number","timestamp":"2022-03-11T19:48:41.407Z"}
{"level":"is","message":"string","timestamp":"2022-03-11T19:48:41.407Z"}
{"level":"is","message":"number","timestamp":"2022-03-11T19:48:41.408Z"}
{"level":"problem","message":"the two types dont match","timestamp":"2022-03-11T19:48:41.408Z"}
{"level":"step","message":"if there are not callbacks","timestamp":"2022-03-11T19:48:41.408Z"}
{"level":"is","message":"string","timestamp":"2022-03-11T19:48:41.408Z"}
{"level":"is","message":"boolean","timestamp":"2022-03-11T19:48:41.409Z"}
{"level":"problem","message":"the two types dont match","timestamp":"2022-03-11T19:48:41.409Z"}
{"level":"step","message":"if there are not callbacks","timestamp":"2022-03-11T19:48:41.409Z"}
{"level":"is","message":"string","timestamp":"2022-03-11T19:48:41.409Z"}
{"level":"is","message":"string","timestamp":"2022-03-11T19:48:41.410Z"}
{"level":"is","message":"string","timestamp":"2022-03-11T19:48:41.410Z"}
{"level":"is","message":"number","timestamp":"2022-03-11T19:48:41.410Z"}
{"level":"problem","message":"the two types dont match","timestamp":"2022-03-11T19:48:41.410Z"}
{"level":"step","message":"if there are not callbacks","timestamp":"2022-03-11T19:48:41.411Z"}
{"level":"is","message":"string","timestamp":"2022-03-11T19:48:41.411Z"}
{"level":"is","message":"number","timestamp":"2022-03-11T19:48:41.411Z"}
{"level":"problem","message":"the two types dont match","timestamp":"2022-03-11T19:48:41.411Z"}
{"level":"step","message":"if there are not callbacks","timestamp":"2022-03-11T19:48:41.412Z"}
{"level":"is","message":"date","timestamp":"2022-03-11T19:48:41.412Z"}
{"level":"is","message":"date","timestamp":"2022-03-11T19:48:41.412Z"}
{"level":"is","message":{"difficulty":3,"importance":3,"public":true,"start":"2021-12-07T16:00:00.000Z","status":"to do","user_id":4},"timestamp":"2022-03-11T19:48:41.413Z"}
{"level":"is","message":"string","timestamp":"2022-03-11T19:48:41.414Z"}
{"level":"is","message":"number","timestamp":"2022-03-11T19:48:41.415Z"}
{"level":"problem","message":"the two types dont match","timestamp":"2022-03-11T19:48:41.415Z"}
{"level":"step","message":"if there are not callbacks","timestamp":"2022-03-11T19:48:41.415Z"}
{"level":"is","message":"string","timestamp":"2022-03-11T19:48:41.416Z"}
{"level":"is","message":"number","timestamp":"2022-03-11T19:48:41.416Z"}
{"level":"problem","message":"the two types dont match","timestamp":"2022-03-11T19:48:41.416Z"}
{"level":"step","message":"if there are not callbacks","timestamp":"2022-03-11T19:48:41.416Z"}
{"level":"is","message":"string","timestamp":"2022-03-11T19:48:41.417Z"}
{"level":"is","message":"boolean","timestamp":"2022-03-11T19:48:41.417Z"}
{"level":"problem","message":"the two types dont match","timestamp":"2022-03-11T19:48:41.417Z"}
{"level":"step","message":"if there are not callbacks","timestamp":"2022-03-11T19:48:41.417Z"}
{"level":"is","message":"string","timestamp":"2022-03-11T19:48:41.418Z"}
{"level":"is","message":"string","timestamp":"2022-03-11T19:48:41.418Z"}
{"level":"is","message":"string","timestamp":"2022-03-11T19:48:41.418Z"}
{"level":"is","message":"number","timestamp":"2022-03-11T19:48:41.418Z"}
{"level":"problem","message":"the two types dont match","timestamp":"2022-03-11T19:48:41.419Z"}
{"level":"step","message":"if there are not callbacks","timestamp":"2022-03-11T19:48:41.419Z"}
{"level":"is","message":"string","timestamp":"2022-03-11T19:48:41.419Z"}
{"level":"is","message":"number","timestamp":"2022-03-11T19:48:41.420Z"}
{"level":"problem","message":"the two types dont match","timestamp":"2022-03-11T19:48:41.420Z"}
{"level":"step","message":"if there are not callbacks","timestamp":"2022-03-11T19:48:41.420Z"}
{"level":"is","message":"date","timestamp":"2022-03-11T19:48:41.421Z"}
{"level":"is","message":"date","timestamp":"2022-03-11T19:48:41.421Z"}
{"level":"is","message":"date","timestamp":"2022-03-11T19:48:41.422Z"}
{"level":"is","message":"date","timestamp":"2022-03-11T19:48:41.422Z"}
{"level":"is","message":"date","timestamp":"2022-03-11T19:48:41.422Z"}
{"level":"is","message":"date","timestamp":"2022-03-11T19:48:41.423Z"}
{"level":"is","message":{"difficulty":3,"edit":"2020-12-21T16:00:00.000Z","end":"2020-12-21T16:00:00.000Z","importance":1,"public":true,"start":"2022-03-11T19:48:40.989Z","status":"to do"},"timestamp":"2022-03-11T19:48:41.423Z"}
{"level":"is","message":"number","timestamp":"2022-03-11T19:48:41.424Z"}
{"level":"is","message":"number","timestamp":"2022-03-11T19:48:41.424Z"}
{"level":"is","message":"number","timestamp":"2022-03-11T19:48:41.425Z"}
{"level":"is","message":"number","timestamp":"2022-03-11T19:48:41.425Z"}
{"level":"is","message":"string","timestamp":"2022-03-11T19:48:41.425Z"}
{"level":"is","message":"number","timestamp":"2022-03-11T19:48:41.426Z"}
{"level":"problem","message":"the two types dont match","timestamp":"2022-03-11T19:48:41.426Z"}
{"level":"step","message":"if there are not callbacks","timestamp":"2022-03-11T19:48:41.426Z"}
{"level":"is","message":{"importance":2,"seconds":20,"user_id":1},"timestamp":"2022-03-11T19:48:41.427Z"}
{"level":"is","message":"date","timestamp":"2022-03-11T19:48:41.466Z"}
{"level":"is","message":"date","timestamp":"2022-03-11T19:48:41.467Z"}
{"level":"done","message":"test clean post object","timestamp":"2022-03-11T19:54:30.240Z"}
{"level":"problem","message":"its not running","timestamp":"2022-03-11T19:54:30.471Z"}
{"level":"is","message":"number","timestamp":"2022-03-11T19:54:30.588Z"}
{"level":"is","message":"number","timestamp":"2022-03-11T19:54:30.588Z"}
{"level":"is","message":"string","timestamp":"2022-03-11T19:54:30.589Z"}
{"level":"is","message":"string","timestamp":"2022-03-11T19:54:30.590Z"}
{"level":"is","message":{"seconds":20,"status":"doing"},"timestamp":"2022-03-11T19:54:30.591Z"}
{"level":"is","message":"string","timestamp":"2022-03-11T19:54:30.593Z"}
{"level":"is","message":"string","timestamp":"2022-03-11T19:54:30.594Z"}
{"level":"is","message":"string","timestamp":"2022-03-11T19:54:30.595Z"}
{"level":"is","message":"number","timestamp":"2022-03-11T19:54:30.595Z"}
{"level":"problem","message":"the two types dont match","timestamp":"2022-03-11T19:54:30.595Z"}
{"level":"step","message":"if there are not callbacks","timestamp":"2022-03-11T19:54:30.596Z"}
{"level":"is","message":{"importance":1,"status":"to do"},"timestamp":"2022-03-11T19:54:30.597Z"}
{"level":"is","message":"number","timestamp":"2022-03-11T19:54:30.598Z"}
{"level":"is","message":"number","timestamp":"2022-03-11T19:54:30.599Z"}
{"level":"is","message":"date","timestamp":"2022-03-11T19:54:30.599Z"}
{"level":"is","message":"date","timestamp":"2022-03-11T19:54:30.599Z"}
{"level":"is","message":"date","timestamp":"2022-03-11T19:54:30.600Z"}
{"level":"is","message":"date","timestamp":"2022-03-11T19:54:30.600Z"}
{"level":"is","message":"date","timestamp":"2022-03-11T19:54:30.601Z"}
{"level":"is","message":"date","timestamp":"2022-03-11T19:54:30.601Z"}
{"level":"is","message":{"edit":"2022-03-11T19:54:30.226Z","end":"2022-12-11T16:00:00.000Z","seconds":3,"start":"2022-03-11T19:54:30.226Z"},"timestamp":"2022-03-11T19:54:30.603Z"}
{"level":"is","message":"number","timestamp":"2022-03-11T19:54:30.604Z"}
{"level":"is","message":"number","timestamp":"2022-03-11T19:54:30.604Z"}
{"level":"is","message":"number","timestamp":"2022-03-11T19:54:30.605Z"}
{"level":"is","message":"number","timestamp":"2022-03-11T19:54:30.605Z"}
{"level":"is","message":"string","timestamp":"2022-03-11T19:54:30.605Z"}
{"level":"is","message":"number","timestamp":"2022-03-11T19:54:30.605Z"}
{"level":"problem","message":"the two types dont match","timestamp":"2022-03-11T19:54:30.606Z"}
{"level":"step","message":"if there are not callbacks","timestamp":"2022-03-11T19:54:30.606Z"}
{"level":"is","message":{"importance":2,"seconds":20,"user_id":1},"timestamp":"2022-03-11T19:54:30.606Z"}
{"level":"is","message":"string","timestamp":"2022-03-11T19:54:30.607Z"}
{"level":"is","message":"number","timestamp":"2022-03-11T19:54:30.608Z"}
{"level":"problem","message":"the two types dont match","timestamp":"2022-03-11T19:54:30.608Z"}
{"level":"step","message":"if there are not callbacks","timestamp":"2022-03-11T19:54:30.608Z"}
{"level":"is","message":"string","timestamp":"2022-03-11T19:54:30.608Z"}
{"level":"is","message":"number","timestamp":"2022-03-11T19:54:30.609Z"}
{"level":"problem","message":"the two types dont match","timestamp":"2022-03-11T19:54:30.609Z"}
{"level":"step","message":"if there are not callbacks","timestamp":"2022-03-11T19:54:30.609Z"}
{"level":"is","message":"string","timestamp":"2022-03-11T19:54:30.609Z"}
{"level":"is","message":"boolean","timestamp":"2022-03-11T19:54:30.610Z"}
{"level":"problem","message":"the two types dont match","timestamp":"2022-03-11T19:54:30.610Z"}
{"level":"step","message":"if there are not callbacks","timestamp":"2022-03-11T19:54:30.610Z"}
{"level":"is","message":"string","timestamp":"2022-03-11T19:54:30.610Z"}
{"level":"is","message":"string","timestamp":"2022-03-11T19:54:30.611Z"}
{"level":"is","message":"string","timestamp":"2022-03-11T19:54:30.611Z"}
{"level":"is","message":"number","timestamp":"2022-03-11T19:54:30.611Z"}
{"level":"problem","message":"the two types dont match","timestamp":"2022-03-11T19:54:30.611Z"}
{"level":"step","message":"if there are not callbacks","timestamp":"2022-03-11T19:54:30.612Z"}
{"level":"is","message":"string","timestamp":"2022-03-11T19:54:30.612Z"}
{"level":"is","message":"number","timestamp":"2022-03-11T19:54:30.612Z"}
{"level":"problem","message":"the two types dont match","timestamp":"2022-03-11T19:54:30.612Z"}
{"level":"step","message":"if there are not callbacks","timestamp":"2022-03-11T19:54:30.613Z"}
{"level":"is","message":"date","timestamp":"2022-03-11T19:54:30.613Z"}
{"level":"is","message":"date","timestamp":"2022-03-11T19:54:30.613Z"}
{"level":"is","message":"date","timestamp":"2022-03-11T19:54:30.614Z"}
{"level":"is","message":"date","timestamp":"2022-03-11T19:54:30.614Z"}
{"level":"is","message":"date","timestamp":"2022-03-11T19:54:30.615Z"}
{"level":"is","message":"date","timestamp":"2022-03-11T19:54:30.615Z"}
{"level":"is","message":{"difficulty":3,"edit":"2020-12-21T16:00:00.000Z","end":"2020-12-21T16:00:00.000Z","importance":1,"public":true,"start":"2022-03-11T19:54:30.226Z","status":"to do"},"timestamp":"2022-03-11T19:54:30.615Z"}
{"level":"is","message":"string","timestamp":"2022-03-11T19:54:30.616Z"}
{"level":"is","message":"number","timestamp":"2022-03-11T19:54:30.617Z"}
{"level":"problem","message":"the two types dont match","timestamp":"2022-03-11T19:54:30.617Z"}
{"level":"step","message":"if there are not callbacks","timestamp":"2022-03-11T19:54:30.617Z"}
{"level":"is","message":"string","timestamp":"2022-03-11T19:54:30.617Z"}
{"level":"is","message":"number","timestamp":"2022-03-11T19:54:30.618Z"}
{"level":"problem","message":"the two types dont match","timestamp":"2022-03-11T19:54:30.618Z"}
{"level":"step","message":"if there are not callbacks","timestamp":"2022-03-11T19:54:30.618Z"}
{"level":"is","message":"string","timestamp":"2022-03-11T19:54:30.618Z"}
{"level":"is","message":"boolean","timestamp":"2022-03-11T19:54:30.619Z"}
{"level":"problem","message":"the two types dont match","timestamp":"2022-03-11T19:54:30.619Z"}
{"level":"step","message":"if there are not callbacks","timestamp":"2022-03-11T19:54:30.619Z"}
{"level":"is","message":"string","timestamp":"2022-03-11T19:54:30.619Z"}
{"level":"is","message":"string","timestamp":"2022-03-11T19:54:30.620Z"}
{"level":"is","message":"string","timestamp":"2022-03-11T19:54:30.620Z"}
{"level":"is","message":"number","timestamp":"2022-03-11T19:54:30.620Z"}
{"level":"problem","message":"the two types dont match","timestamp":"2022-03-11T19:54:30.620Z"}
{"level":"step","message":"if there are not callbacks","timestamp":"2022-03-11T19:54:30.620Z"}
{"level":"is","message":"string","timestamp":"2022-03-11T19:54:30.621Z"}
{"level":"is","message":"number","timestamp":"2022-03-11T19:54:30.621Z"}
{"level":"problem","message":"the two types dont match","timestamp":"2022-03-11T19:54:30.621Z"}
{"level":"step","message":"if there are not callbacks","timestamp":"2022-03-11T19:54:30.621Z"}
{"level":"is","message":"date","timestamp":"2022-03-11T19:54:30.622Z"}
{"level":"is","message":"date","timestamp":"2022-03-11T19:54:30.622Z"}
{"level":"is","message":"date","timestamp":"2022-03-11T19:54:30.623Z"}
{"level":"is","message":"date","timestamp":"2022-03-11T19:54:30.623Z"}
{"level":"is","message":"date","timestamp":"2022-03-11T19:54:30.623Z"}
{"level":"is","message":"date","timestamp":"2022-03-11T19:54:30.623Z"}
{"level":"is","message":{"difficulty":3,"edit":"2020-12-21T16:00:00.000Z","end":"2020-12-21T16:00:00.000Z","importance":1,"public":true,"start":"2022-03-11T19:54:30.226Z","status":"to do"},"timestamp":"2022-03-11T19:54:30.624Z"}
{"level":"is","message":"string","timestamp":"2022-03-11T19:54:30.625Z"}
{"level":"is","message":"date","timestamp":"2022-03-11T19:54:30.626Z"}
{"level":"problem","message":"the two types dont match","timestamp":"2022-03-11T19:54:30.626Z"}
{"level":"step","message":"if there are not callbacks","timestamp":"2022-03-11T19:54:30.626Z"}
{"level":"is","message":"date","timestamp":"2022-03-11T19:54:30.626Z"}
{"level":"is","message":"date","timestamp":"2022-03-11T19:54:30.627Z"}
{"level":"is","message":"string","timestamp":"2022-03-11T19:54:30.629Z"}
{"level":"is","message":"date","timestamp":"2022-03-11T19:54:30.630Z"}
{"level":"problem","message":"the two types dont match","timestamp":"2022-03-11T19:54:30.630Z"}
{"level":"step","message":"if there are not callbacks","timestamp":"2022-03-11T19:54:30.630Z"}
{"level":"is","message":{"edit":"2020-12-14T16:00:00.000Z"},"timestamp":"2022-03-11T19:54:30.631Z"}
{"level":"is","message":"string","timestamp":"2022-03-11T19:54:30.632Z"}
{"level":"is","message":"string","timestamp":"2022-03-11T19:54:30.632Z"}
{"level":"is","message":"number","timestamp":"2022-03-11T19:54:30.632Z"}
{"level":"is","message":"number","timestamp":"2022-03-11T19:54:30.632Z"}
{"level":"is","message":"number","timestamp":"2022-03-11T19:54:30.633Z"}
{"level":"is","message":"number","timestamp":"2022-03-11T19:54:30.633Z"}
{"level":"is","message":{"difficulty":3,"importance":1,"status":"to do"},"timestamp":"2022-03-11T19:54:30.634Z"}
{"level":"is","message":"boolean","timestamp":"2022-03-11T19:54:30.634Z"}
{"level":"is","message":"boolean","timestamp":"2022-03-11T19:54:30.635Z"}
{"level":"is","message":"string","timestamp":"2022-03-11T19:54:30.635Z"}
{"level":"is","message":"string","timestamp":"2022-03-11T19:54:30.635Z"}
{"level":"is","message":"number","timestamp":"2022-03-11T19:54:30.635Z"}
{"level":"is","message":"number","timestamp":"2022-03-11T19:54:30.636Z"}
{"level":"is","message":"number","timestamp":"2022-03-11T19:54:30.636Z"}
{"level":"is","message":"number","timestamp":"2022-03-11T19:54:30.636Z"}
{"level":"is","message":{"difficulty":3,"importance":1,"public":true,"status":"to do"},"timestamp":"2022-03-11T19:54:30.637Z"}
{"level":"is","message":"date","timestamp":"2022-03-11T19:54:30.637Z"}
{"level":"is","message":"date","timestamp":"2022-03-11T19:54:30.638Z"}
{"level":"is","message":"number","timestamp":"2022-03-11T19:54:30.641Z"}
{"level":"is","message":"number","timestamp":"2022-03-11T19:54:30.641Z"}
{"level":"is","message":"string","timestamp":"2022-03-11T19:54:30.641Z"}
{"level":"is","message":"number","timestamp":"2022-03-11T19:54:30.641Z"}
{"level":"problem","message":"the two types dont match","timestamp":"2022-03-11T19:54:30.642Z"}
{"level":"step","message":"if there are not callbacks","timestamp":"2022-03-11T19:54:30.642Z"}
{"level":"is","message":"string","timestamp":"2022-03-11T19:54:30.642Z"}
{"level":"is","message":"boolean","timestamp":"2022-03-11T19:54:30.642Z"}
{"level":"problem","message":"the two types dont match","timestamp":"2022-03-11T19:54:30.643Z"}
{"level":"step","message":"if there are not callbacks","timestamp":"2022-03-11T19:54:30.643Z"}
{"level":"is","message":"string","timestamp":"2022-03-11T19:54:30.643Z"}
{"level":"is","message":"string","timestamp":"2022-03-11T19:54:30.643Z"}
{"level":"is","message":"string","timestamp":"2022-03-11T19:54:30.644Z"}
{"level":"is","message":"number","timestamp":"2022-03-11T19:54:30.644Z"}
{"level":"problem","message":"the two types dont match","timestamp":"2022-03-11T19:54:30.644Z"}
{"level":"step","message":"if there are not callbacks","timestamp":"2022-03-11T19:54:30.644Z"}
{"level":"is","message":"string","timestamp":"2022-03-11T19:54:30.645Z"}
{"level":"is","message":"number","timestamp":"2022-03-11T19:54:30.645Z"}
{"level":"problem","message":"the two types dont match","timestamp":"2022-03-11T19:54:30.645Z"}
{"level":"step","message":"if there are not callbacks","timestamp":"2022-03-11T19:54:30.645Z"}
{"level":"is","message":"date","timestamp":"2022-03-11T19:54:30.646Z"}
{"level":"is","message":"date","timestamp":"2022-03-11T19:54:30.646Z"}
{"level":"is","message":{"difficulty":3,"importance":3,"public":true,"start":"2021-12-07T16:00:00.000Z","status":"to do","user_id":4},"timestamp":"2022-03-11T19:54:30.646Z"}
{"level":"is","message":"date","timestamp":"2022-03-11T19:54:30.686Z"}
{"level":"is","message":"date","timestamp":"2022-03-11T19:54:30.686Z"}
