{"level":"is","message":[{"hourglass_id":1,"hypothesis":"i think it's becuase i'm actually quite happy and excited about this project i want to be a baller i want to be better than mustafa","id":1,"plan":"give your life to this","problem":"add good things here too - like having one single source of truth for the template that other things inherit","user_id":4,"whatactuallyis":"what","whatshouldbe":"be more organized"}],"timestamp":"2022-03-22T02:44:05.327Z"}
{"level":"is","message":{"plan":"give less shits about boys"},"timestamp":"2022-03-22T02:44:05.330Z"}
{"level":"is","message":[{"hourglass_id":1,"hypothesis":"i think it's becuase i'm actually quite happy and excited about this project i want to be a baller i want to be better than mustafa","id":1,"plan":"give your life to this","problem":"add good things here too - like having one single source of truth for the template that other things inherit","user_id":4,"whatactuallyis":"what","whatshouldbe":"be more organized"}],"timestamp":"2022-03-22T02:44:05.331Z"}
{"level":"is","message":[],"timestamp":"2022-03-22T03:02:03.532Z"}
{"level":"is","message":{"plan":"give less shits about boys"},"timestamp":"2022-03-22T03:02:03.535Z"}
{"level":"is","message":{"id":1},"timestamp":"2022-03-22T03:02:03.536Z"}
{"level":"is","message":{"hourglass_id":1,"hypothesis":"i think it's becuase i'm actually quite happy and excited about this project i want to be a baller i want to be better than mustafa","id":1,"plan":"give your life to this","problem":"add good things here too - like having one single source of truth for the template that other things inherit","user_id":4,"whatactuallyis":"what","whatshouldbe":"be more organized"},"timestamp":"2022-03-22T03:02:41.931Z"}
{"level":"is","message":{"plan":"give less shits about boys"},"timestamp":"2022-03-22T03:02:41.934Z"}
{"level":"is","message":{"id":1,"plan":"give less shits about boys"},"timestamp":"2022-03-22T03:02:41.935Z"}
{"level":"is","message":{"hourglass_id":1,"hypothesis":"i think it's becuase i'm actually quite happy and excited about this project i want to be a baller i want to be better than mustafa","id":1,"plan":"give your life to this","problem":"add good things here too - like having one single source of truth for the template that other things inherit","user_id":4,"whatactuallyis":"what","whatshouldbe":"be more organized"},"timestamp":"2022-03-22T03:04:15.349Z"}
{"level":"is","message":{"plan":"give less shits about boys"},"timestamp":"2022-03-22T03:04:15.352Z"}
{"level":"is","message":{"id":1},"timestamp":"2022-03-22T03:04:15.353Z"}
{"level":"is","message":{"hourglass_id":1,"hypothesis":"i think it's becuase i'm actually quite happy and excited about this project i want to be a baller i want to be better than mustafa","id":1,"plan":"give your life to this","problem":"add good things here too - like having one single source of truth for the template that other things inherit","user_id":4,"whatactuallyis":"what","whatshouldbe":"be more organized"},"timestamp":"2022-03-22T03:04:36.879Z"}
{"level":"is","message":{"plan":"give less shits about boys"},"timestamp":"2022-03-22T03:04:36.881Z"}
{"level":"is","message":{"id":1,"plan":"give less shits about boys"},"timestamp":"2022-03-22T03:04:36.882Z"}
{"level":"is","message":{"hourglass_id":1,"hypothesis":"i think it's becuase i'm actually quite happy and excited about this project i want to be a baller i want to be better than mustafa","id":1,"plan":"give your life to this","problem":"add good things here too - like having one single source of truth for the template that other things inherit","user_id":4,"whatactuallyis":"what","whatshouldbe":"be more organized"},"timestamp":"2022-03-22T03:05:45.057Z"}
{"level":"is","message":{},"timestamp":"2022-03-22T03:05:45.061Z"}
{"level":"is","message":{},"timestamp":"2022-03-22T03:05:45.062Z"}
{"level":"is","message":{"id":1},"timestamp":"2022-03-22T03:05:45.063Z"}
{"level":"is","message":{"id":1},"timestamp":"2022-03-22T03:09:28.804Z"}
{"level":"is","message":{},"timestamp":"2022-03-22T03:09:28.807Z"}
{"level":"is","message":{},"timestamp":"2022-03-22T03:09:28.808Z"}
{"level":"is","message":{"id":1},"timestamp":"2022-03-22T03:09:28.808Z"}
{"level":"is","message":{"hourglass_id":1,"hypothesis":"i think it's becuase i'm actually quite happy and excited about this project i want to be a baller i want to be better than mustafa","id":1,"plan":"give your life to this","problem":"add good things here too - like having one single source of truth for the template that other things inherit","user_id":4,"whatactuallyis":"what","whatshouldbe":"be more organized"},"timestamp":"2022-03-22T03:12:13.359Z"}
{"level":"is","message":{"plan":"give less shits about boys"},"timestamp":"2022-03-22T03:12:13.363Z"}
{"level":"is","message":{"id":1,"plan":"give less shits about boys"},"timestamp":"2022-03-22T03:12:13.363Z"}
{"level":"is","message":{"hourglass_id":1,"hypothesis":"i think it's becuase i'm actually quite happy and excited about this project i want to be a baller i want to be better than mustafa","id":1,"plan":"give your life to this","problem":"add good things here too - like having one single source of truth for the template that other things inherit","user_id":4,"whatactuallyis":"what","whatshouldbe":"be more organized"},"timestamp":"2022-03-22T03:13:07.128Z"}
{"level":"is","message":{"plan":"give less shits about boys"},"timestamp":"2022-03-22T03:13:07.132Z"}
{"level":"is","message":{"id":1,"plan":"give less shits about boys"},"timestamp":"2022-03-22T03:13:07.133Z"}
{"level":"is","message":{"id":1,"plan":"give less shits about boys"},"timestamp":"2022-03-22T03:13:31.134Z"}
{"level":"is","message":{"plan":"give less shits about boys"},"timestamp":"2022-03-22T03:13:31.137Z"}
{"level":"is","message":{"id":1,"plan":"give less shits about boys"},"timestamp":"2022-03-22T03:13:31.138Z"}
{"level":"is","message":{"id":1,"plan":"give less shits about boys"},"timestamp":"2022-03-22T03:14:13.500Z"}
{"level":"is","message":{"plan":"give less shits about boys"},"timestamp":"2022-03-22T03:14:13.504Z"}
{"level":"is","message":{"id":1,"plan":"give less shits about boys"},"timestamp":"2022-03-22T03:14:13.504Z"}
{"level":"is","message":{"hourglass_id":1,"hypothesis":"i think it's becuase i'm actually quite happy and excited about this project i want to be a baller i want to be better than mustafa","id":1,"plan":"give your life to this","problem":"add good things here too - like having one single source of truth for the template that other things inherit","user_id":4,"whatactuallyis":"what","whatshouldbe":"be more organized"},"timestamp":"2022-03-22T03:14:34.805Z"}
{"level":"is","message":{"plan":"give less shits about boys"},"timestamp":"2022-03-22T03:14:34.809Z"}
{"level":"is","message":{"hourglass_id":1,"hypothesis":"i think it's becuase i'm actually quite happy and excited about this project i want to be a baller i want to be better than mustafa","id":1,"plan":"give less shits about boys","problem":"add good things here too - like having one single source of truth for the template that other things inherit","user_id":4,"whatactuallyis":"what","whatshouldbe":"be more organized"},"timestamp":"2022-03-22T03:14:34.809Z"}
{"level":"is","message":{"hourglass_id":1,"hypothesis":"i think it's becuase i'm actually quite happy and excited about this project i want to be a baller i want to be better than mustafa","id":1,"plan":"give your life to this","problem":"add good things here too - like having one single source of truth for the template that other things inherit","user_id":4,"whatactuallyis":"what","whatshouldbe":"be more organized"},"timestamp":"2022-03-22T03:15:11.780Z"}
{"level":"is","message":{"plan":"give less shits about boys"},"timestamp":"2022-03-22T03:15:11.784Z"}
{"level":"is","message":{"hourglass_id":1,"hypothesis":"i think it's becuase i'm actually quite happy and excited about this project i want to be a baller i want to be better than mustafa","id":1,"plan":"give less shits about boys","problem":"add good things here too - like having one single source of truth for the template that other things inherit","user_id":4,"whatactuallyis":"what","whatshouldbe":"be more organized"},"timestamp":"2022-03-22T03:15:11.785Z"}
{"level":"is","message":{"hourglass_id":1,"hypothesis":"i think it's becuase i'm actually quite happy and excited about this project i want to be a baller i want to be better than mustafa","id":1,"plan":"give less shits about boys","problem":"add good things here too - like having one single source of truth for the template that other things inherit","user_id":4,"whatactuallyis":"what","whatshouldbe":"be more organized"},"timestamp":"2022-03-22T03:15:42.989Z"}
{"level":"is","message":{"plan":"give less shits about boys"},"timestamp":"2022-03-22T03:15:42.993Z"}
{"level":"is","message":{"hourglass_id":1,"hypothesis":"i think it's becuase i'm actually quite happy and excited about this project i want to be a baller i want to be better than mustafa","id":1,"plan":"give less shits about boys","problem":"add good things here too - like having one single source of truth for the template that other things inherit","user_id":4,"whatactuallyis":"what","whatshouldbe":"be more organized"},"timestamp":"2022-03-22T03:15:42.994Z"}
{"level":"is","message":{"hourglass_id":1,"hypothesis":"i think it's becuase i'm actually quite happy and excited about this project i want to be a baller i want to be better than mustafa","id":1,"plan":"give less shits about boys","problem":"add good things here too - like having one single source of truth for the template that other things inherit","user_id":4,"whatactuallyis":"what","whatshouldbe":"be more organized"},"timestamp":"2022-03-22T03:17:54.401Z"}
{"level":"is","message":{"plan":"give less shits about boys"},"timestamp":"2022-03-22T03:17:54.404Z"}
{"level":"is","message":{"hourglass_id":1,"hypothesis":"i think it's becuase i'm actually quite happy and excited about this project i want to be a baller i want to be better than mustafa","id":1,"plan":"give less shits about boys","problem":"add good things here too - like having one single source of truth for the template that other things inherit","user_id":4,"whatactuallyis":"what","whatshouldbe":"be more organized"},"timestamp":"2022-03-22T03:17:54.405Z"}
{"level":"is","message":{"difficulty":1,"id":1,"importance":2,"public":true,"seconds":92,"status":"to do","usefulness":1,"user_id":4},"timestamp":"2022-03-22T03:17:54.407Z"}
{"level":"is","message":{"edit":"2022-03-22T03:17:54.299Z","end":"2022-12-11T16:00:00.000Z","seconds":3,"start":"2022-03-22T03:17:54.299Z"},"timestamp":"2022-03-22T03:17:54.408Z"}
{"level":"is","message":{"difficulty":1,"edit":"2022-03-22T03:17:54.299Z","end":"2022-12-11T16:00:00.000Z","id":1,"importance":2,"public":true,"seconds":3,"start":"2022-03-22T03:17:54.299Z","status":"to do","usefulness":1,"user_id":4},"timestamp":"2022-03-22T03:17:54.408Z"}
{"level":"is","message":{"description":"fuck everyone.","hourglass_id":2,"id":1,"key_info":"we work so much hard when we feel bad","notes":"just focus on work, it's the only thing worth doing.","structure":"WORK WORK WORK WORK WORK STOP DATING STOP DATING STOP DATING STOP DATING","title":"feeling bad and insecure","user_id":4},"timestamp":"2022-03-22T03:17:54.409Z"}
{"level":"is","message":{"description":"be more like water","key_info":"just do it","structure":"think less","title":"getting things done"},"timestamp":"2022-03-22T03:17:54.410Z"}
{"level":"is","message":{"description":"be more like water","hourglass_id":2,"id":1,"key_info":"just do it","notes":"just focus on work, it's the only thing worth doing.","structure":"think less","title":"getting things done","user_id":4},"timestamp":"2022-03-22T03:17:54.411Z"}
{"level":"is","message":{"cheatsheet_id":1,"hourglass_id":3,"id":1,"name":"like, how do we actually create tag snippets","problem_id":1,"user_id":4},"timestamp":"2022-03-22T03:17:54.411Z"}
{"level":"is","message":{"name":"keep going"},"timestamp":"2022-03-22T03:17:54.412Z"}
{"level":"is","message":{"cheatsheet_id":1,"hourglass_id":3,"id":1,"name":"keep going","problem_id":1,"user_id":4},"timestamp":"2022-03-22T03:17:54.412Z"}
{"level":"is","message":{"hourglass_id":4,"id":1,"snippet":"be more selfish with your time. this is your life. reach your own goals. be more confident in yourself, you got this. i want cyrus on my team","tag":"quote","task_id":1,"user_id":4},"timestamp":"2022-03-22T03:17:54.413Z"}
{"level":"is","message":{"tag":"give less shits about boys"},"timestamp":"2022-03-22T03:17:54.413Z"}
{"level":"is","message":{"hourglass_id":4,"id":1,"snippet":"be more selfish with your time. this is your life. reach your own goals. be more confident in yourself, you got this. i want cyrus on my team","tag":"give less shits about boys","task_id":1,"user_id":4},"timestamp":"2022-03-22T03:17:54.414Z"}
{"level":"is","message":[],"timestamp":"2022-03-22T03:17:54.414Z"}
{"level":"is","timestamp":"2022-03-22T03:17:54.415Z"}
{"level":"is","message":[],"timestamp":"2022-03-22T03:17:54.415Z"}
{"level":"is","message":{"hourglass_id":1,"hypothesis":"i think it's becuase i'm actually quite happy and excited about this project i want to be a baller i want to be better than mustafa","id":1,"plan":"give less shits about boys","problem":"add good things here too - like having one single source of truth for the template that other things inherit","user_id":4,"whatactuallyis":"what","whatshouldbe":"be more organized"},"timestamp":"2022-03-22T03:20:54.698Z"}
{"level":"is","message":{"plan":"give less shits about boys"},"timestamp":"2022-03-22T03:20:54.702Z"}
{"level":"is","message":{"hourglass_id":1,"hypothesis":"i think it's becuase i'm actually quite happy and excited about this project i want to be a baller i want to be better than mustafa","id":1,"plan":"give less shits about boys","problem":"add good things here too - like having one single source of truth for the template that other things inherit","user_id":4,"whatactuallyis":"what","whatshouldbe":"be more organized"},"timestamp":"2022-03-22T03:20:54.703Z"}
{"level":"is","message":{"difficulty":1,"edit":"2022-03-22T03:17:54.299Z","end":"2022-12-11T16:00:00.000Z","id":1,"importance":2,"public":true,"seconds":3,"start":"2022-03-22T03:17:54.299Z","status":"to do","usefulness":1,"user_id":4},"timestamp":"2022-03-22T03:20:54.704Z"}
{"level":"is","message":{"edit":"2022-03-22T03:20:54.581Z","end":"2022-12-11T16:00:00.000Z","seconds":3,"start":"2022-03-22T03:20:54.581Z"},"timestamp":"2022-03-22T03:20:54.706Z"}
{"level":"is","message":{"difficulty":1,"edit":"2022-03-22T03:20:54.581Z","end":"2022-12-11T16:00:00.000Z","id":1,"importance":2,"public":true,"seconds":3,"start":"2022-03-22T03:20:54.581Z","status":"to do","usefulness":1,"user_id":4},"timestamp":"2022-03-22T03:20:54.706Z"}
{"level":"is","message":{"description":"be more like water","hourglass_id":2,"id":1,"key_info":"just do it","notes":"just focus on work, it's the only thing worth doing.","structure":"think less","title":"getting things done","user_id":4},"timestamp":"2022-03-22T03:20:54.707Z"}
{"level":"is","message":{"structure":"think less"},"timestamp":"2022-03-22T03:20:54.708Z"}
{"level":"is","message":{"description":"be more like water","hourglass_id":2,"id":1,"key_info":"just do it","notes":"just focus on work, it's the only thing worth doing.","structure":"think less","title":"getting things done","user_id":4},"timestamp":"2022-03-22T03:20:54.708Z"}
{"level":"is","message":{"cheatsheet_id":1,"hourglass_id":3,"id":1,"name":"keep going","problem_id":1,"user_id":4},"timestamp":"2022-03-22T03:20:54.709Z"}
{"level":"is","message":{"name":"keep going"},"timestamp":"2022-03-22T03:20:54.709Z"}
{"level":"is","message":{"cheatsheet_id":1,"hourglass_id":3,"id":1,"name":"keep going","problem_id":1,"user_id":4},"timestamp":"2022-03-22T03:20:54.710Z"}
{"level":"is","message":{"hourglass_id":4,"id":1,"snippet":"be more selfish with your time. this is your life. reach your own goals. be more confident in yourself, you got this. i want cyrus on my team","tag":"give less shits about boys","task_id":1,"user_id":4},"timestamp":"2022-03-22T03:20:54.710Z"}
{"level":"is","message":{"tag":"give less shits about boys"},"timestamp":"2022-03-22T03:20:54.711Z"}
{"level":"is","message":{"hourglass_id":4,"id":1,"snippet":"be more selfish with your time. this is your life. reach your own goals. be more confident in yourself, you got this. i want cyrus on my team","tag":"give less shits about boys","task_id":1,"user_id":4},"timestamp":"2022-03-22T03:20:54.711Z"}
{"level":"is","message":[],"timestamp":"2022-03-22T03:20:54.713Z"}
{"level":"is","timestamp":"2022-03-22T03:20:54.713Z"}
{"level":"is","message":[],"timestamp":"2022-03-22T03:20:54.713Z"}
{"level":"is","message":{"hourglass_id":1,"hypothesis":"i think it's becuase i'm actually quite happy and excited about this project i want to be a baller i want to be better than mustafa","id":1,"plan":"give less shits about boys","problem":"add good things here too - like having one single source of truth for the template that other things inherit","user_id":4,"whatactuallyis":"what","whatshouldbe":"be more organized"},"timestamp":"2022-03-22T03:21:53.715Z"}
{"level":"is","message":{"plan":"give less shits about boys"},"timestamp":"2022-03-22T03:21:53.719Z"}
{"level":"is","message":{"hourglass_id":1,"hypothesis":"i think it's becuase i'm actually quite happy and excited about this project i want to be a baller i want to be better than mustafa","id":1,"plan":"give less shits about boys","problem":"add good things here too - like having one single source of truth for the template that other things inherit","user_id":4,"whatactuallyis":"what","whatshouldbe":"be more organized"},"timestamp":"2022-03-22T03:21:53.720Z"}
{"level":"is","message":{"difficulty":1,"edit":"2022-03-22T03:20:54.581Z","end":"2022-12-11T16:00:00.000Z","id":1,"importance":2,"public":true,"seconds":3,"start":"2022-03-22T03:20:54.581Z","status":"to do","usefulness":1,"user_id":4},"timestamp":"2022-03-22T03:21:53.721Z"}
{"level":"is","message":{"edit":"2022-03-22T03:21:53.599Z","end":"2022-12-11T16:00:00.000Z","seconds":3,"start":"2022-03-22T03:21:53.599Z"},"timestamp":"2022-03-22T03:21:53.723Z"}
{"level":"is","message":{"difficulty":1,"edit":"2022-03-22T03:21:53.599Z","end":"2022-12-11T16:00:00.000Z","id":1,"importance":2,"public":true,"seconds":3,"start":"2022-03-22T03:21:53.599Z","status":"to do","usefulness":1,"user_id":4},"timestamp":"2022-03-22T03:21:53.723Z"}
{"level":"is","message":{"description":"be more like water","hourglass_id":2,"id":1,"key_info":"just do it","notes":"just focus on work, it's the only thing worth doing.","structure":"think less","title":"getting things done","user_id":4},"timestamp":"2022-03-22T03:21:53.724Z"}
{"level":"is","message":{"structure":"think less"},"timestamp":"2022-03-22T03:21:53.725Z"}
{"level":"is","message":{"description":"be more like water","hourglass_id":2,"id":1,"key_info":"just do it","notes":"just focus on work, it's the only thing worth doing.","structure":"think less","title":"getting things done","user_id":4},"timestamp":"2022-03-22T03:21:53.725Z"}
{"level":"is","message":{"cheatsheet_id":1,"hourglass_id":3,"id":1,"name":"keep going","problem_id":1,"user_id":4},"timestamp":"2022-03-22T03:21:53.726Z"}
{"level":"is","message":{"name":"keep going"},"timestamp":"2022-03-22T03:21:53.726Z"}
{"level":"is","message":{"cheatsheet_id":1,"hourglass_id":3,"id":1,"name":"keep going","problem_id":1,"user_id":4},"timestamp":"2022-03-22T03:21:53.727Z"}
{"level":"is","message":{"hourglass_id":4,"id":1,"snippet":"be more selfish with your time. this is your life. reach your own goals. be more confident in yourself, you got this. i want cyrus on my team","tag":"give less shits about boys","task_id":1,"user_id":4},"timestamp":"2022-03-22T03:21:53.727Z"}
{"level":"is","message":{"tag":"give less shits about boys"},"timestamp":"2022-03-22T03:21:53.728Z"}
{"level":"is","message":{"hourglass_id":4,"id":1,"snippet":"be more selfish with your time. this is your life. reach your own goals. be more confident in yourself, you got this. i want cyrus on my team","tag":"give less shits about boys","task_id":1,"user_id":4},"timestamp":"2022-03-22T03:21:53.728Z"}
{"level":"is","message":[],"timestamp":"2022-03-22T03:21:53.729Z"}
{"level":"is","timestamp":"2022-03-22T03:21:53.730Z"}
{"level":"is","message":[],"timestamp":"2022-03-22T03:21:53.730Z"}
{"level":"is","message":{"hourglass_id":1,"hypothesis":"i think it's becuase i'm actually quite happy and excited about this project i want to be a baller i want to be better than mustafa","id":1,"plan":"give your life to this","problem":"add good things here too - like having one single source of truth for the template that other things inherit","user_id":4,"whatactuallyis":"what","whatshouldbe":"be more organized"},"timestamp":"2022-03-22T03:29:39.362Z"}
{"level":"is","message":{"plan":"give less shits about boys"},"timestamp":"2022-03-22T03:29:39.367Z"}
{"level":"is","message":{"hourglass_id":1,"hypothesis":"i think it's becuase i'm actually quite happy and excited about this project i want to be a baller i want to be better than mustafa","id":1,"plan":"give your life to this","problem":"add good things here too - like having one single source of truth for the template that other things inherit","user_id":4,"whatactuallyis":"what","whatshouldbe":"be more organized"},"timestamp":"2022-03-22T03:29:54.927Z"}
{"level":"is","message":{"plan":"give less shits about boys"},"timestamp":"2022-03-22T03:29:54.931Z"}
{"level":"is","message":{"hourglass_id":1,"hypothesis":"i think it's becuase i'm actually quite happy and excited about this project i want to be a baller i want to be better than mustafa","id":1,"plan":"give your life to this","problem":"add good things here too - like having one single source of truth for the template that other things inherit","user_id":4,"whatactuallyis":"what","whatshouldbe":"be more organized"},"timestamp":"2022-03-22T03:30:16.575Z"}
{"level":"is","message":{"plan":"give less shits about boys"},"timestamp":"2022-03-22T03:30:16.578Z"}
{"level":"is","message":{"hourglass_id":1,"hypothesis":"i think it's becuase i'm actually quite happy and excited about this project i want to be a baller i want to be better than mustafa","id":1,"plan":"give less shits about boys","problem":"add good things here too - like having one single source of truth for the template that other things inherit","user_id":4,"whatactuallyis":"what","whatshouldbe":"be more organized"},"timestamp":"2022-03-22T03:30:29.148Z"}
{"level":"is","message":{"plan":"give less shits about boys"},"timestamp":"2022-03-22T03:30:29.152Z"}
{"level":"is","message":{"difficulty":1,"id":1,"importance":2,"public":true,"seconds":92,"status":"to do","usefulness":1,"user_id":4},"timestamp":"2022-03-22T03:30:29.154Z"}
{"level":"is","message":{"edit":"2022-03-22T03:30:29.034Z","end":"2022-12-11T16:00:00.000Z","seconds":3,"start":"2022-03-22T03:30:29.034Z"},"timestamp":"2022-03-22T03:30:29.155Z"}
{"level":"is","message":{"hourglass_id":1,"hypothesis":"i think it's becuase i'm actually quite happy and excited about this project i want to be a baller i want to be better than mustafa","id":1,"plan":"give less shits about boys","problem":"add good things here too - like having one single source of truth for the template that other things inherit","user_id":4,"whatactuallyis":"what","whatshouldbe":"be more organized"},"timestamp":"2022-03-22T03:30:34.693Z"}
{"level":"is","message":{"plan":"give less shits about boys"},"timestamp":"2022-03-22T03:30:34.697Z"}
{"level":"is","message":{"difficulty":1,"edit":"2022-03-22T03:30:29.034Z","end":"2022-12-11T16:00:00.000Z","id":1,"importance":2,"public":true,"seconds":3,"start":"2022-03-22T03:30:29.034Z","status":"to do","usefulness":1,"user_id":4},"timestamp":"2022-03-22T03:30:34.698Z"}
{"level":"is","message":{"edit":"2022-03-22T03:30:34.586Z","end":"2022-12-11T16:00:00.000Z","seconds":3,"start":"2022-03-22T03:30:34.586Z"},"timestamp":"2022-03-22T03:30:34.699Z"}
{"level":"is","message":{"description":"fuck everyone.","hourglass_id":2,"id":1,"key_info":"we work so much hard when we feel bad","notes":"just focus on work, it's the only thing worth doing.","structure":"WORK WORK WORK WORK WORK STOP DATING STOP DATING STOP DATING STOP DATING","title":"feeling bad and insecure","user_id":4},"timestamp":"2022-03-22T03:30:34.700Z"}
{"level":"is","message":{"structure":"think less"},"timestamp":"2022-03-22T03:30:34.701Z"}
{"level":"is","message":{"hourglass_id":1,"hypothesis":"i think it's becuase i'm actually quite happy and excited about this project i want to be a baller i want to be better than mustafa","id":1,"plan":"give less shits about boys","problem":"add good things here too - like having one single source of truth for the template that other things inherit","user_id":4,"whatactuallyis":"what","whatshouldbe":"be more organized"},"timestamp":"2022-03-22T03:30:45.621Z"}
{"level":"is","message":{"plan":"give less shits about boys"},"timestamp":"2022-03-22T03:30:45.625Z"}
{"level":"is","message":{"difficulty":1,"edit":"2022-03-22T03:30:34.586Z","end":"2022-12-11T16:00:00.000Z","id":1,"importance":2,"public":true,"seconds":3,"start":"2022-03-22T03:30:34.586Z","status":"to do","usefulness":1,"user_id":4},"timestamp":"2022-03-22T03:30:45.627Z"}
{"level":"is","message":{"edit":"2022-03-22T03:30:45.505Z","end":"2022-12-11T16:00:00.000Z","seconds":3,"start":"2022-03-22T03:30:45.505Z"},"timestamp":"2022-03-22T03:30:45.628Z"}
{"level":"is","message":{"description":"fuck everyone.","hourglass_id":2,"id":1,"key_info":"we work so much hard when we feel bad","notes":"just focus on work, it's the only thing worth doing.","structure":"think less","title":"feeling bad and insecure","user_id":4},"timestamp":"2022-03-22T03:30:45.629Z"}
{"level":"is","message":{"structure":"think less"},"timestamp":"2022-03-22T03:30:45.630Z"}
{"level":"is","message":{"cheatsheet_id":1,"hourglass_id":3,"id":1,"name":"like, how do we actually create tag snippets","problem_id":1,"user_id":4},"timestamp":"2022-03-22T03:30:45.631Z"}
{"level":"is","message":{"name":"keep going"},"timestamp":"2022-03-22T03:30:45.631Z"}
{"level":"is","message":{"hourglass_id":1,"hypothesis":"i think it's becuase i'm actually quite happy and excited about this project i want to be a baller i want to be better than mustafa","id":1,"plan":"give less shits about boys","problem":"add good things here too - like having one single source of truth for the template that other things inherit","user_id":4,"whatactuallyis":"what","whatshouldbe":"be more organized"},"timestamp":"2022-03-22T03:30:54.625Z"}
{"level":"is","message":{"plan":"give less shits about boys"},"timestamp":"2022-03-22T03:30:54.629Z"}
{"level":"is","message":{"difficulty":1,"edit":"2022-03-22T03:30:45.505Z","end":"2022-12-11T16:00:00.000Z","id":1,"importance":2,"public":true,"seconds":3,"start":"2022-03-22T03:30:45.505Z","status":"to do","usefulness":1,"user_id":4},"timestamp":"2022-03-22T03:30:54.630Z"}
{"level":"is","message":{"edit":"2022-03-22T03:30:54.507Z","end":"2022-12-11T16:00:00.000Z","seconds":3,"start":"2022-03-22T03:30:54.507Z"},"timestamp":"2022-03-22T03:30:54.631Z"}
{"level":"is","message":{"description":"fuck everyone.","hourglass_id":2,"id":1,"key_info":"we work so much hard when we feel bad","notes":"just focus on work, it's the only thing worth doing.","structure":"think less","title":"feeling bad and insecure","user_id":4},"timestamp":"2022-03-22T03:30:54.633Z"}
{"level":"is","message":{"structure":"think less"},"timestamp":"2022-03-22T03:30:54.633Z"}
{"level":"is","message":{"cheatsheet_id":1,"hourglass_id":3,"id":1,"name":"keep going","problem_id":1,"user_id":4},"timestamp":"2022-03-22T03:30:54.634Z"}
{"level":"is","message":{"name":"keep going"},"timestamp":"2022-03-22T03:30:54.635Z"}
{"level":"is","message":{"hourglass_id":4,"id":1,"snippet":"be more selfish with your time. this is your life. reach your own goals. be more confident in yourself, you got this. i want cyrus on my team","tag":"quote","task_id":1,"user_id":4},"timestamp":"2022-03-22T03:30:54.635Z"}
{"level":"is","message":{"tag":"give less shits about boys"},"timestamp":"2022-03-22T03:30:54.636Z"}
{"level":"is","message":{"hourglass_id":1,"hypothesis":"i think it's becuase i'm actually quite happy and excited about this project i want to be a baller i want to be better than mustafa","id":1,"plan":"give less shits about boys","problem":"add good things here too - like having one single source of truth for the template that other things inherit","user_id":4,"whatactuallyis":"what","whatshouldbe":"be more organized"},"timestamp":"2022-03-22T03:31:05.116Z"}
{"level":"is","message":{"plan":"give less shits about boys"},"timestamp":"2022-03-22T03:31:05.120Z"}
{"level":"is","message":{"difficulty":1,"edit":"2022-03-22T03:30:54.507Z","end":"2022-12-11T16:00:00.000Z","id":1,"importance":2,"public":true,"seconds":3,"start":"2022-03-22T03:30:54.507Z","status":"to do","usefulness":1,"user_id":4},"timestamp":"2022-03-22T03:31:05.122Z"}
{"level":"is","message":{"edit":"2022-03-22T03:31:05.008Z","end":"2022-12-11T16:00:00.000Z","seconds":3,"start":"2022-03-22T03:31:05.008Z"},"timestamp":"2022-03-22T03:31:05.122Z"}
{"level":"is","message":{"description":"fuck everyone.","hourglass_id":2,"id":1,"key_info":"we work so much hard when we feel bad","notes":"just focus on work, it's the only thing worth doing.","structure":"think less","title":"feeling bad and insecure","user_id":4},"timestamp":"2022-03-22T03:31:05.124Z"}
{"level":"is","message":{"structure":"think less"},"timestamp":"2022-03-22T03:31:05.125Z"}
{"level":"is","message":{"cheatsheet_id":1,"hourglass_id":3,"id":1,"name":"keep going","problem_id":1,"user_id":4},"timestamp":"2022-03-22T03:31:05.126Z"}
{"level":"is","message":{"name":"keep going"},"timestamp":"2022-03-22T03:31:05.126Z"}
{"level":"is","message":{"hourglass_id":4,"id":1,"snippet":"be more selfish with your time. this is your life. reach your own goals. be more confident in yourself, you got this. i want cyrus on my team","tag":"give less shits about boys","task_id":1,"user_id":4},"timestamp":"2022-03-22T03:31:05.127Z"}
{"level":"is","message":{"tag":"give less shits about boys"},"timestamp":"2022-03-22T03:31:05.128Z"}
{"level":"is","message":[],"timestamp":"2022-03-22T03:31:05.129Z"}
{"level":"is","message":{"gmail_id":"give less shits about boys"},"timestamp":"2022-03-22T03:31:05.129Z"}
{"level":"is","message":[],"timestamp":"2022-03-22T03:31:48.102Z"}
{"level":"is","message":{"gmail_id":"give less shits about boys"},"timestamp":"2022-03-22T03:31:48.109Z"}
{"level":"is","message":{"email":"lesleyc@bu.edu","facebook_id":"92a5c811-8fcd-4f53-bc7d-0772673f29b8","gmail_id":"5a3c79f0-ad4b-4f3c-a844-336cc1652e81","hash":"bekHZn.odDz8jM4FBnaYF3.2HLkgxDgEIEOZyUpqnEc3pCzchZyRle","id":4,"logged_in":true,"name":"lesley","spotify_id":"cc5016f3-2f4a-4036-baef-884f2017bf6f","theme":"professional"},"timestamp":"2022-03-22T03:32:52.885Z"}
{"level":"is","message":{"gmail_id":"give less shits about boys"},"timestamp":"2022-03-22T03:32:52.890Z"}
{"level":"is","message":{"email":"lesleyc@bu.edu","facebook_id":"92a5c811-8fcd-4f53-bc7d-0772673f29b8","gmail_id":"5a3c79f0-ad4b-4f3c-a844-336cc1652e81","hash":"bekHZn.odDz8jM4FBnaYF3.2HLkgxDgEIEOZyUpqnEc3pCzchZyRle","id":4,"logged_in":true,"name":"lesley","spotify_id":"cc5016f3-2f4a-4036-baef-884f2017bf6f","theme":"professional"},"timestamp":"2022-03-22T03:33:29.316Z"}
{"level":"is","message":{"gmail_id":"give less shits about boys"},"timestamp":"2022-03-22T03:33:29.319Z"}
{"level":"is","message":{"email":"lesleyc@bu.edu","facebook_id":"92a5c811-8fcd-4f53-bc7d-0772673f29b8","gmail_id":"5a3c79f0-ad4b-4f3c-a844-336cc1652e81","hash":"bekHZn.odDz8jM4FBnaYF3.2HLkgxDgEIEOZyUpqnEc3pCzchZyRle","id":4,"logged_in":true,"name":"lesley","spotify_id":"cc5016f3-2f4a-4036-baef-884f2017bf6f","theme":"professional"},"timestamp":"2022-03-22T03:33:53.930Z"}
{"level":"is","message":{"gmail_id":"give less shits about boys"},"timestamp":"2022-03-22T03:33:53.934Z"}
{"level":"is","message":{"hourglass_id":1,"hypothesis":"i think it's becuase i'm actually quite happy and excited about this project i want to be a baller i want to be better than mustafa","id":1,"plan":"give your life to this","problem":"add good things here too - like having one single source of truth for the template that other things inherit","user_id":4,"whatactuallyis":"what","whatshouldbe":"be more organized"},"timestamp":"2022-03-22T03:34:02.913Z"}
{"level":"is","message":{"plan":"give less shits about boys"},"timestamp":"2022-03-22T03:34:02.917Z"}
{"level":"is","message":{"email":"lesleyc@bu.edu","facebook_id":"92a5c811-8fcd-4f53-bc7d-0772673f29b8","gmail_id":"give less shits about boys","hash":"bekHZn.odDz8jM4FBnaYF3.2HLkgxDgEIEOZyUpqnEc3pCzchZyRle","id":4,"logged_in":true,"name":"lesley","spotify_id":"cc5016f3-2f4a-4036-baef-884f2017bf6f","theme":"professional"},"timestamp":"2022-03-22T03:34:02.920Z"}
{"level":"is","message":{"gmail_id":"give less shits about boys"},"timestamp":"2022-03-22T03:34:02.921Z"}
{"level":"is","message":{"hourglass_id":1,"hypothesis":"i think it's becuase i'm actually quite happy and excited about this project i want to be a baller i want to be better than mustafa","id":1,"plan":"give less shits about boys","problem":"add good things here too - like having one single source of truth for the template that other things inherit","user_id":4,"whatactuallyis":"what","whatshouldbe":"be more organized"},"timestamp":"2022-03-22T03:34:13.342Z"}
{"level":"is","message":{"plan":"give less shits about boys"},"timestamp":"2022-03-22T03:34:13.346Z"}
{"level":"is","message":{"difficulty":1,"id":1,"importance":2,"public":true,"seconds":92,"status":"to do","usefulness":1,"user_id":4},"timestamp":"2022-03-22T03:34:13.348Z"}
{"level":"is","message":{"edit":"2022-03-22T03:34:13.227Z","end":"2022-12-11T16:00:00.000Z","seconds":3,"start":"2022-03-22T03:34:13.227Z"},"timestamp":"2022-03-22T03:34:13.349Z"}
{"level":"is","message":{"description":"fuck everyone.","hourglass_id":2,"id":1,"key_info":"we work so much hard when we feel bad","notes":"just focus on work, it's the only thing worth doing.","structure":"WORK WORK WORK WORK WORK STOP DATING STOP DATING STOP DATING STOP DATING","title":"feeling bad and insecure","user_id":4},"timestamp":"2022-03-22T03:34:13.351Z"}
{"level":"is","message":{"structure":"think less"},"timestamp":"2022-03-22T03:34:13.351Z"}
{"level":"is","message":{"cheatsheet_id":1,"hourglass_id":3,"id":1,"name":"like, how do we actually create tag snippets","problem_id":1,"user_id":4},"timestamp":"2022-03-22T03:34:13.352Z"}
{"level":"is","message":{"name":"keep going"},"timestamp":"2022-03-22T03:34:13.353Z"}
{"level":"is","message":{"hourglass_id":4,"id":1,"snippet":"be more selfish with your time. this is your life. reach your own goals. be more confident in yourself, you got this. i want cyrus on my team","tag":"quote","task_id":1,"user_id":4},"timestamp":"2022-03-22T03:34:13.354Z"}
{"level":"is","message":{"tag":"give less shits about boys"},"timestamp":"2022-03-22T03:34:13.354Z"}
{"level":"is","message":{"email":"lesleyc@bu.edu","facebook_id":"92a5c811-8fcd-4f53-bc7d-0772673f29b8","gmail_id":"give less shits about boys","hash":"bekHZn.odDz8jM4FBnaYF3.2HLkgxDgEIEOZyUpqnEc3pCzchZyRle","id":4,"logged_in":true,"name":"lesley","spotify_id":"cc5016f3-2f4a-4036-baef-884f2017bf6f","theme":"professional"},"timestamp":"2022-03-22T03:34:13.355Z"}
{"level":"is","message":{"gmail_id":"give less shits about boys"},"timestamp":"2022-03-22T03:34:13.355Z"}
{"level":"is","message":{"hourglass_id":1,"hypothesis":"i think it's becuase i'm actually quite happy and excited about this project i want to be a baller i want to be better than mustafa","id":1,"plan":"give your life to this","problem":"add good things here too - like having one single source of truth for the template that other things inherit","user_id":4,"whatactuallyis":"what","whatshouldbe":"be more organized"},"timestamp":"2022-03-22T03:37:45.682Z"}
{"level":"is","message":{"plan":"give less shits about boys"},"timestamp":"2022-03-22T03:37:45.685Z"}
{"level":"is","message":[],"timestamp":"2022-03-22T03:37:45.688Z"}
{"level":"is","message":{"difficulty":3},"timestamp":"2022-03-22T03:37:45.689Z"}
{"level":"is","message":{"difficulty":1,"edit":"2022-03-22T03:34:13.227Z","end":"2022-12-11T16:00:00.000Z","id":1,"importance":2,"public":true,"seconds":3,"start":"2022-03-22T03:34:13.227Z","status":"to do","usefulness":1,"user_id":4},"timestamp":"2022-03-22T03:37:45.691Z"}
{"level":"is","message":{"edit":"2022-03-22T03:37:45.563Z","end":"2022-12-11T16:00:00.000Z","seconds":3,"start":"2022-03-22T03:37:45.563Z"},"timestamp":"2022-03-22T03:37:45.692Z"}
{"level":"is","message":[],"timestamp":"2022-03-22T03:37:45.694Z"}
{"level":"is","message":{"edit":"2022-03-22T03:37:45.563Z","end":"2022-12-11T16:00:00.000Z","seconds":3,"start":"2022-03-22T03:37:45.563Z"},"timestamp":"2022-03-22T03:37:45.694Z"}
{"level":"is","message":{"description":"fuck everyone.","hourglass_id":2,"id":1,"key_info":"we work so much hard when we feel bad","notes":"just focus on work, it's the only thing worth doing.","structure":"WORK WORK WORK WORK WORK STOP DATING STOP DATING STOP DATING STOP DATING","title":"feeling bad and insecure","user_id":4},"timestamp":"2022-03-22T03:37:45.698Z"}
{"level":"is","message":{"structure":"think less"},"timestamp":"2022-03-22T03:37:45.698Z"}
{"level":"is","message":[],"timestamp":"2022-03-22T03:37:45.699Z"}
{"level":"is","message":{"importance":2},"timestamp":"2022-03-22T03:37:45.699Z"}
{"level":"is","message":{"cheatsheet_id":1,"hourglass_id":3,"id":1,"name":"like, how do we actually create tag snippets","problem_id":1,"user_id":4},"timestamp":"2022-03-22T03:37:45.701Z"}
{"level":"is","message":{"name":"keep going"},"timestamp":"2022-03-22T03:37:45.701Z"}
{"level":"is","message":[],"timestamp":"2022-03-22T03:37:45.702Z"}
{"level":"is","message":{"difficulty":1},"timestamp":"2022-03-22T03:37:45.702Z"}
{"level":"is","message":{"hourglass_id":4,"id":1,"snippet":"be more selfish with your time. this is your life. reach your own goals. be more confident in yourself, you got this. i want cyrus on my team","tag":"quote","task_id":1,"user_id":4},"timestamp":"2022-03-22T03:37:45.703Z"}
{"level":"is","message":{"tag":"give less shits about boys"},"timestamp":"2022-03-22T03:37:45.704Z"}
{"level":"is","message":[],"timestamp":"2022-03-22T03:37:45.704Z"}
{"level":"is","message":{"usefulness":2},"timestamp":"2022-03-22T03:37:45.705Z"}
{"level":"is","message":{"email":"lesleyc@bu.edu","facebook_id":"92a5c811-8fcd-4f53-bc7d-0772673f29b8","gmail_id":"5a3c79f0-ad4b-4f3c-a844-336cc1652e81","hash":"bekHZn.odDz8jM4FBnaYF3.2HLkgxDgEIEOZyUpqnEc3pCzchZyRle","id":4,"logged_in":true,"name":"lesley","spotify_id":"cc5016f3-2f4a-4036-baef-884f2017bf6f","theme":"professional"},"timestamp":"2022-03-22T03:37:45.706Z"}
{"level":"is","message":{"gmail_id":"give less shits about boys"},"timestamp":"2022-03-22T03:37:45.706Z"}
{"level":"is","message":[],"timestamp":"2022-03-22T03:37:45.707Z"}
{"level":"is","message":{},"timestamp":"2022-03-22T03:37:45.707Z"}
{"level":"is","message":{"hourglass_id":1,"hypothesis":"i think it's becuase i'm actually quite happy and excited about this project i want to be a baller i want to be better than mustafa","id":1,"plan":"give your life to this","problem":"add good things here too - like having one single source of truth for the template that other things inherit","user_id":4,"whatactuallyis":"what","whatshouldbe":"be more organized"},"timestamp":"2022-03-22T03:39:13.340Z"}
{"level":"is","message":{"plan":"give less shits about boys"},"timestamp":"2022-03-22T03:39:13.343Z"}
{"level":"is","message":{"difficulty":1,"edit":"2022-03-22T03:34:13.227Z","end":"2022-12-11T16:00:00.000Z","id":1,"importance":2,"public":true,"seconds":3,"start":"2022-03-22T03:34:13.227Z","status":"to do","usefulness":1,"user_id":4},"timestamp":"2022-03-22T03:39:13.346Z"}
{"level":"is","message":{"edit":"2022-03-22T03:39:13.222Z","end":"2022-12-11T16:00:00.000Z","seconds":3,"start":"2022-03-22T03:39:13.222Z"},"timestamp":"2022-03-22T03:39:13.347Z"}
{"level":"is","message":{"description":"fuck everyone.","hourglass_id":2,"id":1,"key_info":"we work so much hard when we feel bad","notes":"just focus on work, it's the only thing worth doing.","structure":"WORK WORK WORK WORK WORK STOP DATING STOP DATING STOP DATING STOP DATING","title":"feeling bad and insecure","user_id":4},"timestamp":"2022-03-22T03:39:13.349Z"}
{"level":"is","message":{"structure":"think less"},"timestamp":"2022-03-22T03:39:13.350Z"}
{"level":"is","message":{"cheatsheet_id":1,"hourglass_id":3,"id":1,"name":"like, how do we actually create tag snippets","problem_id":1,"user_id":4},"timestamp":"2022-03-22T03:39:13.351Z"}
{"level":"is","message":{"name":"keep going"},"timestamp":"2022-03-22T03:39:13.351Z"}
{"level":"is","message":{"hourglass_id":4,"id":1,"snippet":"be more selfish with your time. this is your life. reach your own goals. be more confident in yourself, you got this. i want cyrus on my team","tag":"quote","task_id":1,"user_id":4},"timestamp":"2022-03-22T03:39:13.352Z"}
{"level":"is","message":{"tag":"give less shits about boys"},"timestamp":"2022-03-22T03:39:13.352Z"}
{"level":"is","message":{"email":"lesleyc@bu.edu","facebook_id":"92a5c811-8fcd-4f53-bc7d-0772673f29b8","gmail_id":"5a3c79f0-ad4b-4f3c-a844-336cc1652e81","hash":"bekHZn.odDz8jM4FBnaYF3.2HLkgxDgEIEOZyUpqnEc3pCzchZyRle","id":4,"logged_in":true,"name":"lesley","spotify_id":"cc5016f3-2f4a-4036-baef-884f2017bf6f","theme":"professional"},"timestamp":"2022-03-22T03:39:13.355Z"}
{"level":"is","message":{"gmail_id":"give less shits about boys"},"timestamp":"2022-03-22T03:39:13.355Z"}
{"level":"is","message":{"difficulty":1,"edit":"2022-03-22T03:39:13.222Z","end":"2022-12-11T16:00:00.000Z","id":1,"importance":2,"public":true,"seconds":3,"start":"2022-03-22T03:39:13.222Z","status":"to do","usefulness":1,"user_id":4},"timestamp":"2022-03-22T03:39:13.357Z"}
{"level":"is","message":{"difficulty":3},"timestamp":"2022-03-22T03:39:13.357Z"}
{"level":"is","message":[],"timestamp":"2022-03-22T03:39:13.359Z"}
{"level":"is","message":{"edit":"2022-03-22T03:39:13.222Z","end":"2022-12-11T16:00:00.000Z","seconds":3,"start":"2022-03-22T03:39:13.222Z"},"timestamp":"2022-03-22T03:39:13.359Z"}
{"level":"is","message":{"difficulty":1,"edit":"2022-03-22T03:34:13.227Z","end":"2022-12-11T16:00:00.000Z","id":2,"importance":2,"public":true,"seconds":3,"start":"2022-03-22T03:34:13.227Z","status":"to do","usefulness":1,"user_id":4},"timestamp":"2022-03-22T03:39:13.361Z"}
{"level":"is","message":{"importance":2},"timestamp":"2022-03-22T03:39:13.361Z"}
{"level":"is","message":{"difficulty":1,"edit":"2022-03-22T03:34:13.227Z","end":"2022-12-11T16:00:00.000Z","id":3,"importance":2,"public":true,"seconds":3,"start":"2022-03-22T03:34:13.227Z","status":"to do","usefulness":1,"user_id":4},"timestamp":"2022-03-22T03:39:13.363Z"}
{"level":"is","message":{"difficulty":1},"timestamp":"2022-03-22T03:39:13.363Z"}
{"level":"is","message":{"difficulty":1,"edit":"2022-03-22T03:34:13.227Z","end":"2022-12-11T16:00:00.000Z","id":4,"importance":2,"public":true,"seconds":3,"start":"2022-03-22T03:34:13.227Z","status":"to do","usefulness":1,"user_id":4},"timestamp":"2022-03-22T03:39:13.366Z"}
{"level":"is","message":{"usefulness":2},"timestamp":"2022-03-22T03:39:13.367Z"}
{"level":"is","message":[],"timestamp":"2022-03-22T03:39:13.371Z"}
{"level":"is","message":{},"timestamp":"2022-03-22T03:39:13.372Z"}
