{"level":"is","message":"3","timestamp":"2022-03-11T03:18:50.706Z"}
{"level":"is","message":"{\"start\":2,\"edit\":3,\"end\":4}","timestamp":"2022-03-11T03:18:50.707Z"}
{"level":"is","message":"234","timestamp":"2022-03-11T03:18:50.707Z"}
{"level":"is","message":"trim white space","timestamp":"2022-03-11T03:18:50.707Z"}
{"level":"is","message":{"a":"fffff      f"},"timestamp":"2022-03-11T03:18:50.708Z"}
{"level":"is","message":[{"test":"asdfasdf asdf"},{"test":"asdfasdf asdf"}],"timestamp":"2022-03-11T03:18:50.709Z"}
{"level":"is","message":{"test":"asdfasdf asdf"},"timestamp":"2022-03-11T03:18:50.710Z"}
{"level":"is","message":false,"timestamp":"2022-03-11T03:18:50.711Z"}
{"level":"is","message":true,"timestamp":"2022-03-11T03:18:50.711Z"}
{"level":"is","message":"2022-03-11T03:18:50.703Z","timestamp":"2022-03-11T03:18:50.712Z"}
{"level":"is","message":3,"timestamp":"2022-03-11T03:18:50.712Z"}
{"level":"is","message":"3","timestamp":"2022-03-11T03:19:41.055Z"}
{"level":"is","message":"{\"start\":2,\"edit\":3,\"end\":4}","timestamp":"2022-03-11T03:19:41.056Z"}
{"level":"is","message":"234","timestamp":"2022-03-11T03:19:41.056Z"}
{"level":"is","message":"trim white space","timestamp":"2022-03-11T03:19:41.056Z"}
{"level":"is","message":{"a":"fffff      f"},"timestamp":"2022-03-11T03:19:41.057Z"}
{"level":"is","message":[{"test":"asdfasdf asdf"},{"test":"asdfasdf asdf"}],"timestamp":"2022-03-11T03:19:41.058Z"}
{"level":"is","message":{"test":"asdfasdf asdf"},"timestamp":"2022-03-11T03:19:41.058Z"}
{"level":"is","message":false,"timestamp":"2022-03-11T03:19:41.059Z"}
{"level":"is","message":true,"timestamp":"2022-03-11T03:19:41.059Z"}
{"level":"is","message":"2022-03-11T03:19:41.052Z","timestamp":"2022-03-11T03:19:41.059Z"}
{"level":"is","message":3,"timestamp":"2022-03-11T03:19:41.060Z"}
{"level":"is","message":"3","timestamp":"2022-03-11T03:24:39.938Z"}
{"level":"is","message":"{\"start\":2,\"edit\":3,\"end\":4}","timestamp":"2022-03-11T03:24:39.938Z"}
{"level":"is","message":"234","timestamp":"2022-03-11T03:24:39.939Z"}
{"level":"is","message":"trim white space","timestamp":"2022-03-11T03:24:39.939Z"}
{"level":"is","message":{"a":"fffff      f"},"timestamp":"2022-03-11T03:24:39.939Z"}
{"level":"is","message":[{"test":"asdfasdf asdf"},{"test":"asdfasdf asdf"}],"timestamp":"2022-03-11T03:24:39.940Z"}
{"level":"is","message":{"test":"asdfasdf asdf"},"timestamp":"2022-03-11T03:24:39.941Z"}
{"level":"is","message":false,"timestamp":"2022-03-11T03:24:39.941Z"}
{"level":"is","message":true,"timestamp":"2022-03-11T03:24:39.942Z"}
{"level":"is","message":"2022-03-11T03:24:39.935Z","timestamp":"2022-03-11T03:24:39.942Z"}
{"level":"is","message":3,"timestamp":"2022-03-11T03:24:39.943Z"}
{"level":"is","message":"3","timestamp":"2022-03-11T03:34:27.238Z"}
{"level":"is","message":"{\"start\":2,\"edit\":3,\"end\":4}","timestamp":"2022-03-11T03:34:27.239Z"}
{"level":"is","message":"234","timestamp":"2022-03-11T03:34:27.239Z"}
{"level":"is","message":"trim white space","timestamp":"2022-03-11T03:34:27.239Z"}
{"level":"is","message":{"a":"fffff      f"},"timestamp":"2022-03-11T03:34:27.240Z"}
{"level":"is","message":[{"test":"asdfasdf asdf"},{"test":"asdfasdf asdf"}],"timestamp":"2022-03-11T03:34:27.241Z"}
{"level":"is","message":{"test":"asdfasdf asdf"},"timestamp":"2022-03-11T03:34:27.241Z"}
{"level":"is","message":false,"timestamp":"2022-03-11T03:34:27.242Z"}
{"level":"is","message":true,"timestamp":"2022-03-11T03:34:27.242Z"}
{"level":"is","message":"2022-03-11T03:34:27.235Z","timestamp":"2022-03-11T03:34:27.243Z"}
{"level":"is","message":3,"timestamp":"2022-03-11T03:34:27.243Z"}
{"level":"is","message":"array","timestamp":"2022-03-11T03:34:27.243Z"}
{"level":"is","message":true,"timestamp":"2022-03-11T04:20:36.369Z"}
{"level":"is","message":false,"timestamp":"2022-03-11T04:20:36.370Z"}
{"level":"is","message":false,"timestamp":"2022-03-11T04:20:36.371Z"}
{"level":"is","message":"check package.json file - > scripts should include play: ","timestamp":"2022-03-11T04:20:36.372Z"}
{"level":"is","message":"check merged ","timestamp":"2022-03-11T04:20:36.372Z"}
{"level":"is","message":{"deploy":"npm run play && git add . && git commit -m 'updated' && git push && npm version patch && npm publish","docs":"node docs.js","play":"node playground.js"},"timestamp":"2022-03-11T04:20:36.372Z"}
{"level":"is","message":[],"timestamp":"2022-03-11T04:20:36.373Z"}
