{"level":"is","message":"3","timestamp":"2022-03-11T03:18:50.706Z"}
{"level":"is","message":"{\"start\":2,\"edit\":3,\"end\":4}","timestamp":"2022-03-11T03:18:50.707Z"}
{"level":"is","message":"234","timestamp":"2022-03-11T03:18:50.707Z"}
{"level":"is","message":"trim white space","timestamp":"2022-03-11T03:18:50.707Z"}
{"level":"is","message":{"a":"fffff      f"},"timestamp":"2022-03-11T03:18:50.708Z"}
{"level":"is","message":[{"test":"asdfasdf asdf"},{"test":"asdfasdf asdf"}],"timestamp":"2022-03-11T03:18:50.709Z"}
{"level":"is","message":{"test":"asdfasdf asdf"},"timestamp":"2022-03-11T03:18:50.710Z"}
{"level":"is","message":false,"timestamp":"2022-03-11T03:18:50.711Z"}
{"level":"is","message":true,"timestamp":"2022-03-11T03:18:50.711Z"}
{"level":"is","message":"2022-03-11T03:18:50.703Z","timestamp":"2022-03-11T03:18:50.712Z"}
{"level":"is","message":3,"timestamp":"2022-03-11T03:18:50.712Z"}
{"level":"is","message":"3","timestamp":"2022-03-11T03:19:41.055Z"}
{"level":"is","message":"{\"start\":2,\"edit\":3,\"end\":4}","timestamp":"2022-03-11T03:19:41.056Z"}
{"level":"is","message":"234","timestamp":"2022-03-11T03:19:41.056Z"}
{"level":"is","message":"trim white space","timestamp":"2022-03-11T03:19:41.056Z"}
{"level":"is","message":{"a":"fffff      f"},"timestamp":"2022-03-11T03:19:41.057Z"}
{"level":"is","message":[{"test":"asdfasdf asdf"},{"test":"asdfasdf asdf"}],"timestamp":"2022-03-11T03:19:41.058Z"}
{"level":"is","message":{"test":"asdfasdf asdf"},"timestamp":"2022-03-11T03:19:41.058Z"}
{"level":"is","message":false,"timestamp":"2022-03-11T03:19:41.059Z"}
{"level":"is","message":true,"timestamp":"2022-03-11T03:19:41.059Z"}
{"level":"is","message":"2022-03-11T03:19:41.052Z","timestamp":"2022-03-11T03:19:41.059Z"}
{"level":"is","message":3,"timestamp":"2022-03-11T03:19:41.060Z"}
{"level":"is","message":"3","timestamp":"2022-03-11T03:24:39.938Z"}
{"level":"is","message":"{\"start\":2,\"edit\":3,\"end\":4}","timestamp":"2022-03-11T03:24:39.938Z"}
{"level":"is","message":"234","timestamp":"2022-03-11T03:24:39.939Z"}
{"level":"is","message":"trim white space","timestamp":"2022-03-11T03:24:39.939Z"}
{"level":"is","message":{"a":"fffff      f"},"timestamp":"2022-03-11T03:24:39.939Z"}
{"level":"is","message":[{"test":"asdfasdf asdf"},{"test":"asdfasdf asdf"}],"timestamp":"2022-03-11T03:24:39.940Z"}
{"level":"is","message":{"test":"asdfasdf asdf"},"timestamp":"2022-03-11T03:24:39.941Z"}
{"level":"is","message":false,"timestamp":"2022-03-11T03:24:39.941Z"}
{"level":"is","message":true,"timestamp":"2022-03-11T03:24:39.942Z"}
{"level":"is","message":"2022-03-11T03:24:39.935Z","timestamp":"2022-03-11T03:24:39.942Z"}
{"level":"is","message":3,"timestamp":"2022-03-11T03:24:39.943Z"}
{"level":"is","message":"3","timestamp":"2022-03-11T03:34:27.238Z"}
{"level":"is","message":"{\"start\":2,\"edit\":3,\"end\":4}","timestamp":"2022-03-11T03:34:27.239Z"}
{"level":"is","message":"234","timestamp":"2022-03-11T03:34:27.239Z"}
{"level":"is","message":"trim white space","timestamp":"2022-03-11T03:34:27.239Z"}
{"level":"is","message":{"a":"fffff      f"},"timestamp":"2022-03-11T03:34:27.240Z"}
{"level":"is","message":[{"test":"asdfasdf asdf"},{"test":"asdfasdf asdf"}],"timestamp":"2022-03-11T03:34:27.241Z"}
{"level":"is","message":{"test":"asdfasdf asdf"},"timestamp":"2022-03-11T03:34:27.241Z"}
{"level":"is","message":false,"timestamp":"2022-03-11T03:34:27.242Z"}
{"level":"is","message":true,"timestamp":"2022-03-11T03:34:27.242Z"}
{"level":"is","message":"2022-03-11T03:34:27.235Z","timestamp":"2022-03-11T03:34:27.243Z"}
{"level":"is","message":3,"timestamp":"2022-03-11T03:34:27.243Z"}
{"level":"is","message":"array","timestamp":"2022-03-11T03:34:27.243Z"}
{"level":"is","message":true,"timestamp":"2022-03-11T04:20:36.369Z"}
{"level":"is","message":false,"timestamp":"2022-03-11T04:20:36.370Z"}
{"level":"is","message":false,"timestamp":"2022-03-11T04:20:36.371Z"}
{"level":"is","message":"check package.json file - > scripts should include play: ","timestamp":"2022-03-11T04:20:36.372Z"}
{"level":"is","message":"check merged ","timestamp":"2022-03-11T04:20:36.372Z"}
{"level":"is","message":{"deploy":"npm run play && git add . && git commit -m 'updated' && git push && npm version patch && npm publish","docs":"node docs.js","play":"node playground.js"},"timestamp":"2022-03-11T04:20:36.372Z"}
{"level":"is","message":[],"timestamp":"2022-03-11T04:20:36.373Z"}
{"level":"problem","message":"before deciding to do something, identify what the problem is, and see if there is a quicker way to resolve or fix something, to understand other people, ultimately, is to understand ourselves.","timestamp":"2022-03-11T04:26:45.459Z"}
{"level":"is","message":"we can think more about what softwares are available as a service, and then aim to create tools that will help us easily maintain that service","timestamp":"2022-03-11T04:26:45.462Z"}
{"level":"step","message":"spend more time coding, but also track your start and end times, learn what is most effective and efficient for you.","timestamp":"2022-03-11T04:26:45.463Z"}
{"level":"how","message":"finish all these modules, deploy regularly","timestamp":"2022-03-11T04:26:45.463Z"}
{"level":"motherlode","message":"motherlode, solved it by...","timestamp":"2022-03-11T04:26:45.463Z"}
{"level":"problem","message":"before deciding to do something, identify what the problem is, and see if there is a quicker way to resolve or fix something, to understand other people, ultimately, is to understand ourselves.","timestamp":"2022-03-11T04:37:48.800Z"}
{"level":"is","message":"we can think more about what softwares are available as a service, and then aim to create tools that will help us easily maintain that service","timestamp":"2022-03-11T04:37:48.803Z"}
{"level":"step","message":"spend more time coding, but also track your start and end times, learn what is most effective and efficient for you.","timestamp":"2022-03-11T04:37:48.804Z"}
{"level":"how","message":"finish all these modules, deploy regularly","timestamp":"2022-03-11T04:37:48.804Z"}
{"level":"motherlode","message":"motherlode, solved it by...","timestamp":"2022-03-11T04:37:48.804Z"}
{"level":"problem","message":"its not running","timestamp":"2022-03-11T06:17:55.421Z"}
{"level":"done","message":"test clean post object","timestamp":"2022-03-11T08:37:30.204Z"}
{"level":"problem","message":"its not running","timestamp":"2022-03-11T08:37:30.332Z"}
{"level":"is","message":"number","timestamp":"2022-03-11T08:37:30.416Z"}
{"level":"is","message":"number","timestamp":"2022-03-11T08:37:30.417Z"}
{"level":"is","message":"string","timestamp":"2022-03-11T08:37:30.418Z"}
{"level":"is","message":"string","timestamp":"2022-03-11T08:37:30.418Z"}
{"level":"is","message":{"seconds":20,"status":"doing"},"timestamp":"2022-03-11T08:37:30.419Z"}
{"level":"is","message":"string","timestamp":"2022-03-11T08:37:30.421Z"}
{"level":"is","message":"string","timestamp":"2022-03-11T08:37:30.421Z"}
{"level":"is","message":"string","timestamp":"2022-03-11T08:37:30.422Z"}
{"level":"is","message":"number","timestamp":"2022-03-11T08:37:30.422Z"}
{"level":"problem","message":"the two types dont match","timestamp":"2022-03-11T08:37:30.422Z"}
{"level":"step","message":"if there are not callbacks","timestamp":"2022-03-11T08:37:30.423Z"}
{"level":"is","message":{"importance":1,"status":"to do"},"timestamp":"2022-03-11T08:37:30.424Z"}
{"level":"is","message":"string","timestamp":"2022-03-11T08:37:30.425Z"}
{"level":"is","message":"string","timestamp":"2022-03-11T08:37:30.425Z"}
{"level":"is","message":"number","timestamp":"2022-03-11T08:37:30.425Z"}
{"level":"is","message":"number","timestamp":"2022-03-11T08:37:30.426Z"}
{"level":"is","message":"number","timestamp":"2022-03-11T08:37:30.426Z"}
{"level":"is","message":"number","timestamp":"2022-03-11T08:37:30.426Z"}
{"level":"is","message":{"difficulty":3,"importance":1,"status":"to do"},"timestamp":"2022-03-11T08:37:30.427Z"}
{"level":"is","message":"number","timestamp":"2022-03-11T08:37:30.428Z"}
{"level":"is","message":"number","timestamp":"2022-03-11T08:37:30.428Z"}
{"level":"is","message":"date","timestamp":"2022-03-11T08:37:30.428Z"}
{"level":"is","message":"date","timestamp":"2022-03-11T08:37:30.428Z"}
{"level":"is","message":"date","timestamp":"2022-03-11T08:37:30.429Z"}
{"level":"is","message":"date","timestamp":"2022-03-11T08:37:30.429Z"}
{"level":"is","message":"date","timestamp":"2022-03-11T08:37:30.429Z"}
{"level":"is","message":"date","timestamp":"2022-03-11T08:37:30.430Z"}
{"level":"is","message":{"edit":"2022-03-11T08:37:30.196Z","end":"2022-12-11T16:00:00.000Z","seconds":3,"start":"2022-03-11T08:37:30.196Z"},"timestamp":"2022-03-11T08:37:30.431Z"}
{"level":"is","message":"string","timestamp":"2022-03-11T08:37:30.432Z"}
{"level":"is","message":"number","timestamp":"2022-03-11T08:37:30.432Z"}
{"level":"problem","message":"the two types dont match","timestamp":"2022-03-11T08:37:30.432Z"}
{"level":"step","message":"if there are not callbacks","timestamp":"2022-03-11T08:37:30.432Z"}
{"level":"is","message":"string","timestamp":"2022-03-11T08:37:30.433Z"}
{"level":"is","message":"number","timestamp":"2022-03-11T08:37:30.433Z"}
{"level":"problem","message":"the two types dont match","timestamp":"2022-03-11T08:37:30.433Z"}
{"level":"step","message":"if there are not callbacks","timestamp":"2022-03-11T08:37:30.433Z"}
{"level":"is","message":"string","timestamp":"2022-03-11T08:37:30.434Z"}
{"level":"is","message":"boolean","timestamp":"2022-03-11T08:37:30.434Z"}
{"level":"problem","message":"the two types dont match","timestamp":"2022-03-11T08:37:30.434Z"}
{"level":"step","message":"if there are not callbacks","timestamp":"2022-03-11T08:37:30.434Z"}
{"level":"is","message":"string","timestamp":"2022-03-11T08:37:30.435Z"}
{"level":"is","message":"string","timestamp":"2022-03-11T08:37:30.435Z"}
{"level":"is","message":"string","timestamp":"2022-03-11T08:37:30.435Z"}
{"level":"is","message":"number","timestamp":"2022-03-11T08:37:30.435Z"}
{"level":"problem","message":"the two types dont match","timestamp":"2022-03-11T08:37:30.435Z"}
{"level":"step","message":"if there are not callbacks","timestamp":"2022-03-11T08:37:30.435Z"}
{"level":"is","message":"string","timestamp":"2022-03-11T08:37:30.436Z"}
{"level":"is","message":"number","timestamp":"2022-03-11T08:37:30.436Z"}
{"level":"problem","message":"the two types dont match","timestamp":"2022-03-11T08:37:30.436Z"}
{"level":"step","message":"if there are not callbacks","timestamp":"2022-03-11T08:37:30.436Z"}
{"level":"is","message":"date","timestamp":"2022-03-11T08:37:30.437Z"}
{"level":"is","message":"date","timestamp":"2022-03-11T08:37:30.437Z"}
{"level":"is","message":"date","timestamp":"2022-03-11T08:37:30.437Z"}
{"level":"is","message":"date","timestamp":"2022-03-11T08:37:30.438Z"}
{"level":"is","message":"date","timestamp":"2022-03-11T08:37:30.438Z"}
{"level":"is","message":"date","timestamp":"2022-03-11T08:37:30.438Z"}
{"level":"is","message":{"difficulty":3,"edit":"2020-12-21T16:00:00.000Z","end":"2020-12-21T16:00:00.000Z","importance":1,"public":true,"start":"2022-03-11T08:37:30.196Z","status":"to do"},"timestamp":"2022-03-11T08:37:30.439Z"}
{"level":"is","message":"string","timestamp":"2022-03-11T08:37:30.440Z"}
{"level":"is","message":"date","timestamp":"2022-03-11T08:37:30.440Z"}
{"level":"problem","message":"the two types dont match","timestamp":"2022-03-11T08:37:30.440Z"}
{"level":"step","message":"if there are not callbacks","timestamp":"2022-03-11T08:37:30.440Z"}
{"level":"is","message":"date","timestamp":"2022-03-11T08:37:30.440Z"}
{"level":"is","message":"date","timestamp":"2022-03-11T08:37:30.441Z"}
{"level":"is","message":"string","timestamp":"2022-03-11T08:37:30.443Z"}
{"level":"is","message":"date","timestamp":"2022-03-11T08:37:30.443Z"}
{"level":"problem","message":"the two types dont match","timestamp":"2022-03-11T08:37:30.443Z"}
{"level":"step","message":"if there are not callbacks","timestamp":"2022-03-11T08:37:30.443Z"}
{"level":"is","message":{"edit":"2020-12-14T16:00:00.000Z"},"timestamp":"2022-03-11T08:37:30.444Z"}
{"level":"is","message":"boolean","timestamp":"2022-03-11T08:37:30.444Z"}
{"level":"is","message":"boolean","timestamp":"2022-03-11T08:37:30.445Z"}
{"level":"is","message":"string","timestamp":"2022-03-11T08:37:30.445Z"}
{"level":"is","message":"string","timestamp":"2022-03-11T08:37:30.445Z"}
{"level":"is","message":"number","timestamp":"2022-03-11T08:37:30.445Z"}
{"level":"is","message":"number","timestamp":"2022-03-11T08:37:30.445Z"}
{"level":"is","message":"number","timestamp":"2022-03-11T08:37:30.446Z"}
{"level":"is","message":"number","timestamp":"2022-03-11T08:37:30.446Z"}
{"level":"is","message":{"difficulty":3,"importance":1,"public":true,"status":"to do"},"timestamp":"2022-03-11T08:37:30.446Z"}
{"level":"is","message":"number","timestamp":"2022-03-11T08:37:30.447Z"}
{"level":"is","message":"number","timestamp":"2022-03-11T08:37:30.447Z"}
{"level":"is","message":"string","timestamp":"2022-03-11T08:37:30.447Z"}
{"level":"is","message":"number","timestamp":"2022-03-11T08:37:30.447Z"}
{"level":"problem","message":"the two types dont match","timestamp":"2022-03-11T08:37:30.447Z"}
{"level":"step","message":"if there are not callbacks","timestamp":"2022-03-11T08:37:30.447Z"}
{"level":"is","message":"string","timestamp":"2022-03-11T08:37:30.448Z"}
{"level":"is","message":"boolean","timestamp":"2022-03-11T08:37:30.448Z"}
{"level":"problem","message":"the two types dont match","timestamp":"2022-03-11T08:37:30.448Z"}
{"level":"step","message":"if there are not callbacks","timestamp":"2022-03-11T08:37:30.448Z"}
{"level":"is","message":"string","timestamp":"2022-03-11T08:37:30.448Z"}
{"level":"is","message":"string","timestamp":"2022-03-11T08:37:30.449Z"}
{"level":"is","message":"string","timestamp":"2022-03-11T08:37:30.449Z"}
{"level":"is","message":"number","timestamp":"2022-03-11T08:37:30.449Z"}
{"level":"problem","message":"the two types dont match","timestamp":"2022-03-11T08:37:30.449Z"}
{"level":"step","message":"if there are not callbacks","timestamp":"2022-03-11T08:37:30.449Z"}
{"level":"is","message":"string","timestamp":"2022-03-11T08:37:30.449Z"}
{"level":"is","message":"number","timestamp":"2022-03-11T08:37:30.450Z"}
{"level":"problem","message":"the two types dont match","timestamp":"2022-03-11T08:37:30.450Z"}
{"level":"step","message":"if there are not callbacks","timestamp":"2022-03-11T08:37:30.450Z"}
{"level":"is","message":"date","timestamp":"2022-03-11T08:37:30.450Z"}
{"level":"is","message":"date","timestamp":"2022-03-11T08:37:30.450Z"}
{"level":"is","message":{"difficulty":3,"importance":3,"public":true,"start":"2021-12-07T16:00:00.000Z","status":"to do","user_id":4},"timestamp":"2022-03-11T08:37:30.451Z"}
{"level":"is","message":"string","timestamp":"2022-03-11T08:37:30.451Z"}
{"level":"is","message":"number","timestamp":"2022-03-11T08:37:30.452Z"}
{"level":"problem","message":"the two types dont match","timestamp":"2022-03-11T08:37:30.452Z"}
{"level":"step","message":"if there are not callbacks","timestamp":"2022-03-11T08:37:30.452Z"}
{"level":"is","message":"string","timestamp":"2022-03-11T08:37:30.452Z"}
{"level":"is","message":"number","timestamp":"2022-03-11T08:37:30.452Z"}
{"level":"problem","message":"the two types dont match","timestamp":"2022-03-11T08:37:30.452Z"}
{"level":"step","message":"if there are not callbacks","timestamp":"2022-03-11T08:37:30.453Z"}
{"level":"is","message":"string","timestamp":"2022-03-11T08:37:30.453Z"}
{"level":"is","message":"boolean","timestamp":"2022-03-11T08:37:30.453Z"}
{"level":"problem","message":"the two types dont match","timestamp":"2022-03-11T08:37:30.453Z"}
{"level":"step","message":"if there are not callbacks","timestamp":"2022-03-11T08:37:30.453Z"}
{"level":"is","message":"string","timestamp":"2022-03-11T08:37:30.454Z"}
{"level":"is","message":"string","timestamp":"2022-03-11T08:37:30.454Z"}
{"level":"is","message":"string","timestamp":"2022-03-11T08:37:30.454Z"}
{"level":"is","message":"number","timestamp":"2022-03-11T08:37:30.454Z"}
{"level":"problem","message":"the two types dont match","timestamp":"2022-03-11T08:37:30.454Z"}
{"level":"step","message":"if there are not callbacks","timestamp":"2022-03-11T08:37:30.454Z"}
{"level":"is","message":"string","timestamp":"2022-03-11T08:37:30.454Z"}
{"level":"is","message":"number","timestamp":"2022-03-11T08:37:30.455Z"}
{"level":"problem","message":"the two types dont match","timestamp":"2022-03-11T08:37:30.455Z"}
{"level":"step","message":"if there are not callbacks","timestamp":"2022-03-11T08:37:30.455Z"}
{"level":"is","message":"date","timestamp":"2022-03-11T08:37:30.455Z"}
{"level":"is","message":"date","timestamp":"2022-03-11T08:37:30.455Z"}
{"level":"is","message":"date","timestamp":"2022-03-11T08:37:30.456Z"}
{"level":"is","message":"date","timestamp":"2022-03-11T08:37:30.456Z"}
{"level":"is","message":"date","timestamp":"2022-03-11T08:37:30.456Z"}
{"level":"is","message":"date","timestamp":"2022-03-11T08:37:30.456Z"}
{"level":"is","message":{"difficulty":3,"edit":"2020-12-21T16:00:00.000Z","end":"2020-12-21T16:00:00.000Z","importance":1,"public":true,"start":"2022-03-11T08:37:30.196Z","status":"to do"},"timestamp":"2022-03-11T08:37:30.457Z"}
{"level":"is","message":"number","timestamp":"2022-03-11T08:37:30.457Z"}
{"level":"is","message":"number","timestamp":"2022-03-11T08:37:30.458Z"}
{"level":"is","message":"number","timestamp":"2022-03-11T08:37:30.458Z"}
{"level":"is","message":"number","timestamp":"2022-03-11T08:37:30.458Z"}
{"level":"is","message":"string","timestamp":"2022-03-11T08:37:30.458Z"}
{"level":"is","message":"number","timestamp":"2022-03-11T08:37:30.458Z"}
{"level":"problem","message":"the two types dont match","timestamp":"2022-03-11T08:37:30.458Z"}
{"level":"step","message":"if there are not callbacks","timestamp":"2022-03-11T08:37:30.458Z"}
{"level":"is","message":{"importance":2,"seconds":20,"user_id":1},"timestamp":"2022-03-11T08:37:30.459Z"}
{"level":"is","message":"date","timestamp":"2022-03-11T08:37:30.459Z"}
{"level":"is","message":"date","timestamp":"2022-03-11T08:37:30.459Z"}
{"level":"is","message":"date","timestamp":"2022-03-11T08:37:30.479Z"}
{"level":"is","message":"date","timestamp":"2022-03-11T08:37:30.479Z"}
{"level":"done","message":"test clean post object","timestamp":"2022-03-11T08:38:08.294Z"}
{"level":"problem","message":"its not running","timestamp":"2022-03-11T08:38:08.421Z"}
{"level":"is","message":"number","timestamp":"2022-03-11T08:38:08.513Z"}
{"level":"is","message":"number","timestamp":"2022-03-11T08:38:08.513Z"}
{"level":"is","message":"string","timestamp":"2022-03-11T08:38:08.514Z"}
{"level":"is","message":"string","timestamp":"2022-03-11T08:38:08.514Z"}
{"level":"is","message":{"seconds":20,"status":"doing"},"timestamp":"2022-03-11T08:38:08.515Z"}
{"level":"is","message":"number","timestamp":"2022-03-11T08:38:08.517Z"}
{"level":"is","message":"number","timestamp":"2022-03-11T08:38:08.518Z"}
{"level":"is","message":"date","timestamp":"2022-03-11T08:38:08.518Z"}
{"level":"is","message":"date","timestamp":"2022-03-11T08:38:08.519Z"}
{"level":"is","message":"date","timestamp":"2022-03-11T08:38:08.519Z"}
{"level":"is","message":"date","timestamp":"2022-03-11T08:38:08.520Z"}
{"level":"is","message":"date","timestamp":"2022-03-11T08:38:08.520Z"}
{"level":"is","message":"date","timestamp":"2022-03-11T08:38:08.520Z"}
{"level":"is","message":{"edit":"2022-03-11T08:38:08.287Z","end":"2022-12-11T16:00:00.000Z","seconds":3,"start":"2022-03-11T08:38:08.287Z"},"timestamp":"2022-03-11T08:38:08.522Z"}
{"level":"is","message":"string","timestamp":"2022-03-11T08:38:08.523Z"}
{"level":"is","message":"string","timestamp":"2022-03-11T08:38:08.523Z"}
{"level":"is","message":"string","timestamp":"2022-03-11T08:38:08.524Z"}
{"level":"is","message":"number","timestamp":"2022-03-11T08:38:08.524Z"}
{"level":"problem","message":"the two types dont match","timestamp":"2022-03-11T08:38:08.524Z"}
{"level":"step","message":"if there are not callbacks","timestamp":"2022-03-11T08:38:08.524Z"}
{"level":"is","message":{"importance":1,"status":"to do"},"timestamp":"2022-03-11T08:38:08.525Z"}
{"level":"is","message":"number","timestamp":"2022-03-11T08:38:08.526Z"}
{"level":"is","message":"number","timestamp":"2022-03-11T08:38:08.526Z"}
{"level":"is","message":"string","timestamp":"2022-03-11T08:38:08.526Z"}
{"level":"is","message":"number","timestamp":"2022-03-11T08:38:08.527Z"}
{"level":"problem","message":"the two types dont match","timestamp":"2022-03-11T08:38:08.527Z"}
{"level":"step","message":"if there are not callbacks","timestamp":"2022-03-11T08:38:08.527Z"}
{"level":"is","message":"string","timestamp":"2022-03-11T08:38:08.527Z"}
{"level":"is","message":"boolean","timestamp":"2022-03-11T08:38:08.528Z"}
{"level":"problem","message":"the two types dont match","timestamp":"2022-03-11T08:38:08.528Z"}
{"level":"step","message":"if there are not callbacks","timestamp":"2022-03-11T08:38:08.528Z"}
{"level":"is","message":"string","timestamp":"2022-03-11T08:38:08.528Z"}
{"level":"is","message":"string","timestamp":"2022-03-11T08:38:08.529Z"}
{"level":"is","message":"string","timestamp":"2022-03-11T08:38:08.529Z"}
{"level":"is","message":"number","timestamp":"2022-03-11T08:38:08.529Z"}
{"level":"problem","message":"the two types dont match","timestamp":"2022-03-11T08:38:08.529Z"}
{"level":"step","message":"if there are not callbacks","timestamp":"2022-03-11T08:38:08.529Z"}
{"level":"is","message":"string","timestamp":"2022-03-11T08:38:08.530Z"}
{"level":"is","message":"number","timestamp":"2022-03-11T08:38:08.530Z"}
{"level":"problem","message":"the two types dont match","timestamp":"2022-03-11T08:38:08.530Z"}
{"level":"step","message":"if there are not callbacks","timestamp":"2022-03-11T08:38:08.530Z"}
{"level":"is","message":"date","timestamp":"2022-03-11T08:38:08.531Z"}
{"level":"is","message":"date","timestamp":"2022-03-11T08:38:08.531Z"}
{"level":"is","message":{"difficulty":3,"importance":3,"public":true,"start":"2021-12-07T16:00:00.000Z","status":"to do","user_id":4},"timestamp":"2022-03-11T08:38:08.531Z"}
{"level":"is","message":"string","timestamp":"2022-03-11T08:38:08.533Z"}
{"level":"is","message":"string","timestamp":"2022-03-11T08:38:08.533Z"}
{"level":"is","message":"number","timestamp":"2022-03-11T08:38:08.533Z"}
{"level":"is","message":"number","timestamp":"2022-03-11T08:38:08.533Z"}
{"level":"is","message":"number","timestamp":"2022-03-11T08:38:08.534Z"}
{"level":"is","message":"number","timestamp":"2022-03-11T08:38:08.534Z"}
{"level":"is","message":{"difficulty":3,"importance":1,"status":"to do"},"timestamp":"2022-03-11T08:38:08.534Z"}
{"level":"is","message":"string","timestamp":"2022-03-11T08:38:08.535Z"}
{"level":"is","message":"number","timestamp":"2022-03-11T08:38:08.535Z"}
{"level":"problem","message":"the two types dont match","timestamp":"2022-03-11T08:38:08.535Z"}
{"level":"step","message":"if there are not callbacks","timestamp":"2022-03-11T08:38:08.535Z"}
{"level":"is","message":"string","timestamp":"2022-03-11T08:38:08.536Z"}
{"level":"is","message":"number","timestamp":"2022-03-11T08:38:08.536Z"}
{"level":"problem","message":"the two types dont match","timestamp":"2022-03-11T08:38:08.536Z"}
{"level":"step","message":"if there are not callbacks","timestamp":"2022-03-11T08:38:08.537Z"}
{"level":"is","message":"string","timestamp":"2022-03-11T08:38:08.537Z"}
{"level":"is","message":"boolean","timestamp":"2022-03-11T08:38:08.537Z"}
{"level":"problem","message":"the two types dont match","timestamp":"2022-03-11T08:38:08.537Z"}
{"level":"step","message":"if there are not callbacks","timestamp":"2022-03-11T08:38:08.537Z"}
{"level":"is","message":"string","timestamp":"2022-03-11T08:38:08.538Z"}
{"level":"is","message":"string","timestamp":"2022-03-11T08:38:08.538Z"}
{"level":"is","message":"string","timestamp":"2022-03-11T08:38:08.538Z"}
{"level":"is","message":"number","timestamp":"2022-03-11T08:38:08.538Z"}
{"level":"problem","message":"the two types dont match","timestamp":"2022-03-11T08:38:08.539Z"}
{"level":"step","message":"if there are not callbacks","timestamp":"2022-03-11T08:38:08.539Z"}
{"level":"is","message":"string","timestamp":"2022-03-11T08:38:08.539Z"}
{"level":"is","message":"number","timestamp":"2022-03-11T08:38:08.539Z"}
{"level":"problem","message":"the two types dont match","timestamp":"2022-03-11T08:38:08.539Z"}
{"level":"step","message":"if there are not callbacks","timestamp":"2022-03-11T08:38:08.540Z"}
{"level":"is","message":"date","timestamp":"2022-03-11T08:38:08.540Z"}
{"level":"is","message":"date","timestamp":"2022-03-11T08:38:08.540Z"}
{"level":"is","message":"date","timestamp":"2022-03-11T08:38:08.541Z"}
{"level":"is","message":"date","timestamp":"2022-03-11T08:38:08.541Z"}
{"level":"is","message":"date","timestamp":"2022-03-11T08:38:08.541Z"}
{"level":"is","message":"date","timestamp":"2022-03-11T08:38:08.541Z"}
{"level":"is","message":{"difficulty":3,"edit":"2020-12-21T16:00:00.000Z","end":"2020-12-21T16:00:00.000Z","importance":1,"public":true,"start":"2022-03-11T08:38:08.287Z","status":"to do"},"timestamp":"2022-03-11T08:38:08.542Z"}
{"level":"is","message":"date","timestamp":"2022-03-11T08:38:08.542Z"}
{"level":"is","message":"date","timestamp":"2022-03-11T08:38:08.543Z"}
{"level":"is","message":"number","timestamp":"2022-03-11T08:38:08.544Z"}
{"level":"is","message":"number","timestamp":"2022-03-11T08:38:08.545Z"}
{"level":"is","message":"number","timestamp":"2022-03-11T08:38:08.545Z"}
{"level":"is","message":"number","timestamp":"2022-03-11T08:38:08.545Z"}
{"level":"is","message":"string","timestamp":"2022-03-11T08:38:08.545Z"}
{"level":"is","message":"number","timestamp":"2022-03-11T08:38:08.545Z"}
{"level":"problem","message":"the two types dont match","timestamp":"2022-03-11T08:38:08.545Z"}
{"level":"step","message":"if there are not callbacks","timestamp":"2022-03-11T08:38:08.546Z"}
{"level":"is","message":{"importance":2,"seconds":20,"user_id":1},"timestamp":"2022-03-11T08:38:08.546Z"}
{"level":"is","message":"string","timestamp":"2022-03-11T08:38:08.547Z"}
{"level":"is","message":"date","timestamp":"2022-03-11T08:38:08.547Z"}
{"level":"problem","message":"the two types dont match","timestamp":"2022-03-11T08:38:08.547Z"}
{"level":"step","message":"if there are not callbacks","timestamp":"2022-03-11T08:38:08.547Z"}
{"level":"is","message":"date","timestamp":"2022-03-11T08:38:08.547Z"}
{"level":"is","message":"date","timestamp":"2022-03-11T08:38:08.547Z"}
{"level":"is","message":"string","timestamp":"2022-03-11T08:38:08.549Z"}
{"level":"is","message":"date","timestamp":"2022-03-11T08:38:08.549Z"}
{"level":"problem","message":"the two types dont match","timestamp":"2022-03-11T08:38:08.549Z"}
{"level":"step","message":"if there are not callbacks","timestamp":"2022-03-11T08:38:08.549Z"}
{"level":"is","message":{"edit":"2020-12-14T16:00:00.000Z"},"timestamp":"2022-03-11T08:38:08.550Z"}
{"level":"is","message":"string","timestamp":"2022-03-11T08:38:08.551Z"}
{"level":"is","message":"number","timestamp":"2022-03-11T08:38:08.552Z"}
{"level":"problem","message":"the two types dont match","timestamp":"2022-03-11T08:38:08.552Z"}
{"level":"step","message":"if there are not callbacks","timestamp":"2022-03-11T08:38:08.552Z"}
{"level":"is","message":"string","timestamp":"2022-03-11T08:38:08.553Z"}
{"level":"is","message":"number","timestamp":"2022-03-11T08:38:08.553Z"}
{"level":"problem","message":"the two types dont match","timestamp":"2022-03-11T08:38:08.553Z"}
{"level":"step","message":"if there are not callbacks","timestamp":"2022-03-11T08:38:08.553Z"}
{"level":"is","message":"string","timestamp":"2022-03-11T08:38:08.553Z"}
{"level":"is","message":"boolean","timestamp":"2022-03-11T08:38:08.554Z"}
{"level":"problem","message":"the two types dont match","timestamp":"2022-03-11T08:38:08.554Z"}
{"level":"step","message":"if there are not callbacks","timestamp":"2022-03-11T08:38:08.554Z"}
{"level":"is","message":"string","timestamp":"2022-03-11T08:38:08.554Z"}
{"level":"is","message":"string","timestamp":"2022-03-11T08:38:08.554Z"}
{"level":"is","message":"string","timestamp":"2022-03-11T08:38:08.555Z"}
{"level":"is","message":"number","timestamp":"2022-03-11T08:38:08.555Z"}
{"level":"problem","message":"the two types dont match","timestamp":"2022-03-11T08:38:08.555Z"}
{"level":"step","message":"if there are not callbacks","timestamp":"2022-03-11T08:38:08.555Z"}
{"level":"is","message":"string","timestamp":"2022-03-11T08:38:08.556Z"}
{"level":"is","message":"number","timestamp":"2022-03-11T08:38:08.556Z"}
{"level":"problem","message":"the two types dont match","timestamp":"2022-03-11T08:38:08.556Z"}
{"level":"step","message":"if there are not callbacks","timestamp":"2022-03-11T08:38:08.556Z"}
{"level":"is","message":"date","timestamp":"2022-03-11T08:38:08.557Z"}
{"level":"is","message":"date","timestamp":"2022-03-11T08:38:08.557Z"}
{"level":"is","message":"date","timestamp":"2022-03-11T08:38:08.557Z"}
{"level":"is","message":"date","timestamp":"2022-03-11T08:38:08.558Z"}
{"level":"is","message":"date","timestamp":"2022-03-11T08:38:08.558Z"}
{"level":"is","message":"date","timestamp":"2022-03-11T08:38:08.558Z"}
{"level":"is","message":{"difficulty":3,"edit":"2020-12-21T16:00:00.000Z","end":"2020-12-21T16:00:00.000Z","importance":1,"public":true,"start":"2022-03-11T08:38:08.287Z","status":"to do"},"timestamp":"2022-03-11T08:38:08.559Z"}
{"level":"is","message":"boolean","timestamp":"2022-03-11T08:38:08.560Z"}
{"level":"is","message":"boolean","timestamp":"2022-03-11T08:38:08.560Z"}
{"level":"is","message":"string","timestamp":"2022-03-11T08:38:08.560Z"}
{"level":"is","message":"string","timestamp":"2022-03-11T08:38:08.560Z"}
{"level":"is","message":"number","timestamp":"2022-03-11T08:38:08.560Z"}
{"level":"is","message":"number","timestamp":"2022-03-11T08:38:08.560Z"}
{"level":"is","message":"number","timestamp":"2022-03-11T08:38:08.561Z"}
{"level":"is","message":"number","timestamp":"2022-03-11T08:38:08.561Z"}
{"level":"is","message":{"difficulty":3,"importance":1,"public":true,"status":"to do"},"timestamp":"2022-03-11T08:38:08.561Z"}
{"level":"is","message":"date","timestamp":"2022-03-11T08:38:08.578Z"}
{"level":"is","message":"date","timestamp":"2022-03-11T08:38:08.578Z"}
