{"level":"problem","message":"problem","timestamp":"2022-03-10T10:07:00.751Z"}
{"level":"is","message":"what actually is happening","timestamp":"2022-03-10T10:07:00.755Z"}
{"level":"is","message":"hi","timestamp":"2022-03-10T10:07:00.755Z"}
{"level":"how","message":"how can we get there?","timestamp":"2022-03-10T10:07:00.756Z"}
{"level":"step","message":"step, try","timestamp":"2022-03-10T10:07:00.756Z"}
{"level":"motherlode","message":"motherlode, solved it by...","timestamp":"2022-03-10T10:07:00.756Z"}
{"level":"problem","message":"feel self conscious with what cyrus thinks of me","timestamp":"2022-03-10T10:07:00.757Z"}
{"level":"is","message":"we need a lot of reassurance","timestamp":"2022-03-10T10:07:00.758Z"}
{"level":"motherlode","message":"check out the ifttt api","timestamp":"2022-03-10T10:07:00.758Z"}
{"level":"step","message":"identify what is most valuable to you, and create tools that help you get to that level, it is, really quite similar to self-actualization. how do we become the absolute best?","timestamp":"2022-03-10T10:07:00.758Z"}
{"level":"step","message":"spend more time coding, but also track your start and end times, learn what is most effective and efficient for you.","timestamp":"2022-03-10T10:07:00.758Z"}
{"level":"problem","message":"before deciding to do something, identify what the problem is, and see if there is a quicker way to resolve or fix something, to understand other people, ultimately, is to understand ourselves.","timestamp":"2022-03-10T10:07:00.758Z"}
{"level":"problem","message":"we rarely understand our significant others","timestamp":"2022-03-10T10:07:00.759Z"}
{"level":"is","message":"we can think more about what softwares are available as a service, and then aim to create tools that will help us easily maintain that service","timestamp":"2022-03-10T10:07:00.759Z"}
{"level":"step","message":"identify tools that people pay for in order to use a specific service","timestamp":"2022-03-10T10:07:00.759Z"}
{"level":"problem","message":"you should really start deploying tomorrow so you can create cool things, i like the script that you made today, that was really great","timestamp":"2022-03-10T10:07:00.759Z"}
{"level":"problem","message":"problem","timestamp":"2022-03-10T10:07:46.172Z"}
{"level":"is","message":"what actually is happening","timestamp":"2022-03-10T10:07:46.176Z"}
{"level":"is","message":"hi","timestamp":"2022-03-10T10:07:46.177Z"}
{"level":"how","message":"how can we get there?","timestamp":"2022-03-10T10:07:46.177Z"}
{"level":"step","message":"step, try","timestamp":"2022-03-10T10:07:46.178Z"}
{"level":"motherlode","message":"motherlode, solved it by...","timestamp":"2022-03-10T10:07:46.178Z"}
{"level":"problem","message":"feel self conscious with what cyrus thinks of me","timestamp":"2022-03-10T10:07:46.179Z"}
{"level":"is","message":"we need a lot of reassurance","timestamp":"2022-03-10T10:07:46.180Z"}
{"level":"motherlode","message":"check out the ifttt api","timestamp":"2022-03-10T10:07:46.180Z"}
{"level":"step","message":"identify what is most valuable to you, and create tools that help you get to that level, it is, really quite similar to self-actualization. how do we become the absolute best?","timestamp":"2022-03-10T10:07:46.181Z"}
{"level":"step","message":"spend more time coding, but also track your start and end times, learn what is most effective and efficient for you.","timestamp":"2022-03-10T10:07:46.181Z"}
{"level":"problem","message":"before deciding to do something, identify what the problem is, and see if there is a quicker way to resolve or fix something, to understand other people, ultimately, is to understand ourselves.","timestamp":"2022-03-10T10:07:46.181Z"}
{"level":"problem","message":"we rarely understand our significant others","timestamp":"2022-03-10T10:07:46.182Z"}
{"level":"is","message":"we can think more about what softwares are available as a service, and then aim to create tools that will help us easily maintain that service","timestamp":"2022-03-10T10:07:46.182Z"}
{"level":"step","message":"identify tools that people pay for in order to use a specific service","timestamp":"2022-03-10T10:07:46.182Z"}
{"level":"problem","message":"you should really start deploying tomorrow so you can create cool things, i like the script that you made today, that was really great","timestamp":"2022-03-10T10:07:46.183Z"}
{"level":"problem","message":"problem","timestamp":"2022-03-10T10:08:11.322Z"}
{"level":"is","message":"what actually is happening","timestamp":"2022-03-10T10:08:11.325Z"}
{"level":"is","message":"hi","timestamp":"2022-03-10T10:08:11.325Z"}
{"level":"how","message":"how can we get there?","timestamp":"2022-03-10T10:08:11.325Z"}
{"level":"step","message":"step, try","timestamp":"2022-03-10T10:08:11.326Z"}
{"level":"motherlode","message":"motherlode, solved it by...","timestamp":"2022-03-10T10:08:11.326Z"}
{"level":"problem","message":"feel self conscious with what cyrus thinks of me","timestamp":"2022-03-10T10:08:11.327Z"}
{"level":"is","message":"we need a lot of reassurance","timestamp":"2022-03-10T10:08:11.328Z"}
{"level":"motherlode","message":"check out the ifttt api","timestamp":"2022-03-10T10:08:11.328Z"}
{"level":"step","message":"identify what is most valuable to you, and create tools that help you get to that level, it is, really quite similar to self-actualization. how do we become the absolute best?","timestamp":"2022-03-10T10:08:11.328Z"}
{"level":"step","message":"spend more time coding, but also track your start and end times, learn what is most effective and efficient for you.","timestamp":"2022-03-10T10:08:11.328Z"}
{"level":"problem","message":"before deciding to do something, identify what the problem is, and see if there is a quicker way to resolve or fix something, to understand other people, ultimately, is to understand ourselves.","timestamp":"2022-03-10T10:08:11.328Z"}
{"level":"problem","message":"we rarely understand our significant others","timestamp":"2022-03-10T10:08:11.329Z"}
{"level":"is","message":"we can think more about what softwares are available as a service, and then aim to create tools that will help us easily maintain that service","timestamp":"2022-03-10T10:08:11.330Z"}
{"level":"step","message":"identify tools that people pay for in order to use a specific service","timestamp":"2022-03-10T10:08:11.330Z"}
{"level":"problem","message":"you should really start deploying tomorrow so you can create cool things, i like the script that you made today, that was really great","timestamp":"2022-03-10T10:08:11.330Z"}
{"level":"problem","message":"problem","timestamp":"2022-03-10T10:08:30.021Z"}
{"level":"is","message":"what actually is happening","timestamp":"2022-03-10T10:08:30.023Z"}
{"level":"is","message":"hi","timestamp":"2022-03-10T10:08:30.024Z"}
{"level":"how","message":"how can we get there?","timestamp":"2022-03-10T10:08:30.024Z"}
{"level":"step","message":"step, try","timestamp":"2022-03-10T10:08:30.024Z"}
{"level":"motherlode","message":"motherlode, solved it by...","timestamp":"2022-03-10T10:08:30.025Z"}
{"level":"problem","message":"feel self conscious with what cyrus thinks of me","timestamp":"2022-03-10T10:08:30.026Z"}
{"level":"is","message":"we need a lot of reassurance","timestamp":"2022-03-10T10:08:30.027Z"}
{"level":"motherlode","message":"check out the ifttt api","timestamp":"2022-03-10T10:08:30.027Z"}
{"level":"step","message":"identify what is most valuable to you, and create tools that help you get to that level, it is, really quite similar to self-actualization. how do we become the absolute best?","timestamp":"2022-03-10T10:08:30.028Z"}
{"level":"step","message":"spend more time coding, but also track your start and end times, learn what is most effective and efficient for you.","timestamp":"2022-03-10T10:08:30.028Z"}
{"level":"problem","message":"before deciding to do something, identify what the problem is, and see if there is a quicker way to resolve or fix something, to understand other people, ultimately, is to understand ourselves.","timestamp":"2022-03-10T10:08:30.028Z"}
{"level":"problem","message":"we rarely understand our significant others","timestamp":"2022-03-10T10:08:30.028Z"}
{"level":"is","message":"we can think more about what softwares are available as a service, and then aim to create tools that will help us easily maintain that service","timestamp":"2022-03-10T10:08:30.029Z"}
{"level":"step","message":"identify tools that people pay for in order to use a specific service","timestamp":"2022-03-10T10:08:30.029Z"}
{"level":"problem","message":"you should really start deploying tomorrow so you can create cool things, i like the script that you made today, that was really great","timestamp":"2022-03-10T10:08:30.029Z"}
{"level":"problem","message":"problem","timestamp":"2022-03-10T10:12:32.845Z"}
{"level":"is","message":"what actually is happening","timestamp":"2022-03-10T10:12:32.850Z"}
{"level":"is","message":"hi","timestamp":"2022-03-10T10:12:32.851Z"}
{"level":"how","message":"how can we get there?","timestamp":"2022-03-10T10:12:32.852Z"}
{"level":"step","message":"step, try","timestamp":"2022-03-10T10:12:32.852Z"}
{"level":"motherlode","message":"motherlode, solved it by...","timestamp":"2022-03-10T10:12:32.852Z"}
{"level":"problem","message":"feel self conscious with what cyrus thinks of me","timestamp":"2022-03-10T10:12:32.854Z"}
{"level":"is","message":"we need a lot of reassurance","timestamp":"2022-03-10T10:12:32.855Z"}
{"level":"motherlode","message":"check out the ifttt api","timestamp":"2022-03-10T10:12:32.855Z"}
{"level":"step","message":"identify what is most valuable to you, and create tools that help you get to that level, it is, really quite similar to self-actualization. how do we become the absolute best?","timestamp":"2022-03-10T10:12:32.855Z"}
{"level":"step","message":"spend more time coding, but also track your start and end times, learn what is most effective and efficient for you.","timestamp":"2022-03-10T10:12:32.856Z"}
{"level":"problem","message":"before deciding to do something, identify what the problem is, and see if there is a quicker way to resolve or fix something, to understand other people, ultimately, is to understand ourselves.","timestamp":"2022-03-10T10:12:32.856Z"}
{"level":"problem","message":"we rarely understand our significant others","timestamp":"2022-03-10T10:12:32.856Z"}
{"level":"is","message":"we can think more about what softwares are available as a service, and then aim to create tools that will help us easily maintain that service","timestamp":"2022-03-10T10:12:32.857Z"}
{"level":"step","message":"identify tools that people pay for in order to use a specific service","timestamp":"2022-03-10T10:12:32.857Z"}
{"level":"problem","message":"you should really start deploying tomorrow so you can create cool things, i like the script that you made today, that was really great","timestamp":"2022-03-10T10:12:32.857Z"}
