{"level":"done","message":"test clean post object","timestamp":"2022-03-13T02:03:12.919Z"}
{"level":"done","message":"test clean post object","timestamp":"2022-03-13T02:03:13.306Z"}
{"level":"is","message":"test","timestamp":"2022-03-13T02:03:13.309Z"}
{"level":"is","message":"true","timestamp":"2022-03-13T02:03:13.311Z"}
{"level":"is","message":"2022-03-13T02:03:13.313Z","timestamp":"2022-03-13T02:03:13.313Z"}
{"level":"is","message":"2020-02-02","timestamp":"2022-03-13T02:03:13.315Z"}
{"level":"is","message":"3","timestamp":"2022-03-13T02:03:13.318Z"}
{"level":"done","message":"TEST: cleanUpdateObject.js","timestamp":"2022-03-13T02:03:13.453Z"}
{"level":"done","message":"TEST: get one and get all","timestamp":"2022-03-13T02:03:13.470Z"}
{"level":"is","message":"date","timestamp":"2022-03-13T02:03:13.508Z"}
{"level":"is","message":"date","timestamp":"2022-03-13T02:03:13.509Z"}
{"level":"is","message":"number","timestamp":"2022-03-13T02:03:13.529Z"}
{"level":"is","message":"number","timestamp":"2022-03-13T02:03:13.529Z"}
{"level":"is","message":"date","timestamp":"2022-03-13T02:03:13.530Z"}
{"level":"is","message":"date","timestamp":"2022-03-13T02:03:13.531Z"}
{"level":"is","message":"date","timestamp":"2022-03-13T02:03:13.532Z"}
{"level":"is","message":"date","timestamp":"2022-03-13T02:03:13.532Z"}
{"level":"is","message":"date","timestamp":"2022-03-13T02:03:13.533Z"}
{"level":"is","message":"date","timestamp":"2022-03-13T02:03:13.534Z"}
{"level":"is","message":{"edit":"2022-03-13T02:03:12.901Z","end":"2022-12-11T16:00:00.000Z","seconds":3,"start":"2022-03-13T02:03:12.901Z"},"timestamp":"2022-03-13T02:03:13.535Z"}
{"level":"is","message":"string","timestamp":"2022-03-13T02:03:13.541Z"}
{"level":"is","message":"date","timestamp":"2022-03-13T02:03:13.542Z"}
{"level":"problem","message":"the two types dont match","timestamp":"2022-03-13T02:03:13.542Z"}
{"level":"step","message":"if there are not callbacks","timestamp":"2022-03-13T02:03:13.542Z"}
{"level":"is","message":"date","timestamp":"2022-03-13T02:03:13.543Z"}
{"level":"is","message":"date","timestamp":"2022-03-13T02:03:13.544Z"}
{"level":"is","message":"string","timestamp":"2022-03-13T02:03:13.549Z"}
{"level":"is","message":"date","timestamp":"2022-03-13T02:03:13.549Z"}
{"level":"problem","message":"the two types dont match","timestamp":"2022-03-13T02:03:13.549Z"}
{"level":"step","message":"if there are not callbacks","timestamp":"2022-03-13T02:03:13.550Z"}
{"level":"is","message":{"edit":"2020-12-14T16:00:00.000Z"},"timestamp":"2022-03-13T02:03:13.551Z"}
{"level":"is","message":"string","timestamp":"2022-03-13T02:03:13.557Z"}
{"level":"is","message":"string","timestamp":"2022-03-13T02:03:13.558Z"}
{"level":"is","message":"number","timestamp":"2022-03-13T02:03:13.558Z"}
{"level":"is","message":"number","timestamp":"2022-03-13T02:03:13.558Z"}
{"level":"is","message":"number","timestamp":"2022-03-13T02:03:13.559Z"}
{"level":"is","message":"number","timestamp":"2022-03-13T02:03:13.559Z"}
{"level":"is","message":{"difficulty":3,"importance":1,"status":"to do"},"timestamp":"2022-03-13T02:03:13.560Z"}
{"level":"is","message":"boolean","timestamp":"2022-03-13T02:03:13.562Z"}
{"level":"is","message":"boolean","timestamp":"2022-03-13T02:03:13.562Z"}
{"level":"is","message":"string","timestamp":"2022-03-13T02:03:13.563Z"}
{"level":"is","message":"string","timestamp":"2022-03-13T02:03:13.563Z"}
{"level":"is","message":"number","timestamp":"2022-03-13T02:03:13.564Z"}
{"level":"is","message":"number","timestamp":"2022-03-13T02:03:13.564Z"}
{"level":"is","message":"number","timestamp":"2022-03-13T02:03:13.565Z"}
{"level":"is","message":"number","timestamp":"2022-03-13T02:03:13.565Z"}
{"level":"is","message":{"difficulty":3,"importance":1,"public":true,"status":"to do"},"timestamp":"2022-03-13T02:03:13.566Z"}
{"level":"is","message":"string","timestamp":"2022-03-13T02:03:13.569Z"}
{"level":"is","message":"string","timestamp":"2022-03-13T02:03:13.569Z"}
{"level":"is","message":"number","timestamp":"2022-03-13T02:03:13.570Z"}
{"level":"is","message":"number","timestamp":"2022-03-13T02:03:13.570Z"}
{"level":"is","message":"number","timestamp":"2022-03-13T02:03:13.571Z"}
{"level":"is","message":"number","timestamp":"2022-03-13T02:03:13.571Z"}
{"level":"is","message":"date","timestamp":"2022-03-13T02:03:13.576Z"}
{"level":"is","message":"date","timestamp":"2022-03-13T02:03:13.576Z"}
{"level":"done","message":"TEST: delete passes","timestamp":"2022-03-13T02:03:13.579Z"}
{"level":"is","message":"string","timestamp":"2022-03-13T02:03:13.581Z"}
{"level":"is","message":"string","timestamp":"2022-03-13T02:03:13.582Z"}
{"level":"is","message":"string","timestamp":"2022-03-13T02:03:13.583Z"}
{"level":"is","message":"number","timestamp":"2022-03-13T02:03:13.583Z"}
{"level":"problem","message":"the two types dont match","timestamp":"2022-03-13T02:03:13.584Z"}
{"level":"step","message":"if there are not callbacks","timestamp":"2022-03-13T02:03:13.584Z"}
{"level":"is","message":{"importance":1,"status":"to do"},"timestamp":"2022-03-13T02:03:13.585Z"}
{"level":"is","message":"number","timestamp":"2022-03-13T02:03:13.588Z"}
{"level":"is","message":"number","timestamp":"2022-03-13T02:03:13.588Z"}
{"level":"is","message":"string","timestamp":"2022-03-13T02:03:13.589Z"}
{"level":"is","message":"number","timestamp":"2022-03-13T02:03:13.590Z"}
{"level":"problem","message":"the two types dont match","timestamp":"2022-03-13T02:03:13.590Z"}
{"level":"step","message":"if there are not callbacks","timestamp":"2022-03-13T02:03:13.590Z"}
{"level":"is","message":"string","timestamp":"2022-03-13T02:03:13.591Z"}
{"level":"is","message":"boolean","timestamp":"2022-03-13T02:03:13.591Z"}
{"level":"problem","message":"the two types dont match","timestamp":"2022-03-13T02:03:13.592Z"}
{"level":"step","message":"if there are not callbacks","timestamp":"2022-03-13T02:03:13.592Z"}
{"level":"is","message":"string","timestamp":"2022-03-13T02:03:13.592Z"}
{"level":"is","message":"string","timestamp":"2022-03-13T02:03:13.593Z"}
{"level":"is","message":"string","timestamp":"2022-03-13T02:03:13.593Z"}
{"level":"is","message":"number","timestamp":"2022-03-13T02:03:13.593Z"}
{"level":"problem","message":"the two types dont match","timestamp":"2022-03-13T02:03:13.593Z"}
{"level":"step","message":"if there are not callbacks","timestamp":"2022-03-13T02:03:13.593Z"}
{"level":"is","message":"string","timestamp":"2022-03-13T02:03:13.594Z"}
{"level":"is","message":"number","timestamp":"2022-03-13T02:03:13.595Z"}
{"level":"problem","message":"the two types dont match","timestamp":"2022-03-13T02:03:13.595Z"}
{"level":"step","message":"if there are not callbacks","timestamp":"2022-03-13T02:03:13.595Z"}
{"level":"is","message":"date","timestamp":"2022-03-13T02:03:13.597Z"}
{"level":"is","message":"date","timestamp":"2022-03-13T02:03:13.598Z"}
{"level":"is","message":{"difficulty":3,"importance":3,"public":true,"start":"2021-12-07T16:00:00.000Z","status":"to do","user_id":4},"timestamp":"2022-03-13T02:03:13.599Z"}
{"level":"is","message":"string","timestamp":"2022-03-13T02:03:13.601Z"}
{"level":"is","message":"number","timestamp":"2022-03-13T02:03:13.601Z"}
{"level":"problem","message":"the two types dont match","timestamp":"2022-03-13T02:03:13.602Z"}
{"level":"step","message":"if there are not callbacks","timestamp":"2022-03-13T02:03:13.602Z"}
{"level":"is","message":"string","timestamp":"2022-03-13T02:03:13.603Z"}
{"level":"is","message":"number","timestamp":"2022-03-13T02:03:13.603Z"}
{"level":"problem","message":"the two types dont match","timestamp":"2022-03-13T02:03:13.604Z"}
{"level":"step","message":"if there are not callbacks","timestamp":"2022-03-13T02:03:13.604Z"}
{"level":"is","message":"string","timestamp":"2022-03-13T02:03:13.605Z"}
{"level":"is","message":"boolean","timestamp":"2022-03-13T02:03:13.605Z"}
{"level":"problem","message":"the two types dont match","timestamp":"2022-03-13T02:03:13.606Z"}
{"level":"step","message":"if there are not callbacks","timestamp":"2022-03-13T02:03:13.606Z"}
{"level":"is","message":"string","timestamp":"2022-03-13T02:03:13.607Z"}
{"level":"is","message":"string","timestamp":"2022-03-13T02:03:13.607Z"}
{"level":"is","message":"string","timestamp":"2022-03-13T02:03:13.608Z"}
{"level":"is","message":"number","timestamp":"2022-03-13T02:03:13.608Z"}
{"level":"problem","message":"the two types dont match","timestamp":"2022-03-13T02:03:13.609Z"}
{"level":"step","message":"if there are not callbacks","timestamp":"2022-03-13T02:03:13.609Z"}
{"level":"is","message":"string","timestamp":"2022-03-13T02:03:13.610Z"}
{"level":"is","message":"number","timestamp":"2022-03-13T02:03:13.610Z"}
{"level":"problem","message":"the two types dont match","timestamp":"2022-03-13T02:03:13.610Z"}
{"level":"step","message":"if there are not callbacks","timestamp":"2022-03-13T02:03:13.611Z"}
{"level":"is","message":"date","timestamp":"2022-03-13T02:03:13.612Z"}
{"level":"is","message":"date","timestamp":"2022-03-13T02:03:13.612Z"}
{"level":"is","message":"date","timestamp":"2022-03-13T02:03:13.613Z"}
{"level":"is","message":"date","timestamp":"2022-03-13T02:03:13.613Z"}
{"level":"is","message":"date","timestamp":"2022-03-13T02:03:13.614Z"}
{"level":"is","message":"date","timestamp":"2022-03-13T02:03:13.615Z"}
{"level":"is","message":{"difficulty":3,"edit":"2020-12-21T16:00:00.000Z","end":"2020-12-21T16:00:00.000Z","importance":1,"public":true,"start":"2022-03-13T02:03:12.901Z","status":"to do"},"timestamp":"2022-03-13T02:03:13.616Z"}
{"level":"is","message":"string","timestamp":"2022-03-13T02:03:13.617Z"}
{"level":"is","message":"string","timestamp":"2022-03-13T02:03:13.618Z"}
{"level":"is","message":"string","timestamp":"2022-03-13T02:03:13.619Z"}
{"level":"is","message":"number","timestamp":"2022-03-13T02:03:13.619Z"}
{"level":"problem","message":"the two types dont match","timestamp":"2022-03-13T02:03:13.619Z"}
{"level":"step","message":"if there are not callbacks","timestamp":"2022-03-13T02:03:13.620Z"}
{"level":"is","message":{"importance":1,"status":"to do"},"timestamp":"2022-03-13T02:03:13.621Z"}
{"level":"is","message":"string","timestamp":"2022-03-13T02:03:13.623Z"}
{"level":"is","message":"number","timestamp":"2022-03-13T02:03:13.623Z"}
{"level":"problem","message":"the two types dont match","timestamp":"2022-03-13T02:03:13.623Z"}
{"level":"step","message":"if there are not callbacks","timestamp":"2022-03-13T02:03:13.623Z"}
{"level":"is","message":"string","timestamp":"2022-03-13T02:03:13.624Z"}
{"level":"is","message":"number","timestamp":"2022-03-13T02:03:13.625Z"}
{"level":"problem","message":"the two types dont match","timestamp":"2022-03-13T02:03:13.625Z"}
{"level":"step","message":"if there are not callbacks","timestamp":"2022-03-13T02:03:13.625Z"}
{"level":"is","message":"string","timestamp":"2022-03-13T02:03:13.626Z"}
{"level":"is","message":"boolean","timestamp":"2022-03-13T02:03:13.627Z"}
{"level":"problem","message":"the two types dont match","timestamp":"2022-03-13T02:03:13.627Z"}
{"level":"step","message":"if there are not callbacks","timestamp":"2022-03-13T02:03:13.627Z"}
{"level":"is","message":"string","timestamp":"2022-03-13T02:03:13.628Z"}
{"level":"is","message":"string","timestamp":"2022-03-13T02:03:13.628Z"}
{"level":"is","message":"string","timestamp":"2022-03-13T02:03:13.629Z"}
{"level":"is","message":"number","timestamp":"2022-03-13T02:03:13.629Z"}
{"level":"problem","message":"the two types dont match","timestamp":"2022-03-13T02:03:13.630Z"}
{"level":"step","message":"if there are not callbacks","timestamp":"2022-03-13T02:03:13.630Z"}
{"level":"is","message":"string","timestamp":"2022-03-13T02:03:13.631Z"}
{"level":"is","message":"number","timestamp":"2022-03-13T02:03:13.631Z"}
{"level":"problem","message":"the two types dont match","timestamp":"2022-03-13T02:03:13.631Z"}
{"level":"step","message":"if there are not callbacks","timestamp":"2022-03-13T02:03:13.632Z"}
{"level":"is","message":"date","timestamp":"2022-03-13T02:03:13.633Z"}
{"level":"is","message":"date","timestamp":"2022-03-13T02:03:13.633Z"}
{"level":"is","message":"date","timestamp":"2022-03-13T02:03:13.634Z"}
{"level":"is","message":"date","timestamp":"2022-03-13T02:03:13.634Z"}
{"level":"is","message":"date","timestamp":"2022-03-13T02:03:13.635Z"}
{"level":"is","message":"date","timestamp":"2022-03-13T02:03:13.635Z"}
{"level":"is","message":{"difficulty":3,"edit":"2020-12-21T16:00:00.000Z","end":"2020-12-21T16:00:00.000Z","importance":1,"public":true,"start":"2022-03-13T02:03:12.901Z","status":"to do"},"timestamp":"2022-03-13T02:03:13.636Z"}
{"level":"is","message":"number","timestamp":"2022-03-13T02:03:13.639Z"}
{"level":"is","message":"number","timestamp":"2022-03-13T02:03:13.639Z"}
{"level":"is","message":"string","timestamp":"2022-03-13T02:03:13.640Z"}
{"level":"is","message":"string","timestamp":"2022-03-13T02:03:13.640Z"}
{"level":"is","message":{"seconds":20,"status":"doing"},"timestamp":"2022-03-13T02:03:13.641Z"}
{"level":"is","message":"number","timestamp":"2022-03-13T02:03:13.645Z"}
{"level":"is","message":"number","timestamp":"2022-03-13T02:03:13.645Z"}
{"level":"is","message":"number","timestamp":"2022-03-13T02:03:13.646Z"}
{"level":"is","message":"number","timestamp":"2022-03-13T02:03:13.646Z"}
{"level":"is","message":"string","timestamp":"2022-03-13T02:03:13.647Z"}
{"level":"is","message":"number","timestamp":"2022-03-13T02:03:13.648Z"}
{"level":"problem","message":"the two types dont match","timestamp":"2022-03-13T02:03:13.648Z"}
{"level":"step","message":"if there are not callbacks","timestamp":"2022-03-13T02:03:13.648Z"}
{"level":"is","message":{"importance":2,"seconds":20,"user_id":1},"timestamp":"2022-03-13T02:03:13.649Z"}
{"level":"is","message":"number","timestamp":"2022-03-13T02:03:13.653Z"}
{"level":"is","message":"number","timestamp":"2022-03-13T02:03:13.653Z"}
{"level":"is","message":"date","timestamp":"2022-03-13T02:03:13.654Z"}
{"level":"is","message":"date","timestamp":"2022-03-13T02:03:13.654Z"}
{"level":"is","message":"number","timestamp":"2022-03-13T02:03:13.661Z"}
{"level":"is","message":"number","timestamp":"2022-03-13T02:03:13.661Z"}
{"level":"is","message":"string","timestamp":"2022-03-13T02:03:13.662Z"}
{"level":"is","message":"string","timestamp":"2022-03-13T02:03:13.662Z"}
{"level":"is","message":{"seconds":20,"status":"doing"},"timestamp":"2022-03-13T02:03:13.663Z"}
{"level":"problem","message":{"difficulty":3,"importance":1,"status":"to do"},"timestamp":"2022-03-13T02:03:13.667Z"}
{"level":"is","message":{"created":"2022-01-24T19:57:27.001Z","difficulty":3,"id":5,"importance":1,"status":"to do","user_id":4},"timestamp":"2022-03-13T02:03:13.668Z"}
{"level":"is","message":"string","timestamp":"2022-03-13T02:03:13.672Z"}
{"level":"is","message":"number","timestamp":"2022-03-13T02:03:13.672Z"}
{"level":"problem","message":"the two types dont match","timestamp":"2022-03-13T02:03:13.672Z"}
{"level":"step","message":"if there are not callbacks","timestamp":"2022-03-13T02:03:13.673Z"}
{"level":"is","message":"string","timestamp":"2022-03-13T02:03:13.674Z"}
{"level":"is","message":"number","timestamp":"2022-03-13T02:03:13.674Z"}
{"level":"problem","message":"the two types dont match","timestamp":"2022-03-13T02:03:13.674Z"}
{"level":"step","message":"if there are not callbacks","timestamp":"2022-03-13T02:03:13.674Z"}
{"level":"is","message":"string","timestamp":"2022-03-13T02:03:13.675Z"}
{"level":"is","message":"boolean","timestamp":"2022-03-13T02:03:13.676Z"}
{"level":"problem","message":"the two types dont match","timestamp":"2022-03-13T02:03:13.676Z"}
{"level":"step","message":"if there are not callbacks","timestamp":"2022-03-13T02:03:13.676Z"}
{"level":"is","message":"string","timestamp":"2022-03-13T02:03:13.677Z"}
{"level":"is","message":"string","timestamp":"2022-03-13T02:03:13.677Z"}
{"level":"is","message":"string","timestamp":"2022-03-13T02:03:13.678Z"}
{"level":"is","message":"number","timestamp":"2022-03-13T02:03:13.678Z"}
{"level":"problem","message":"the two types dont match","timestamp":"2022-03-13T02:03:13.679Z"}
{"level":"step","message":"if there are not callbacks","timestamp":"2022-03-13T02:03:13.679Z"}
{"level":"is","message":"string","timestamp":"2022-03-13T02:03:13.680Z"}
{"level":"is","message":"number","timestamp":"2022-03-13T02:03:13.680Z"}
{"level":"problem","message":"the two types dont match","timestamp":"2022-03-13T02:03:13.680Z"}
{"level":"step","message":"if there are not callbacks","timestamp":"2022-03-13T02:03:13.681Z"}
{"level":"is","message":"date","timestamp":"2022-03-13T02:03:13.682Z"}
{"level":"is","message":"date","timestamp":"2022-03-13T02:03:13.682Z"}
{"level":"is","message":"date","timestamp":"2022-03-13T02:03:13.683Z"}
{"level":"is","message":"date","timestamp":"2022-03-13T02:03:13.683Z"}
{"level":"is","message":"date","timestamp":"2022-03-13T02:03:13.684Z"}
{"level":"is","message":"date","timestamp":"2022-03-13T02:03:13.684Z"}
{"level":"is","message":{"difficulty":3,"edit":"2020-12-21T16:00:00.000Z","end":"2020-12-21T16:00:00.000Z","importance":1,"public":true,"start":"2022-03-13T02:03:12.901Z","status":"to do"},"timestamp":"2022-03-13T02:03:13.685Z"}
{"level":"is","message":"string","timestamp":"2022-03-13T02:03:13.688Z"}
{"level":"is","message":"number","timestamp":"2022-03-13T02:03:13.689Z"}
{"level":"problem","message":"the two types dont match","timestamp":"2022-03-13T02:03:13.689Z"}
{"level":"step","message":"if there are not callbacks","timestamp":"2022-03-13T02:03:13.689Z"}
{"level":"is","message":"string","timestamp":"2022-03-13T02:03:13.690Z"}
{"level":"is","message":"number","timestamp":"2022-03-13T02:03:13.690Z"}
{"level":"problem","message":"the two types dont match","timestamp":"2022-03-13T02:03:13.691Z"}
{"level":"step","message":"if there are not callbacks","timestamp":"2022-03-13T02:03:13.691Z"}
{"level":"is","message":"string","timestamp":"2022-03-13T02:03:13.692Z"}
{"level":"is","message":"boolean","timestamp":"2022-03-13T02:03:13.692Z"}
{"level":"problem","message":"the two types dont match","timestamp":"2022-03-13T02:03:13.692Z"}
{"level":"step","message":"if there are not callbacks","timestamp":"2022-03-13T02:03:13.693Z"}
{"level":"is","message":"string","timestamp":"2022-03-13T02:03:13.693Z"}
{"level":"is","message":"string","timestamp":"2022-03-13T02:03:13.694Z"}
{"level":"is","message":"string","timestamp":"2022-03-13T02:03:13.694Z"}
{"level":"is","message":"number","timestamp":"2022-03-13T02:03:13.695Z"}
{"level":"problem","message":"the two types dont match","timestamp":"2022-03-13T02:03:13.695Z"}
{"level":"step","message":"if there are not callbacks","timestamp":"2022-03-13T02:03:13.695Z"}
{"level":"is","message":"string","timestamp":"2022-03-13T02:03:13.697Z"}
{"level":"is","message":"number","timestamp":"2022-03-13T02:03:13.697Z"}
{"level":"problem","message":"the two types dont match","timestamp":"2022-03-13T02:03:13.697Z"}
{"level":"step","message":"if there are not callbacks","timestamp":"2022-03-13T02:03:13.698Z"}
{"level":"is","message":"date","timestamp":"2022-03-13T02:03:13.699Z"}
{"level":"is","message":"date","timestamp":"2022-03-13T02:03:13.700Z"}
{"level":"is","message":"date","timestamp":"2022-03-13T02:03:13.701Z"}
{"level":"is","message":"date","timestamp":"2022-03-13T02:03:13.701Z"}
{"level":"is","message":"date","timestamp":"2022-03-13T02:03:13.703Z"}
{"level":"is","message":"date","timestamp":"2022-03-13T02:03:13.703Z"}
{"level":"is","message":{"difficulty":3,"edit":"2020-12-21T16:00:00.000Z","end":"2020-12-21T16:00:00.000Z","importance":1,"public":true,"start":"2022-03-13T02:03:12.901Z","status":"to do"},"timestamp":"2022-03-13T02:03:13.704Z"}
{"level":"is","message":"boolean","timestamp":"2022-03-13T02:03:13.706Z"}
{"level":"is","message":"boolean","timestamp":"2022-03-13T02:03:13.706Z"}
{"level":"is","message":"string","timestamp":"2022-03-13T02:03:13.706Z"}
{"level":"is","message":"string","timestamp":"2022-03-13T02:03:13.707Z"}
{"level":"is","message":"number","timestamp":"2022-03-13T02:03:13.708Z"}
{"level":"is","message":"number","timestamp":"2022-03-13T02:03:13.708Z"}
{"level":"is","message":"number","timestamp":"2022-03-13T02:03:13.708Z"}
{"level":"is","message":"number","timestamp":"2022-03-13T02:03:13.709Z"}
{"level":"is","message":{"difficulty":3,"importance":1,"public":true,"status":"to do"},"timestamp":"2022-03-13T02:03:13.710Z"}
{"level":"is","message":"string","timestamp":"2022-03-13T02:03:13.711Z"}
{"level":"is","message":"date","timestamp":"2022-03-13T02:03:13.711Z"}
{"level":"problem","message":"the two types dont match","timestamp":"2022-03-13T02:03:13.712Z"}
{"level":"step","message":"if there are not callbacks","timestamp":"2022-03-13T02:03:13.712Z"}
{"level":"is","message":"date","timestamp":"2022-03-13T02:03:13.713Z"}
{"level":"is","message":"date","timestamp":"2022-03-13T02:03:13.713Z"}
{"level":"is","message":"string","timestamp":"2022-03-13T02:03:13.714Z"}
{"level":"is","message":"date","timestamp":"2022-03-13T02:03:13.714Z"}
{"level":"problem","message":"the two types dont match","timestamp":"2022-03-13T02:03:13.715Z"}
{"level":"step","message":"if there are not callbacks","timestamp":"2022-03-13T02:03:13.715Z"}
{"level":"is","message":{"edit":"2020-12-14T16:00:00.000Z"},"timestamp":"2022-03-13T02:03:13.716Z"}
{"level":"is","message":"number","timestamp":"2022-03-13T02:03:13.717Z"}
{"level":"is","message":"number","timestamp":"2022-03-13T02:03:13.718Z"}
{"level":"is","message":"string","timestamp":"2022-03-13T02:03:13.718Z"}
{"level":"is","message":"number","timestamp":"2022-03-13T02:03:13.719Z"}
{"level":"problem","message":"the two types dont match","timestamp":"2022-03-13T02:03:13.719Z"}
{"level":"step","message":"if there are not callbacks","timestamp":"2022-03-13T02:03:13.719Z"}
{"level":"is","message":"string","timestamp":"2022-03-13T02:03:13.720Z"}
{"level":"is","message":"boolean","timestamp":"2022-03-13T02:03:13.721Z"}
{"level":"problem","message":"the two types dont match","timestamp":"2022-03-13T02:03:13.721Z"}
{"level":"step","message":"if there are not callbacks","timestamp":"2022-03-13T02:03:13.721Z"}
{"level":"is","message":"string","timestamp":"2022-03-13T02:03:13.722Z"}
{"level":"is","message":"string","timestamp":"2022-03-13T02:03:13.722Z"}
{"level":"is","message":"string","timestamp":"2022-03-13T02:03:13.723Z"}
{"level":"is","message":"number","timestamp":"2022-03-13T02:03:13.723Z"}
{"level":"problem","message":"the two types dont match","timestamp":"2022-03-13T02:03:13.723Z"}
{"level":"step","message":"if there are not callbacks","timestamp":"2022-03-13T02:03:13.724Z"}
{"level":"is","message":"string","timestamp":"2022-03-13T02:03:13.724Z"}
{"level":"is","message":"number","timestamp":"2022-03-13T02:03:13.725Z"}
{"level":"problem","message":"the two types dont match","timestamp":"2022-03-13T02:03:13.725Z"}
{"level":"step","message":"if there are not callbacks","timestamp":"2022-03-13T02:03:13.725Z"}
{"level":"is","message":"date","timestamp":"2022-03-13T02:03:13.726Z"}
{"level":"is","message":"date","timestamp":"2022-03-13T02:03:13.727Z"}
{"level":"is","message":{"difficulty":3,"importance":3,"public":true,"start":"2021-12-07T16:00:00.000Z","status":"to do","user_id":4},"timestamp":"2022-03-13T02:03:13.727Z"}
{"level":"is","message":"number","timestamp":"2022-03-13T02:03:13.729Z"}
{"level":"is","message":"number","timestamp":"2022-03-13T02:03:13.729Z"}
{"level":"is","message":"number","timestamp":"2022-03-13T02:03:13.732Z"}
{"level":"is","message":"number","timestamp":"2022-03-13T02:03:13.732Z"}
{"level":"is","message":"string","timestamp":"2022-03-13T02:03:13.733Z"}
{"level":"is","message":"number","timestamp":"2022-03-13T02:03:13.733Z"}
{"level":"problem","message":"the two types dont match","timestamp":"2022-03-13T02:03:13.733Z"}
{"level":"step","message":"if there are not callbacks","timestamp":"2022-03-13T02:03:13.734Z"}
{"level":"is","message":{"importance":2,"seconds":20,"user_id":1},"timestamp":"2022-03-13T02:03:13.734Z"}
{"level":"is","message":"number","timestamp":"2022-03-13T02:03:13.736Z"}
{"level":"is","message":"number","timestamp":"2022-03-13T02:03:13.736Z"}
{"level":"is","message":"string","timestamp":"2022-03-13T02:03:13.737Z"}
{"level":"is","message":"string","timestamp":"2022-03-13T02:03:13.737Z"}
{"level":"is","message":"string","timestamp":"2022-03-13T02:03:13.739Z"}
{"level":"is","message":"string","timestamp":"2022-03-13T02:03:13.739Z"}
{"level":"is","message":"string","timestamp":"2022-03-13T02:03:13.740Z"}
{"level":"is","message":"number","timestamp":"2022-03-13T02:03:13.740Z"}
{"level":"problem","message":"the two types dont match","timestamp":"2022-03-13T02:03:13.740Z"}
{"level":"step","message":"if there are not callbacks","timestamp":"2022-03-13T02:03:13.740Z"}
{"level":"is","message":"string","timestamp":"2022-03-13T02:03:13.742Z"}
{"level":"is","message":"string","timestamp":"2022-03-13T02:03:13.742Z"}
{"level":"is","message":"number","timestamp":"2022-03-13T02:03:13.743Z"}
{"level":"is","message":"number","timestamp":"2022-03-13T02:03:13.743Z"}
{"level":"is","message":"number","timestamp":"2022-03-13T02:03:13.743Z"}
{"level":"is","message":"number","timestamp":"2022-03-13T02:03:13.743Z"}
{"level":"is","message":{"difficulty":3,"importance":1,"status":"to do"},"timestamp":"2022-03-13T02:03:13.744Z"}
{"level":"is","message":"number","timestamp":"2022-03-13T02:03:13.748Z"}
{"level":"is","message":"number","timestamp":"2022-03-13T02:03:13.748Z"}
{"level":"is","message":"date","timestamp":"2022-03-13T02:03:13.749Z"}
{"level":"is","message":"date","timestamp":"2022-03-13T02:03:13.749Z"}
{"level":"is","message":"date","timestamp":"2022-03-13T02:03:13.750Z"}
{"level":"is","message":"date","timestamp":"2022-03-13T02:03:13.750Z"}
{"level":"is","message":"date","timestamp":"2022-03-13T02:03:13.751Z"}
{"level":"is","message":"date","timestamp":"2022-03-13T02:03:13.751Z"}
{"level":"is","message":{"edit":"2022-03-13T02:03:12.901Z","end":"2022-12-11T16:00:00.000Z","seconds":3,"start":"2022-03-13T02:03:12.901Z"},"timestamp":"2022-03-13T02:03:13.752Z"}
{"created":"2022-03-13T02:03:13.510Z","id":402,"level":"done","message":"🚀 ~ file: basic.js ~ line 32 ~ testPostAndUpdate ~ testUpdate","start":"2012-02-01T16:00:00.000Z","timestamp":"2022-03-13T02:03:13.755Z"}
{"level":"problem","message":{"seconds":20,"status":"doing"},"timestamp":"2022-03-13T02:03:13.757Z"}
{"level":"is","message":{"created":"2022-01-24T19:57:26.876Z","id":3,"seconds":20,"status":"doing","user_id":4},"timestamp":"2022-03-13T02:03:13.758Z"}
{"level":"problem","message":{"importance":"high","status":"to do"},"timestamp":"2022-03-13T02:03:13.759Z"}
{"level":"is","message":{"created":"2022-01-24T19:57:26.938Z","id":4,"importance":1,"status":"to do","user_id":4},"timestamp":"2022-03-13T02:03:13.760Z"}
{"level":"is","message":"string","timestamp":"2022-03-13T02:03:13.762Z"}
{"level":"is","message":"number","timestamp":"2022-03-13T02:03:13.762Z"}
{"level":"problem","message":"the two types dont match","timestamp":"2022-03-13T02:03:13.762Z"}
{"level":"step","message":"if there are not callbacks","timestamp":"2022-03-13T02:03:13.763Z"}
{"level":"is","message":"string","timestamp":"2022-03-13T02:03:13.763Z"}
{"level":"is","message":"number","timestamp":"2022-03-13T02:03:13.764Z"}
{"level":"problem","message":"the two types dont match","timestamp":"2022-03-13T02:03:13.764Z"}
{"level":"step","message":"if there are not callbacks","timestamp":"2022-03-13T02:03:13.764Z"}
{"level":"is","message":"string","timestamp":"2022-03-13T02:03:13.765Z"}
{"level":"is","message":"boolean","timestamp":"2022-03-13T02:03:13.765Z"}
{"level":"problem","message":"the two types dont match","timestamp":"2022-03-13T02:03:13.765Z"}
{"level":"step","message":"if there are not callbacks","timestamp":"2022-03-13T02:03:13.766Z"}
{"level":"is","message":"string","timestamp":"2022-03-13T02:03:13.766Z"}
{"level":"is","message":"string","timestamp":"2022-03-13T02:03:13.767Z"}
{"level":"is","message":"string","timestamp":"2022-03-13T02:03:13.767Z"}
{"level":"is","message":"number","timestamp":"2022-03-13T02:03:13.767Z"}
{"level":"problem","message":"the two types dont match","timestamp":"2022-03-13T02:03:13.768Z"}
{"level":"step","message":"if there are not callbacks","timestamp":"2022-03-13T02:03:13.768Z"}
{"level":"is","message":"string","timestamp":"2022-03-13T02:03:13.769Z"}
{"level":"is","message":"number","timestamp":"2022-03-13T02:03:13.769Z"}
{"level":"problem","message":"the two types dont match","timestamp":"2022-03-13T02:03:13.769Z"}
{"level":"step","message":"if there are not callbacks","timestamp":"2022-03-13T02:03:13.770Z"}
{"level":"is","message":"date","timestamp":"2022-03-13T02:03:13.771Z"}
{"level":"is","message":"date","timestamp":"2022-03-13T02:03:13.771Z"}
{"level":"is","message":"date","timestamp":"2022-03-13T02:03:13.771Z"}
{"level":"is","message":"date","timestamp":"2022-03-13T02:03:13.772Z"}
{"level":"is","message":"date","timestamp":"2022-03-13T02:03:13.772Z"}
{"level":"is","message":"date","timestamp":"2022-03-13T02:03:13.772Z"}
{"level":"is","message":"number","timestamp":"2022-03-13T02:03:13.775Z"}
{"level":"is","message":"number","timestamp":"2022-03-13T02:03:13.775Z"}
{"level":"is","message":"date","timestamp":"2022-03-13T02:03:13.776Z"}
{"level":"is","message":"date","timestamp":"2022-03-13T02:03:13.776Z"}
{"level":"is","message":"date","timestamp":"2022-03-13T02:03:13.777Z"}
{"level":"is","message":"date","timestamp":"2022-03-13T02:03:13.777Z"}
{"level":"is","message":"date","timestamp":"2022-03-13T02:03:13.778Z"}
{"level":"is","message":"date","timestamp":"2022-03-13T02:03:13.778Z"}
{"level":"is","message":"string","timestamp":"2022-03-13T02:03:13.780Z"}
{"level":"is","message":"number","timestamp":"2022-03-13T02:03:13.781Z"}
{"level":"problem","message":"the two types dont match","timestamp":"2022-03-13T02:03:13.781Z"}
{"level":"step","message":"if there are not callbacks","timestamp":"2022-03-13T02:03:13.781Z"}
{"level":"is","message":"string","timestamp":"2022-03-13T02:03:13.782Z"}
{"level":"is","message":"number","timestamp":"2022-03-13T02:03:13.782Z"}
{"level":"problem","message":"the two types dont match","timestamp":"2022-03-13T02:03:13.782Z"}
{"level":"step","message":"if there are not callbacks","timestamp":"2022-03-13T02:03:13.783Z"}
{"level":"is","message":"string","timestamp":"2022-03-13T02:03:13.784Z"}
{"level":"is","message":"boolean","timestamp":"2022-03-13T02:03:13.784Z"}
{"level":"problem","message":"the two types dont match","timestamp":"2022-03-13T02:03:13.784Z"}
{"level":"step","message":"if there are not callbacks","timestamp":"2022-03-13T02:03:13.785Z"}
{"level":"is","message":"string","timestamp":"2022-03-13T02:03:13.785Z"}
{"level":"is","message":"string","timestamp":"2022-03-13T02:03:13.786Z"}
{"level":"is","message":"string","timestamp":"2022-03-13T02:03:13.786Z"}
{"level":"is","message":"number","timestamp":"2022-03-13T02:03:13.786Z"}
{"level":"problem","message":"the two types dont match","timestamp":"2022-03-13T02:03:13.787Z"}
{"level":"step","message":"if there are not callbacks","timestamp":"2022-03-13T02:03:13.787Z"}
{"level":"is","message":"string","timestamp":"2022-03-13T02:03:13.788Z"}
{"level":"is","message":"number","timestamp":"2022-03-13T02:03:13.788Z"}
{"level":"problem","message":"the two types dont match","timestamp":"2022-03-13T02:03:13.788Z"}
{"level":"step","message":"if there are not callbacks","timestamp":"2022-03-13T02:03:13.788Z"}
{"level":"is","message":"date","timestamp":"2022-03-13T02:03:13.789Z"}
{"level":"is","message":"date","timestamp":"2022-03-13T02:03:13.789Z"}
{"level":"is","message":"date","timestamp":"2022-03-13T02:03:13.790Z"}
{"level":"is","message":"date","timestamp":"2022-03-13T02:03:13.790Z"}
{"level":"is","message":"date","timestamp":"2022-03-13T02:03:13.791Z"}
{"level":"is","message":"date","timestamp":"2022-03-13T02:03:13.791Z"}
{"level":"is","message":"boolean","timestamp":"2022-03-13T02:03:13.794Z"}
{"level":"is","message":"boolean","timestamp":"2022-03-13T02:03:13.794Z"}
{"level":"is","message":"string","timestamp":"2022-03-13T02:03:13.795Z"}
{"level":"is","message":"string","timestamp":"2022-03-13T02:03:13.795Z"}
{"level":"is","message":"number","timestamp":"2022-03-13T02:03:13.795Z"}
{"level":"is","message":"number","timestamp":"2022-03-13T02:03:13.795Z"}
{"level":"is","message":"number","timestamp":"2022-03-13T02:03:13.796Z"}
{"level":"is","message":"number","timestamp":"2022-03-13T02:03:13.796Z"}
{"level":"problem","message":{"difficulty":"hard","edit":"2020-12-22","end":"2020-12-22","importance":"high","name":"hello","public":"public","seconds":"0","start":"2022-03-13T02:03:12.901Z","status":"to do","user_id":"4"},"timestamp":"2022-03-13T02:03:13.799Z"}
{"level":"is","message":{"created":"2022-01-24T19:57:27.149Z","difficulty":3,"edit":"2020-12-21T16:00:00.000Z","end":"2020-12-21T16:00:00.000Z","id":7,"importance":1,"public":true,"start":"2022-03-13T02:03:12.901Z","status":"to do","user_id":4},"timestamp":"2022-03-13T02:03:13.799Z"}
{"level":"is","message":"number","timestamp":"2022-03-13T02:03:13.800Z"}
{"level":"is","message":"number","timestamp":"2022-03-13T02:03:13.801Z"}
{"level":"is","message":"date","timestamp":"2022-03-13T02:03:13.801Z"}
{"level":"is","message":"date","timestamp":"2022-03-13T02:03:13.801Z"}
{"level":"is","message":"date","timestamp":"2022-03-13T02:03:13.802Z"}
{"level":"is","message":"date","timestamp":"2022-03-13T02:03:13.802Z"}
{"level":"is","message":"date","timestamp":"2022-03-13T02:03:13.802Z"}
{"level":"is","message":"date","timestamp":"2022-03-13T02:03:13.803Z"}
{"level":"problem","message":{"edit":"2022-03-13T02:03:12.901Z","end":"2022-12-12","name":"hi","seconds":3,"start":"2022-03-13T02:03:12.901Z"},"timestamp":"2022-03-13T02:03:13.804Z"}
{"level":"is","message":{"created":"2022-01-24T19:57:27.084Z","edit":"2022-03-13T02:03:12.901Z","end":"2022-12-11T16:00:00.000Z","id":6,"seconds":3,"start":"2022-03-13T02:03:12.901Z","user_id":4},"timestamp":"2022-03-13T02:03:13.804Z"}
{"level":"problem","message":{"difficulty":"hard","edit":"2020-12-22","end":"2020-12-22","importance":"high","name":"hello","public":"public","seconds":"0","start":"2022-03-13T02:03:12.901Z","status":"to do","user_id":"4"},"timestamp":"2022-03-13T02:03:13.805Z"}
{"level":"is","message":{"created":"2022-01-24T19:57:27.227Z","difficulty":3,"edit":"2020-12-21T16:00:00.000Z","end":"2020-12-21T16:00:00.000Z","id":8,"importance":1,"public":true,"start":"2022-03-13T02:03:12.901Z","status":"to do","user_id":4},"timestamp":"2022-03-13T02:03:13.805Z"}
{"level":"problem","message":{"difficulty":3,"importance":1,"public":true,"status":"to do"},"timestamp":"2022-03-13T02:03:13.806Z"}
{"level":"is","message":{"created":"2022-01-24T19:57:27.286Z","difficulty":3,"id":9,"importance":1,"public":true,"status":"to do","user_id":4},"timestamp":"2022-03-13T02:03:13.807Z"}
{"level":"is","message":"string","timestamp":"2022-03-13T02:03:13.808Z"}
{"level":"is","message":"date","timestamp":"2022-03-13T02:03:13.808Z"}
{"level":"problem","message":"the two types dont match","timestamp":"2022-03-13T02:03:13.809Z"}
{"level":"step","message":"if there are not callbacks","timestamp":"2022-03-13T02:03:13.809Z"}
{"level":"is","message":"date","timestamp":"2022-03-13T02:03:13.809Z"}
{"level":"is","message":"date","timestamp":"2022-03-13T02:03:13.809Z"}
{"level":"is","message":"string","timestamp":"2022-03-13T02:03:13.810Z"}
{"level":"is","message":"date","timestamp":"2022-03-13T02:03:13.810Z"}
{"level":"problem","message":"the two types dont match","timestamp":"2022-03-13T02:03:13.810Z"}
{"level":"step","message":"if there are not callbacks","timestamp":"2022-03-13T02:03:13.810Z"}
{"level":"is","message":"number","timestamp":"2022-03-13T02:03:13.812Z"}
{"level":"is","message":"number","timestamp":"2022-03-13T02:03:13.812Z"}
{"level":"is","message":"string","timestamp":"2022-03-13T02:03:13.813Z"}
{"level":"is","message":"number","timestamp":"2022-03-13T02:03:13.813Z"}
{"level":"problem","message":"the two types dont match","timestamp":"2022-03-13T02:03:13.813Z"}
{"level":"step","message":"if there are not callbacks","timestamp":"2022-03-13T02:03:13.813Z"}
{"level":"is","message":"string","timestamp":"2022-03-13T02:03:13.814Z"}
{"level":"is","message":"boolean","timestamp":"2022-03-13T02:03:13.814Z"}
{"level":"problem","message":"the two types dont match","timestamp":"2022-03-13T02:03:13.814Z"}
{"level":"step","message":"if there are not callbacks","timestamp":"2022-03-13T02:03:13.814Z"}
{"level":"is","message":"string","timestamp":"2022-03-13T02:03:13.815Z"}
{"level":"is","message":"string","timestamp":"2022-03-13T02:03:13.815Z"}
{"level":"is","message":"string","timestamp":"2022-03-13T02:03:13.815Z"}
{"level":"is","message":"number","timestamp":"2022-03-13T02:03:13.816Z"}
{"level":"problem","message":"the two types dont match","timestamp":"2022-03-13T02:03:13.816Z"}
{"level":"step","message":"if there are not callbacks","timestamp":"2022-03-13T02:03:13.816Z"}
{"level":"is","message":"string","timestamp":"2022-03-13T02:03:13.817Z"}
{"level":"is","message":"number","timestamp":"2022-03-13T02:03:13.817Z"}
{"level":"problem","message":"the two types dont match","timestamp":"2022-03-13T02:03:13.817Z"}
{"level":"step","message":"if there are not callbacks","timestamp":"2022-03-13T02:03:13.817Z"}
{"level":"is","message":"date","timestamp":"2022-03-13T02:03:13.818Z"}
{"level":"is","message":"date","timestamp":"2022-03-13T02:03:13.818Z"}
{"level":"problem","message":{"edit":"December 15 2020","end":"Dec 11, 2022","start":"Dec 11, 1994"},"timestamp":"2022-03-13T02:03:13.822Z"}
{"level":"is","message":{"created":"2022-01-24T19:57:27.343Z","edit":"2020-12-14T16:00:00.000Z","id":10,"user_id":4},"timestamp":"2022-03-13T02:03:13.822Z"}
{"level":"problem","message":{"cheatsheet_id":"4","difficulty":"hard","email":"","end":"","hourglass_id":10,"importance":"low","link":"www.google.com","name":"hi","problem_id":2,"public":"public","seconds":"9","start":"2021-12-08","status":"to do","task_id":"2","user_id":4,"whatshouldbe":"hi"},"timestamp":"2022-03-13T02:03:13.823Z"}
{"level":"is","message":{"created":"2022-01-24T19:57:27.401Z","difficulty":3,"id":11,"importance":3,"public":true,"start":"2021-12-07T16:00:00.000Z","status":"to do","user_id":4},"timestamp":"2022-03-13T02:03:13.823Z"}
{"level":"is","message":"string","timestamp":"2022-03-13T02:03:13.830Z"}
{"level":"is","message":"number","timestamp":"2022-03-13T02:03:13.831Z"}
{"level":"problem","message":"the two types dont match","timestamp":"2022-03-13T02:03:13.831Z"}
{"level":"step","message":"if there are not callbacks","timestamp":"2022-03-13T02:03:13.831Z"}
{"level":"is","message":"string","timestamp":"2022-03-13T02:03:13.831Z"}
{"level":"is","message":"number","timestamp":"2022-03-13T02:03:13.832Z"}
{"level":"problem","message":"the two types dont match","timestamp":"2022-03-13T02:03:13.832Z"}
{"level":"step","message":"if there are not callbacks","timestamp":"2022-03-13T02:03:13.832Z"}
{"level":"is","message":"string","timestamp":"2022-03-13T02:03:13.832Z"}
{"level":"is","message":"boolean","timestamp":"2022-03-13T02:03:13.833Z"}
{"level":"problem","message":"the two types dont match","timestamp":"2022-03-13T02:03:13.833Z"}
{"level":"step","message":"if there are not callbacks","timestamp":"2022-03-13T02:03:13.833Z"}
{"level":"is","message":"string","timestamp":"2022-03-13T02:03:13.834Z"}
{"level":"is","message":"string","timestamp":"2022-03-13T02:03:13.834Z"}
{"level":"is","message":"number","timestamp":"2022-03-13T02:03:13.834Z"}
{"level":"is","message":"number","timestamp":"2022-03-13T02:03:13.835Z"}
{"level":"is","message":"string","timestamp":"2022-03-13T02:03:13.837Z"}
{"level":"is","message":"number","timestamp":"2022-03-13T02:03:13.837Z"}
{"level":"problem","message":"the two types dont match","timestamp":"2022-03-13T02:03:13.837Z"}
{"level":"step","message":"if there are not callbacks","timestamp":"2022-03-13T02:03:13.837Z"}
{"level":"is","message":{"difficulty":2,"start":"2012-12-10T16:00:00.000Z"},"timestamp":"2022-03-13T02:03:13.838Z"}
{"level":"is","message":{"edit":"2022-03-13T02:03:13.656Z","end":"2022-12-11T16:00:00.000Z","seconds":3,"start":"2022-03-13T02:03:13.656Z"},"timestamp":"2022-03-13T02:03:13.838Z"}
{"level":"is","message":{"difficulty":3,"importance":2,"public":true,"status":"to do"},"timestamp":"2022-03-13T02:03:13.839Z"}
